20190408_100125 D:\DATA\DE\GDPR_output\GDPR_20190408_220125.log is created.
[INFO]:	Processing file: 065512_Z119085_20190408_193243.xml
[INFO]:	Processing file: 068564_Z103850_20190408_205844.xml
[INFO]:	Processing file: 070063_Z123427_20190408_212333.xml
[INFO]:	Processing file: 082070_Z126853_20190408_215413.xml
[INFO]:	Processing file: 100085_Z125209_20190408_194405.xml
[INFO]:	Processing file: 100411_Z127802_20190408_200742.xml
[INFO]:	Processing file: 100741_Z101283_20190408_194756.xml
[INFO]:	Processing file: 100980_Z124397_20190408_205949.xml
[INFO]:	Processing file: 101837_Z121493_20190408_204740.xml
[INFO]:	Processing file: 103460_Z101262_20190408_195704.xml
[INFO]:	Processing file: 103912_Z150651_20190408_194654.xml
[INFO]:	Processing file: 103934_Z128054_20190408_204616.xml
[INFO]:	Processing file: 104152_Z101901_20190408_200934.xml
[INFO]:	Processing file: 104520_Z121643_20190408_200027.xml
[INFO]:	Processing file: 104820_Z105444_20190408_204212.xml
[INFO]:	Processing file: 105032_Z111434_20190408_193319.xml
[INFO]:	Processing file: 106379_Z102092_20190408_200931.xml
[INFO]:	Processing file: 106417_Z112702_20190408_203712.xml
[INFO]:	Processing file: 106610_Z128569_20190408_212220.xml
[INFO]:	Processing file: 106658_Z113493_20190408_194837.xml
[INFO]:	Processing file: 106998_Z104802_20190408_201935.xml
[INFO]:	Processing file: 107322_Z101418_20190408_193856.xml
[INFO]:	Processing file: 108647_Z105592_20190408_193731.xml
[INFO]:	Processing file: 109903_Z126979_20190408_200357.xml
[INFO]:	Processing file: 109975_Z121653_20190408_214053.xml
[INFO]:	Processing file: 109996_Z104787_20190408_193630.xml
[INFO]:	Processing file: 110052_Z111739_20190408_214738.xml
[INFO]:	Processing file: 110095_Z101490_20190408_212155.xml
[INFO]:	Processing file: 110212_Z104946_20190408_193144.xml
[INFO]:	Processing file: 110223_Z105270_20190408_194128.xml
[INFO]:	Processing file: 111498_Z121816_20190408_194058.xml
[INFO]:	Processing file: 112689_Z106941_20190408_205414.xml
[INFO]:	Processing file: 113062_Z122934_20190408_200108.xml
[INFO]:	Processing file: 114680_Z104377_20190408_210003.xml
[INFO]:	Processing file: 115980_Z124703_20190408_194219.xml
[INFO]:	Processing file: 116681_Z100740_20190408_195651.xml
[INFO]:	Processing file: 116911_Z122517_20190408_210620.xml
[INFO]:	Processing file: 117549_Z113596_20190408_212529.xml
[INFO]:	Processing file: 117554_Z122172_20190408_204022.xml
[INFO]:	Processing file: 117821_Z122288_20190408_205326.xml
[INFO]:	Processing file: 118630_Z122263_20190408_193845.xml
[INFO]:	Processing file: 119486_Z129095_20190408_195353.xml
[INFO]:	Processing file: 119549_Z127300_20190408_194954.xml
[INFO]:	Processing file: 120282_Z105098_20190408_213059.xml
[INFO]:	Processing file: 120884_Z1200768_20190408_210941.xml
[INFO]:	Processing file: 121234_Z112457_20190408_202535.xml
[INFO]:	Processing file: 122640_Z150809_20190408_211406.xml
[INFO]:	Processing file: 123023_Z123306_20190408_203353.xml
[INFO]:	Processing file: 123912_Z110676_20190408_194117.xml
[INFO]:	Processing file: 124107_Z1200158_20190408_214036.xml
[INFO]:	Processing file: 124657_Z123343_20190408_213519.xml
[INFO]:	Processing file: 124933_Z122346_20190408_204454.xml
[INFO]:	Processing file: 125058_Z124519_20190408_195733.xml
[INFO]:	Processing file: 126212_Z121272_20190408_201140.xml
[INFO]:	Processing file: 128046_Z113696_20190408_210901.xml
[INFO]:	Processing file: 128126_Z126008_20190408_195511.xml
[INFO]:	Processing file: 128529_Z111244_20190408_200516.xml
[INFO]:	Processing file: 128529_Z111244_20190408_211349.xml
[INFO]:	Processing file: 130449_Z124610_20190408_201434.xml
[INFO]:	Processing file: 130981_Z103509_20190408_195755.xml
[INFO]:	Processing file: 130981_Z103509_20190408_200830.xml
[INFO]:	Processing file: 131905_Z101864_20190408_194741.xml
[INFO]:	Processing file: 132515_Z125896_20190408_195643.xml
[INFO]:	Processing file: 133120_Z126376_20190408_193201.xml
[INFO]:	Processing file: 133551_Z125773_20190408_195405.xml
[INFO]:	Processing file: 133636_Z122443_20190408_204752.xml
[INFO]:	Processing file: 133711_Z124393_20190408_195012.xml
[INFO]:	Processing file: 133790_Z125017_20190408_194041.xml
[INFO]:	Processing file: 133829_Z113225_20190408_202038.xml
[INFO]:	Processing file: 136080_Z124817_20190408_195225.xml
[INFO]:	Processing file: 136453_Z126400_20190408_210045.xml
[INFO]:	Processing file: 136467_Z107081_20190408_202230.xml
[INFO]:	Processing file: 136987_Z122094_20190408_200609.xml
[INFO]:	Processing file: 138560_Z124647_20190408_215524.xml
[INFO]:	Processing file: 138908_Z121878_20190408_203707.xml
[INFO]:	Processing file: 139086_Z129116_20190408_195525.xml
[INFO]:	Processing file: 139188_Z101939_20190408_195504.xml
[INFO]:	Processing file: 140718_Z119917_20190408_202535.xml
[INFO]:	Processing file: 141983_Z121613_20190408_201744.xml
[INFO]:	Processing file: 142919_Z104273_20190408_194819.xml
[INFO]:	Processing file: 143211_Z125069_20190408_195643.xml
[INFO]:	Processing file: 144095_Z122460_20190408_200918.xml
[INFO]:	Processing file: 144582_Z104642_20190408_212041.xml
[INFO]:	Processing file: 145839_Z1000116_20190408_201217.xml
[INFO]:	Processing file: 145936_Z110664_20190408_195650.xml
[INFO]:	Processing file: 147326_Z112611_20190408_204552.xml
[INFO]:	Processing file: 147830_Z121320_20190408_195710.xml
[INFO]:	Processing file: 148113_Z123239_20190408_200639.xml
[INFO]:	Processing file: 151101_Z101335_20190408_202303.xml
[INFO]:	Processing file: 151207_Z124496_20190408_212148.xml
[INFO]:	Processing file: 151314_Z113682_20190408_202632.xml
[INFO]:	Processing file: 151896_Z121558_20190408_202349.xml
[INFO]:	Processing file: 152136_Z101316_20190408_202802.xml
[INFO]:	Processing file: 153880_Z121737_20190408_205208.xml
[INFO]:	Processing file: 155222_Z127786_20190408_200736.xml
[INFO]:	Processing file: 155820_Z104550_20190408_194517.xml
[INFO]:	Processing file: 155945_Z105198_20190408_194830.xml
[INFO]:	Processing file: 156489_Z122910_20190408_193634.xml
[INFO]:	Processing file: 156765_Z129155_20190408_203053.xml
[INFO]:	Processing file: 157393_Z126016_20190408_202940.xml
[INFO]:	Processing file: 158532_Z104247_20190408_194224.xml
[INFO]:	Processing file: 158708_Z112341_20190408_201146.xml
[INFO]:	Processing file: 158711_Z121024_20190408_202051.xml
[INFO]:	Processing file: 159125_Z128436_20190408_200528.xml
[INFO]:	Processing file: 160253_Z112988_20190408_201251.xml
[INFO]:	Processing file: 160373_Z124449_20190408_203916.xml
[INFO]:	Processing file: 160826_Z101685_20190408_201055.xml
[INFO]:	Processing file: 161366_Z136027_20190408_215418.xml
[INFO]:	Processing file: 162212_Z101044_20190408_200115.xml
[INFO]:	Processing file: 162686_Z101014_20190408_214928.xml
[INFO]:	Processing file: 165091_Z127363_20190408_203530.xml
[INFO]:	Processing file: 165652_Z128444_20190408_211514.xml
[INFO]:	Processing file: 166326_Z127989_20190408_212848.xml
[INFO]:	Processing file: 166362_Z126436_20190408_201022.xml
[INFO]:	Processing file: 166726_Z124621_20190408_213651.xml
[INFO]:	Processing file: 167663_Z105266_20190408_203902.xml
[INFO]:	Processing file: 168059_Z125092_20190408_202026.xml
[INFO]:	Processing file: 169278_Z111822_20190408_210059.xml
[INFO]:	Processing file: 172152_Z104717_20190408_195139.xml
[INFO]:	Processing file: 172332_Z101542_20190408_212510.xml
[INFO]:	Processing file: 172482_Z128664_20190408_193150.xml
[INFO]:	Processing file: 172767_Z119243_20190408_213126.xml
[INFO]:	Processing file: 173280_Z119630_20190408_201626.xml
[INFO]:	Processing file: 176191_Z101702_20190408_211627.xml
[INFO]:	Processing file: 176387_Z125687_20190408_201130.xml
[INFO]:	Processing file: 176491_Z125606_20190408_195345.xml
[INFO]:	Processing file: 176560_Z103999_20190408_213830.xml
[INFO]:	Processing file: 178204_Z122549_20190408_194822.xml
[INFO]:	Processing file: 178215_Z122553_20190408_210442.xml
[INFO]:	Processing file: 179378_Z124609_20190408_202608.xml
[INFO]:	Processing file: 179445_Z126032_20190408_211641.xml
[INFO]:	Processing file: 179969_Z121907_20190408_194141.xml
[INFO]:	Processing file: 180063_Z111907_20190408_194121.xml
[INFO]:	Processing file: 180568_Z126629_20190408_195103.xml
[INFO]:	Processing file: 183924_Z104082_20190408_201142.xml
[INFO]:	Processing file: 184832_Z125923_20190408_213854.xml
[INFO]:	Processing file: 185413_Z111965_20190408_193218.xml
[INFO]:	Processing file: 186116_Z126529_20190408_211836.xml
[INFO]:	Processing file: 186476_Z104960_20190408_201342.xml
[INFO]:	Processing file: 187239_Z105410_20190408_212412.xml
[INFO]:	Processing file: 187820_Z115868_20190408_202904.xml
[INFO]:	Processing file: 188572_Z127279_20190408_195513.xml
[INFO]:	Processing file: 190325_Z104200_20190408_194946.xml
[INFO]:	Processing file: 190473_Z100830_20190408_201129.xml
[INFO]:	Processing file: 190728_Z127739_20190408_194904.xml
[INFO]:	Processing file: 191112_Z126525_20190408_201010.xml
[INFO]:	Processing file: 192424_Z150513_20190408_204855.xml
[INFO]:	Processing file: 193141_Z112070_20190408_203435.xml
[INFO]:	Processing file: 193708_Z150173_20190408_202356.xml
[INFO]:	Processing file: 194034_Z150340_20190408_204548.xml
[INFO]:	Processing file: 194042_Z125370_20190408_195219.xml
[INFO]:	Processing file: 194430_Z123019_20190408_210333.xml
[INFO]:	Processing file: 195126_Z104722_20190408_213410.xml
[INFO]:	Processing file: 195134_Z122903_20190408_204805.xml
[INFO]:	Processing file: 196347_Z126297_20190408_193925.xml
[INFO]:	Processing file: 196473_Z104738_20190408_204523.xml
[INFO]:	Processing file: 196807_Z105258_20190408_204003.xml
[INFO]:	Processing file: 197027_Z125186_20190408_195637.xml
[INFO]:	Processing file: 197118_Z121922_20190408_203233.xml
[INFO]:	Processing file: 197690_Z125038_20190408_200825.xml
[INFO]:	Processing file: 197697_Z112140_20190408_193209.xml
[INFO]:	Processing file: 198035_Z150077_20190408_194514.xml
[INFO]:	Processing file: 199206_Z150241_20190408_200201.xml
[INFO]:	Processing file: 199345_Z104504_20190408_194328.xml
[INFO]:	Processing file: 199751_Z150292_20190408_201536.xml
[INFO]:	Processing file: 199855_Z128290_20190408_202436.xml
[INFO]:	Processing file: 234104_Z128778_20190408_195700.xml
[INFO]:	Processing file: 241872_Z124653_20190408_204536.xml
[INFO]:	Processing file: 270577_Z111514_20190408_195434.xml
[INFO]:	Processing file: 318575_Z119112_20190408_201407.xml
[INFO]:	Processing file: 319097_Z105686_20190408_202832.xml
[INFO]:	Processing file: 319940_Z130753_20190408_195140.xml
[INFO]:	Processing file: 355682_Z100719_20190408_195921.xml
[INFO]:	Processing file: 359994_Z112962_20190408_195842.xml
[INFO]:	Processing file: 361899_Z122188_20190408_194730.xml
[INFO]:	Processing file: 365043_Z121758_20190408_210939.xml
[INFO]:	Processing file: 365126_Z101632_20190408_215057.xml
[INFO]:	Processing file: 365129_Z122213_20190408_194031.xml
[INFO]:	Processing file: 365144_Z126566_20190408_193502.xml
[INFO]:	Processing file: 365368_Z122726_20190408_215413.xml
[INFO]:	Processing file: 365417_Z110974_20190408_195251.xml
[INFO]:	Processing file: 414633_Z100874_20190408_195345.xml
[INFO]:	Processing file: 418940_Z113331_20190408_212612.xml
[INFO]:	Processing file: 427288_Z110618_20190408_202302.xml
[INFO]:	Processing file: 429403_Z131882_20190408_193633.xml
[INFO]:	Processing file: 434659_Z122352_20190408_195340.xml
[INFO]:	Processing file: 468277_Z113479_20190408_195520.xml
[INFO]:	Processing file: 485903_Z104791_20190408_194119.xml
[INFO]:	Processing file: 486113_Z122972_20190408_215417.xml
[INFO]:	Processing file: 486155_Z129057_20190408_200101.xml
[INFO]:	Processing file: 487084_Z124425_20190408_200445.xml
[INFO]:	Processing file: 487112_Z129740_20190408_194115.xml
[INFO]:	Processing file: 487646_Z104414_20190408_201730.xml
[INFO]:	Processing file: 488191_Z122819_20190408_194823.xml
[INFO]:	Processing file: 488708_Z128500_20190408_212932.xml
[INFO]:	Processing file: 488737_Z123253_20190408_202319.xml
[INFO]:	Processing file: 488785_Z115987_20190408_193601.xml
[INFO]:	Processing file: 489514_Z123953_20190408_214544.xml
[INFO]:	Processing file: 491647_Z126687_20190408_211933.xml
[INFO]:	Processing file: 491655_Z120697_20190408_202832.xml
[INFO]:	Processing file: 491823_Z100621_20190408_205904.xml
[INFO]:	Processing file: 492035_Z100967_20190408_194106.xml
[INFO]:	Processing file: 492066_Z122405_20190408_195815.xml
[INFO]:	Processing file: 492402_Z114814_20190408_201034.xml
[INFO]:	Processing file: 492579_Z105261_20190408_201359.xml
[INFO]:	Processing file: 492841_Z123879_20190408_195234.xml
[INFO]:	Processing file: 492921_Z112625_20190408_195841.xml
[INFO]:	Processing file: 492924_Z110452_20190408_215116.xml
[INFO]:	Processing file: 492950_Z104892_20190408_200031.xml
[INFO]:	Processing file: 493006_Z106973_20190408_194222.xml
[INFO]:	Processing file: 493298_Z114635_20190408_205446.xml
[INFO]:	Processing file: 493602_Z105764_20190408_210057.xml
[INFO]:	Processing file: 493734_Z123170_20190408_201234.xml
[INFO]:	Processing file: 493989_Z100151_20190408_202532.xml
[INFO]:	Processing file: 494126_Z121220_20190408_212948.xml
[INFO]:	Processing file: 494300_Z150180_20190408_214246.xml
[INFO]:	Processing file: 494333_Z122590_20190408_204243.xml
[INFO]:	Processing file: 494685_Z101762_20190408_210516.xml
[INFO]:	Processing file: 494969_Z113089_20190408_210132.xml
[INFO]:	Processing file: 495213_Z100019_20190408_194809.xml
[INFO]:	Processing file: 495298_Z125110_20190408_201520.xml
[INFO]:	Processing file: 495348_Z102251_20190408_202356.xml
[INFO]:	Processing file: 495378_Z150221_20190408_203359.xml
[INFO]:	Processing file: 495690_Z124547_20190408_200511.xml
[INFO]:	Processing file: 495821_Z105448_20190408_202112.xml
[INFO]:	Processing file: 495911_Z109690_20190408_215553.xml
[INFO]:	Processing file: 496802_Z125084_20190408_200230.xml
[INFO]:	Processing file: 496806_Z111819_20190408_200057.xml
[INFO]:	Processing file: 496871_Z105175_20190408_193659.xml
[INFO]:	Processing file: 496976_Z114808_20190408_193248.xml
[INFO]:	Processing file: 496976_Z114808_20190408_193649.xml
[INFO]:	Processing file: 497545_Z112037_20190408_201348.xml
[INFO]:	Processing file: 497556_Z127713_20190408_203556.xml
[INFO]:	Processing file: 497605_Z127227_20190408_194804.xml
[INFO]:	Processing file: 497769_Z128375_20190408_200033.xml
[INFO]:	Processing file: 497772_Z125490_20190408_204526.xml
[INFO]:	Processing file: 497796_Z136748_20190408_212026.xml
[INFO]:	Processing file: 497800_Z100949_20190408_200936.xml
[INFO]:	Processing file: 497869_Z126582_20190408_202713.xml
[INFO]:	Processing file: 497876_Z119943_20190408_200220.xml
[INFO]:	Processing file: 497880_Z113995_20190408_201048.xml
[INFO]:	Processing file: 498834_Z128917_20190408_195724.xml
[INFO]:	Processing file: 498857_Z127673_20190408_193518.xml
[INFO]:	Processing file: 499107_Z112225_20190408_195053.xml
[INFO]:	Processing file: 499246_Z114697_20190408_213426.xml
[INFO]:	Processing file: 499442_Z104158_20190408_201223.xml
[INFO]:	Processing file: 499502_Z124433_20190408_205324.xml
[INFO]:	Processing file: 499586_Z135668_20190408_193215.xml
[INFO]:	Processing file: 499637_Z135979_20190408_203030.xml
[INFO]:	Processing file: 502470_Z131290_20190408_194328.xml
[INFO]:	Processing file: 502628_Z105628_20190408_210716.xml
[INFO]:	Processing file: 502665_Z132167_20190408_204442.xml
[INFO]:	Processing file: 575224_Z105528_20190408_195829.xml
[INFO]:	Processing file: 575674_Z150882_20190408_202440.xml
[INFO]:	Processing file: 575905_Z104528_20190408_193107.xml
[INFO]:	Processing file: 575949_Z100102_20190408_210257.xml
[INFO]:	Processing file: 579081_Z113481_20190408_201109.xml
[INFO]:	Processing file: 581542_Z119911_20190408_194015.xml
[INFO]:	Processing file: 581576_Z128727_20190408_193548.xml
[INFO]:	Processing file: 582184_Z104490_20190408_212158.xml
[INFO]:	Processing file: 583581_Z128506_20190408_195911.xml
[INFO]:	Processing file: 583627_Z128636_20190408_194622.xml
[INFO]:	Processing file: 583809_Z125240_20190408_193025.xml
[INFO]:	Processing file: 584523_Z103507_20190408_202842.xml
[INFO]:	Processing file: 585091_Z136143_20190408_212646.xml
[INFO]:	Processing file: 585142_Z119648_20190408_204251.xml
[INFO]:	Processing file: 585142_Z119648_20190408_205256.xml
[INFO]:	Processing file: 586251_Z125031_20190408_205414.xml
[INFO]:	Processing file: 600740_Z111857_20190408_195343.xml
[INFO]:	Processing file: 602037_Z101890_20190408_202045.xml
[INFO]:	Processing file: 603762_Z126738_20190408_193729.xml
[INFO]:	Processing file: 603882_Z111482_20190408_215120.xml
[INFO]:	Processing file: 604544_Z104343_20190408_201628.xml
[INFO]:	Processing file: 604572_Z104687_20190408_193430.xml
[INFO]:	Processing file: 604720_Z112306_20190408_200131.xml
[INFO]:	Processing file: 605799_Z128452_20190408_195229.xml
[INFO]:	Processing file: 606970_Z121476_20190408_193953.xml
[INFO]:	Processing file: 607512_Z122174_20190408_201535.xml
[INFO]:	Processing file: 608461_Z126576_20190408_212856.xml
[INFO]:	Processing file: 608769_Z135421_20190408_193515.xml
[INFO]:	Processing file: 608885_Z150114_20190408_205018.xml
[INFO]:	Processing file: 609537_Z123336_20190408_195500.xml
[INFO]:	Processing file: 610389_Z111198_20190408_193544.xml
[INFO]:	Processing file: 614183_Z121759_20190408_203157.xml
[INFO]:	Processing file: 614400_Z103924_20190408_204123.xml
[INFO]:	Processing file: 618611_Z113224_20190408_212600.xml
[INFO]:	Processing file: 624331_Z100971_20190408_205302.xml
[INFO]:	Processing file: 628286_Z114417_20190408_212403.xml
[INFO]:	Processing file: 630716_Z104260_20190408_213302.xml
[INFO]:	Processing file: 632509_Z100662_20190408_194010.xml
[INFO]:	Processing file: 637942_Z111233_20190408_210344.xml
[INFO]:	Processing file: 669377_Z103636_20190408_193256.xml
[INFO]:	Processing file: 807849_Z125238_20190408_201825.xml
[INFO]:	Processing file: 871268_Z102172_20190408_193435.xml
[INFO]:	Processing file: 895721_Z125683_20190408_214329.xml
[INFO]:	Processing file: 919807_Z122400_20190408_200405.xml
[INFO]:	Processing file: 966941_Z122608_20190408_215132.xml
[INFO]:	Processing file: 968485_Z103512_20190408_210957.xml
[INFO]:	Processing file: 971928_Z127377_20190408_193032.xml
[INFO]:	Processing file: 972349_Z125792_20190408_193150.xml
[INFO]:	Processing file: 972355_Z127397_20190408_200224.xml
[INFO]:	Processing file: 973009_Z123031_20190408_195015.xml
[INFO]:	Processing file: 973177_Z113758_20190408_195722.xml
[INFO]:	Processing file: 973685_Z126692_20190408_204904.xml
[INFO]:	Processing file: 974117_Z150810_20190408_204656.xml
[INFO]:	Processing file: 975110_Z127344_20190408_215026.xml
[INFO]:	Processing file: 975169_Z150539_20190408_201641.xml
[INFO]:	Processing file: 975701_Z117973_20190408_212821.xml
[INFO]:	Processing file: 975804_Z113560_20190408_204110.xml
[INFO]:	Processing file: 976277_Z122645_20190408_202227.xml
[INFO]:	Processing file: 977850_Z127816_20190408_194456.xml
[INFO]:	Processing file: 978124_Z121567_20190408_193334.xml
[INFO]:	Processing file: 978365_Z130693_20190408_204538.xml
[INFO]:	Processing file: 978803_Z100153_20190408_210713.xml
[INFO]:	Processing file: 979252_Z103881_20190408_200752.xml
[INFO]:	Processing file: 979622_Z118815_20190408_193751.xml
[INFO]:	Processing file: 979765_Z110123_20190408_200422.xml
[INFO]:	Processing file: 987459_Z126934_20190408_214746.xml
[INFO]:	Processing file: 987471_Z122851_20190408_213719.xml
[INFO]:	Processing file: 987495_Z1200578_20190408_202436.xml
[INFO]:	Processing file: 987765_Z111759_20190408_193418.xml
[INFO]:	Processing file: 988328_Z119214_20190408_203007.xml
[INFO]:	Processing file: 988821_Z121531_20190408_202504.xml
[INFO]:	Processing file: 988985_Z127002_20190408_200847.xml
[INFO]:	Processing file: 989190_Z124127_20190408_193556.xml
[INFO]:	Processing file: 989960_Z106848_20190408_201240.xml
[INFO]:	Processing file: 990194_Z130560_20190408_200815.xml
All files have been processed.
[INFO]:	No valid info to write. File not created.
[INFO]:	No valid info to write in request files. Request file not created.
