20190409_080054 D:\DATA\DE\GDPR_output\GDPR_20190409_080054.log is created.
[INFO]:	Processing file: 043052_Z101398_20190408_223825.xml
[INFO]:	Processing file: 100010_Z112149_20190408_224000.xml
[INFO]:	Processing file: 100770_Z101953_20190408_222647.xml
[INFO]:	Processing file: 100851_Z128087_20190409_073519.xml
[INFO]:	Processing file: 102759_Z104309_20190408_230535.xml
[INFO]:	Processing file: 103281_Z111520_20190408_235213.xml
[INFO]:	Processing file: 104331_Z121064_20190408_222955.xml
[INFO]:	Processing file: 105645_Z127945_20190409_022633.xml
[INFO]:	Processing file: 106092_Z104397_20190409_051505.xml
[INFO]:	Processing file: 106789_Z127274_20190409_062101.xml
[INFO]:	Processing file: 107022_Z126663_20190408_223212.xml
[INFO]:	Processing file: 107366_Z122678_20190409_063636.xml
[INFO]:	Processing file: 107786_Z103961_20190409_023609.xml
[INFO]:	Processing file: 108506_Z126710_20190409_012131.xml
[INFO]:	Processing file: 109496_Z123190_20190408_222426.xml
[INFO]:	Processing file: 110347_Z104843_20190408_221604.xml
[INFO]:	Processing file: 111708_Z104871_20190409_013327.xml
[INFO]:	Processing file: 112720_Z127281_20190409_060226.xml
[INFO]:	Processing file: 117559_Z113478_20190408_231914.xml
[INFO]:	Processing file: 117626_Z113534_20190409_042238.xml
[INFO]:	Processing file: 118856_Z128983_20190409_074657.xml
[INFO]:	Processing file: 122226_Z101770_20190408_223124.xml
[INFO]:	Processing file: 122524_Z103658_20190409_004707.xml
[INFO]:	Processing file: 123935_Z128783_20190409_075915.xml
[INFO]:	Processing file: 124576_Z122130_20190409_072146.xml
[INFO]:	Processing file: 128476_Z125359_20190408_235751.xml
[INFO]:	Processing file: 128767_Z128557_20190408_224807.xml
[INFO]:	Processing file: 129093_Z127129_20190409_062647.xml
[INFO]:	Processing file: 131680_Z122659_20190409_071025.xml
[INFO]:	Processing file: 133381_Z113277_20190409_043324.xml
[INFO]:	Processing file: 134705_Z123352_20190408_220815.xml
[INFO]:	Processing file: 134931_Z122122_20190408_224233.xml
[INFO]:	Processing file: 136111_Z126179_20190409_075741.xml
[INFO]:	Processing file: 138070_Z100448_20190409_073153.xml
[INFO]:	Processing file: 138556_Z107074_20190409_024724.xml
[INFO]:	Processing file: 139591_Z129189_20190409_053905.xml
[INFO]:	Processing file: 140759_Z126022_20190409_022435.xml
[INFO]:	Processing file: 140915_Z101756_20190408_224846.xml
[INFO]:	Processing file: 142676_Z110625_20190409_005304.xml
[INFO]:	Processing file: 142935_Z122176_20190408_221929.xml
[INFO]:	Processing file: 143039_Z103634_20190409_044130.xml
[INFO]:	Processing file: 143447_Z125149_20190409_061242.xml
[INFO]:	Processing file: 144126_Z1200127_20190408_230020.xml
[INFO]:	Processing file: 144650_Z122500_20190408_222740.xml
[INFO]:	Processing file: 146361_Z105479_20190408_222212.xml
[INFO]:	Processing file: 148318_Z127134_20190408_220758.xml
[INFO]:	Processing file: 148346_Z122081_20190408_231633.xml
[INFO]:	Processing file: 151281_Z112000_20190409_014635.xml
[INFO]:	Processing file: 151349_Z123380_20190408_221136.xml
[INFO]:	Processing file: 152169_Z128864_20190409_024730.xml
[INFO]:	Processing file: 155341_Z111439_20190409_075059.xml
[INFO]:	Processing file: 159902_Z100349_20190409_060813.xml
[INFO]:	Processing file: 161825_Z110835_20190409_075124.xml
[INFO]:	Processing file: 163984_Z127077_20190409_075650.xml
[INFO]:	Processing file: 165083_Z113381_20190408_225456.xml
[INFO]:	Processing file: 167685_Z124436_20190409_070532.xml
[INFO]:	Processing file: 168548_Z104931_20190408_223139.xml
[INFO]:	Processing file: 168636_Z124891_20190409_070327.xml
[INFO]:	Processing file: 168723_Z127982_20190408_221035.xml
[INFO]:	Processing file: 170233_Z123453_20190408_224912.xml
[INFO]:	Processing file: 171601_Z121441_20190408_221720.xml
[INFO]:	Processing file: 173192_Z125628_20190408_220143.xml
[INFO]:	Processing file: 176660_Z112668_20190409_011304.xml
[INFO]:	Processing file: 176868_Z105156_20190409_055229.xml
[INFO]:	Processing file: 176870_Z101183_20190408_233001.xml
[INFO]:	Processing file: 177946_Z113252_20190408_225458.xml
[INFO]:	Processing file: 178704_Z124744_20190409_031125.xml
[INFO]:	Processing file: 178748_Z126698_20190408_224239.xml
[INFO]:	Processing file: 178960_Z128547_20190409_041731.xml
[INFO]:	Processing file: 179086_Z124567_20190409_035321.xml
[INFO]:	Processing file: 179794_Z125846_20190409_075847.xml
[INFO]:	Processing file: 180134_Z125868_20190408_230856.xml
[INFO]:	Processing file: 180179_Z125772_20190408_232255.xml
[INFO]:	Processing file: 180702_Z125469_20190409_073055.xml
[INFO]:	Processing file: 181114_Z121008_20190409_044531.xml
[INFO]:	Processing file: 181828_Z121231_20190409_044335.xml
[INFO]:	Processing file: 181990_Z104418_20190409_074132.xml
[INFO]:	Processing file: 186467_Z121235_20190409_064529.xml
[INFO]:	Processing file: 188547_Z131690_20190409_051832.xml
[INFO]:	Processing file: 189040_Z112685_20190408_220209.xml
[INFO]:	Processing file: 189751_Z136973_20190408_234134.xml
[INFO]:	Processing file: 191973_Z129187_20190409_011035.xml
[INFO]:	Processing file: 193341_Z113020_20190409_072156.xml
[INFO]:	Processing file: 194032_Z122912_20190409_032134.xml
[INFO]:	Processing file: 194462_Z122464_20190408_221639.xml
[INFO]:	Processing file: 194474_Z150082_20190409_052037.xml
[INFO]:	Processing file: 194946_Z104227_20190409_040735.xml
[INFO]:	Processing file: 195619_Z132001_20190409_054233.xml
[INFO]:	Processing file: 195690_Z110843_20190409_060930.xml
[INFO]:	Processing file: 198379_Z104665_20190409_062532.xml
[INFO]:	Processing file: 198806_Z111270_20190409_074534.xml
[INFO]:	Processing file: 285133_Z104112_20190409_033634.xml
[INFO]:	Processing file: 301712_Z104131_20190409_000519.xml
[INFO]:	Processing file: 314947_Z150273_20190408_220116.xml
[INFO]:	Processing file: 317256_Z123146_20190409_060727.xml
[INFO]:	Processing file: 320849_Z121111_20190409_072246.xml
[INFO]:	Processing file: 356933_Z101276_20190408_230749.xml
[INFO]:	Processing file: 365121_Z135797_20190409_020939.xml
[INFO]:	Processing file: 365121_Z135797_20190409_021636.xml
[INFO]:	Processing file: 365146_Z126823_20190408_224330.xml
[INFO]:	Processing file: 365169_Z122231_20190409_050435.xml
[INFO]:	Processing file: 365385_Z102194_20190408_224638.xml
[INFO]:	Processing file: 365406_Z118447_20190409_050728.xml
[INFO]:	Processing file: 365422_Z121519_20190408_222930.xml
[INFO]:	Processing file: 432455_Z121160_20190409_044436.xml
[INFO]:	Processing file: 463809_Z113426_20190409_011734.xml
[INFO]:	Processing file: 467960_Z103772_20190409_060019.xml
[INFO]:	Processing file: 481127_Z128353_20190408_223727.xml
[INFO]:	Processing file: 486400_Z130621_20190408_235642.xml
[INFO]:	Processing file: 488143_Z113842_20190409_074154.xml
[INFO]:	Processing file: 488182_Z100147_20190408_220944.xml
[INFO]:	Processing file: 488189_Z113813_20190408_233620.xml
[INFO]:	Processing file: 488320_Z129037_20190408_222526.xml
[INFO]:	Processing file: 489405_Z126995_20190409_054126.xml
[INFO]:	Processing file: 491939_Z129693_20190409_051036.xml
[INFO]:	Processing file: 492028_Z125568_20190408_223551.xml
[INFO]:	Processing file: 492491_Z123923_20190409_064520.xml
[INFO]:	Processing file: 492639_Z114596_20190409_061218.xml
[INFO]:	Processing file: 493974_Z118873_20190408_220521.xml
[INFO]:	Processing file: 494142_Z115715_20190409_035033.xml
[INFO]:	Processing file: 494177_Z127959_20190409_065254.xml
[INFO]:	Processing file: 494542_Z113656_20190409_055527.xml
[INFO]:	Processing file: 494881_Z115290_20190409_074715.xml
[INFO]:	Processing file: 495219_Z114361_20190409_063317.xml
[INFO]:	Processing file: 495366_Z114941_20190409_033729.xml
[INFO]:	Processing file: 495816_Z106223_20190409_000353.xml
[INFO]:	Processing file: 496056_Z113586_20190408_221719.xml
[INFO]:	Processing file: 496077_Z122692_20190409_045425.xml
[INFO]:	Processing file: 496081_Z112922_20190409_021733.xml
[INFO]:	Processing file: 496799_Z101523_20190408_230513.xml
[INFO]:	Processing file: 496939_Z110325_20190408_224605.xml
[INFO]:	Processing file: 497034_Z127007_20190409_003757.xml
[INFO]:	Processing file: 497422_Z118865_20190408_234244.xml
[INFO]:	Processing file: 497449_Z122729_20190408_221718.xml
[INFO]:	Processing file: 497521_Z130800_20190408_223507.xml
[INFO]:	Processing file: 497678_Z125603_20190408_231819.xml
[INFO]:	Processing file: 497689_Z114209_20190409_070504.xml
[INFO]:	Processing file: 498566_Z124938_20190408_220954.xml
[INFO]:	Processing file: 498822_Z150836_20190409_075153.xml
[INFO]:	Processing file: 499256_Z125454_20190408_222719.xml
[INFO]:	Processing file: 499443_Z103619_20190408_220311.xml
[INFO]:	Processing file: 499450_Z100245_20190409_012330.xml
[INFO]:	Processing file: 499477_Z150302_20190409_044536.xml
[INFO]:	Processing file: 499481_Z125384_20190409_020324.xml
[INFO]:	Processing file: 499559_Z127813_20190408_233259.xml
[INFO]:	Processing file: 502470_Z131290_20190408_233502.xml
[INFO]:	Processing file: 502535_Z104962_20190409_064430.xml
[INFO]:	Processing file: 502566_Z123208_20190409_044026.xml
[INFO]:	Processing file: 503215_Z126955_20190408_233031.xml
[INFO]:	Processing file: 503281_Z117739_20190408_222936.xml
[INFO]:	Processing file: 575840_Z124858_20190408_221818.xml
[INFO]:	Processing file: 581584_Z115469_20190409_000324.xml
[INFO]:	Processing file: 582032_Z137003_20190409_022330.xml
[INFO]:	Processing file: 584707_Z113025_20190409_032725.xml
[INFO]:	Processing file: 600873_Z150335_20190409_075128.xml
[INFO]:	Processing file: 602227_Z124559_20190409_063747.xml
[INFO]:	Processing file: 602710_Z121540_20190409_075840.xml
[INFO]:	Processing file: 603720_Z1200484_20190408_225326.xml
[INFO]:	Processing file: 603773_Z101877_20190408_223055.xml
[INFO]:	Processing file: 604472_Z121972_20190409_054840.xml
[INFO]:	Processing file: 604612_Z125258_20190409_001905.xml
[INFO]:	Processing file: 605398_Z106660_20190408_233841.xml
[INFO]:	Processing file: 606643_Z121926_20190409_011943.xml
[INFO]:	Processing file: 607815_Z126510_20190409_072448.xml
[INFO]:	Processing file: 607851_Z115861_20190408_222019.xml
[INFO]:	Processing file: 609042_Z104760_20190409_075031.xml
[INFO]:	Processing file: 609125_Z127365_20190409_070203.xml
[INFO]:	Processing file: 609628_Z104889_20190409_041132.xml
[INFO]:	Processing file: 609743_Z122987_20190409_012831.xml
[INFO]:	Processing file: 616621_Z123290_20190408_231802.xml
[INFO]:	Processing file: 621301_Z113437_20190408_220440.xml
[INFO]:	Processing file: 624405_Z127340_20190408_221658.xml
[INFO]:	Processing file: 626139_Z104693_20190409_021634.xml
[INFO]:	Processing file: 630895_Z110861_20190409_024844.xml
[INFO]:	Processing file: 632043_Z121599_20190409_034831.xml
[INFO]:	Processing file: 635673_Z127342_20190409_034515.xml
[INFO]:	Processing file: 637184_Z129194_20190408_231538.xml
[INFO]:	Processing file: 667123_Z100145_20190409_064803.xml
[INFO]:	Processing file: 879681_Z124996_20190409_072211.xml
[INFO]:	Processing file: 891049_Z105326_20190409_055801.xml
[INFO]:	Processing file: 966529_Z127277_20190408_222649.xml
[INFO]:	Processing file: 966784_Z127348_20190409_065335.xml
[INFO]:	Processing file: 966941_Z122608_20190408_230335.xml
[INFO]:	Processing file: 967205_Z113256_20190409_071358.xml
[INFO]:	Processing file: 972398_Z121528_20190408_222034.xml
[INFO]:	Processing file: 973516_Z121377_20190409_024937.xml
[INFO]:	Processing file: 977667_Z126921_20190409_042238.xml
[INFO]:	Processing file: 978311_Z130137_20190409_044229.xml
[INFO]:	Processing file: 978448_Z120618_20190409_053325.xml
[INFO]:	Processing file: 978676_Z113794_20190409_002638.xml
[INFO]:	Processing file: 978760_Z118424_20190408_230953.xml
[INFO]:	Processing file: 979150_Z122674_20190409_021630.xml
[INFO]:	Processing file: 986670_Z105543_20190409_000810.xml
[INFO]:	Processing file: 987880_Z115734_20190409_042625.xml
[INFO]:	Processing file: 988330_Z100084_20190408_230843.xml
[INFO]:	Processing file: 988842_Z106583_20190409_033232.xml
[INFO]:	Processing file: 988842_Z106583_20190409_065020.xml
[INFO]:	Processing file: 988858_Z116752_20190409_012732.xml
[INFO]:	Processing file: 989145_Z104784_20190409_012826.xml
[INFO]:	Processing file: 990184_Z113249_20190408_220546.xml
All files have been processed.
[INFO]:	No valid info to write. File not created.
[INFO]:	No valid info to write in request files. Request file not created.
