20190408_080046 D:\DATA\DE\GDPR_output\GDPR_20190408_080046.log is created.
[INFO]:	Processing file: 061183_Z104464_20190408_025529.xml
[INFO]:	Processing file: 070063_Z123427_20190407_220236.xml
[INFO]:	Processing file: 070211_Z104514_20190407_221350.xml
[INFO]:	Processing file: 103391_Z110955_20190408_012944.xml
[INFO]:	Processing file: 104686_Z107029_20190407_222837.xml
[INFO]:	Processing file: 107945_Z125269_20190408_052334.xml
[INFO]:	Processing file: 108756_Z103983_20190408_005851.xml
[INFO]:	Processing file: 108923_Z100962_20190408_074517.xml
[INFO]:	Processing file: 109496_Z123190_20190407_220208.xml
[INFO]:	Processing file: 111498_Z121816_20190407_232725.xml
[INFO]:	Processing file: 112572_Z125794_20190408_063051.xml
[INFO]:	Processing file: 113388_Z127649_20190407_231221.xml
[INFO]:	Processing file: 117141_Z128856_20190408_073312.xml
[INFO]:	Processing file: 118856_Z128983_20190408_074646.xml
[INFO]:	Processing file: 120400_Z102008_20190408_075645.xml
[INFO]:	Processing file: 125807_Z103663_20190408_064947.xml
[INFO]:	Processing file: 126358_Z104416_20190408_072715.xml
[INFO]:	Processing file: 128529_Z111244_20190408_040631.xml
[INFO]:	Processing file: 136111_Z126179_20190408_062633.xml
[INFO]:	Processing file: 138070_Z100448_20190408_074854.xml
[INFO]:	Processing file: 139828_Z101803_20190408_024934.xml
[INFO]:	Processing file: 140915_Z101756_20190407_223418.xml
[INFO]:	Processing file: 143602_Z125945_20190408_071813.xml
[INFO]:	Processing file: 144437_Z137083_20190407_223409.xml
[INFO]:	Processing file: 146628_Z104183_20190408_033021.xml
[INFO]:	Processing file: 149268_Z100873_20190407_222152.xml
[INFO]:	Processing file: 149444_Z110637_20190408_040718.xml
[INFO]:	Processing file: 150153_Z105271_20190408_003806.xml
[INFO]:	Processing file: 152457_Z122164_20190408_004449.xml
[INFO]:	Processing file: 157915_Z126227_20190407_235636.xml
[INFO]:	Processing file: 159927_Z125510_20190408_015024.xml
[INFO]:	Processing file: 169684_Z123295_20190408_074152.xml
[INFO]:	Processing file: 174207_Z113338_20190408_002446.xml
[INFO]:	Processing file: 178827_Z126091_20190408_065542.xml
[INFO]:	Processing file: 181021_Z137007_20190408_064846.xml
[INFO]:	Processing file: 181834_Z110668_20190407_234745.xml
[INFO]:	Processing file: 183408_Z104986_20190407_230005.xml
[INFO]:	Processing file: 184727_Z126340_20190408_070520.xml
[INFO]:	Processing file: 185227_Z1200716_20190407_234536.xml
[INFO]:	Processing file: 188547_Z131690_20190408_053722.xml
[INFO]:	Processing file: 188829_Z111999_20190408_073305.xml
[INFO]:	Processing file: 190322_Z128505_20190407_224614.xml
[INFO]:	Processing file: 192774_Z150624_20190408_050927.xml
[INFO]:	Processing file: 194955_Z125833_20190408_062043.xml
[INFO]:	Processing file: 195663_Z125166_20190408_075358.xml
[INFO]:	Processing file: 197578_Z112362_20190408_053049.xml
[INFO]:	Processing file: 198777_Z113555_20190408_013223.xml
[INFO]:	Processing file: 199317_Z128728_20190407_234549.xml
[INFO]:	Processing file: 199548_Z101615_20190408_034324.xml
[INFO]:	Processing file: 199856_Z134912_20190408_063547.xml
[INFO]:	Processing file: 351794_Z113376_20190407_233429.xml
[INFO]:	Processing file: 360529_Z127890_20190408_023028.xml
[INFO]:	Processing file: 365120_Z122702_20190408_075707.xml
[INFO]:	Processing file: 365368_Z122726_20190407_220427.xml
[INFO]:	Processing file: 365370_Z126506_20190407_233756.xml
[INFO]:	Processing file: 365417_Z110974_20190408_031000.xml
[INFO]:	Processing file: 365422_Z121519_20190407_225901.xml
[INFO]:	Processing file: 488538_Z150511_20190408_005509.xml
[INFO]:	Processing file: 493150_Z113490_20190408_074228.xml
[INFO]:	Processing file: 493489_Z120546_20190407_234407.xml
[INFO]:	Processing file: 494190_Z150260_20190408_042828.xml
[INFO]:	Processing file: 494642_Z113937_20190407_224915.xml
[INFO]:	Processing file: 494706_Z127145_20190408_025833.xml
[INFO]:	Processing file: 495861_Z112322_20190407_231345.xml
[INFO]:	Processing file: 495863_Z122740_20190408_074912.xml
[INFO]:	Processing file: 496584_Z116324_20190408_052936.xml
[INFO]:	Processing file: 496880_Z112838_20190407_224604.xml
[INFO]:	Processing file: 497181_Z121620_20190407_233347.xml
[INFO]:	Processing file: 497451_Z102109_20190408_074737.xml
[INFO]:	Processing file: 497784_Z103459_20190407_231353.xml
[INFO]:	Processing file: 498883_Z122473_20190407_220120.xml
[INFO]:	Processing file: 498886_Z119734_20190407_222320.xml
[INFO]:	Processing file: 499520_Z119030_20190408_060951.xml
[INFO]:	Processing file: 499547_Z123128_20190408_070048.xml
[INFO]:	Processing file: 502460_Z103680_20190408_075337.xml
[INFO]:	Processing file: 503219_Z129521_20190408_043136.xml
[INFO]:	Processing file: 503570_Z122566_20190407_230052.xml
[INFO]:	Processing file: 575876_Z124646_20190407_235538.xml
[INFO]:	Processing file: 578808_Z121682_20190408_053225.xml
[INFO]:	Processing file: 579037_Z108892_20190408_040935.xml
[INFO]:	Processing file: 579072_Z107093_20190407_233334.xml
[INFO]:	Processing file: 579361_Z129180_20190407_235628.xml
[INFO]:	Processing file: 580378_Z122248_20190407_233938.xml
[INFO]:	Processing file: 580423_Z126049_20190407_220407.xml
[INFO]:	Processing file: 581175_Z115886_20190408_002310.xml
[INFO]:	Processing file: 581175_Z115886_20190408_012648.xml
[INFO]:	Processing file: 581175_Z115886_20190408_023050.xml
[INFO]:	Processing file: 581175_Z115886_20190408_035337.xml
[INFO]:	Processing file: 601837_Z110678_20190408_002142.xml
[INFO]:	Processing file: 604419_Z122790_20190408_062313.xml
[INFO]:	Processing file: 609125_Z127365_20190408_070313.xml
[INFO]:	Processing file: 609671_Z126922_20190408_054653.xml
[INFO]:	Processing file: 626595_Z100606_20190407_221801.xml
[INFO]:	Processing file: 627580_Z125345_20190407_224000.xml
[INFO]:	Processing file: 636634_Z101857_20190407_233454.xml
[INFO]:	Processing file: 891049_Z105326_20190408_054822.xml
[INFO]:	Processing file: 964362_Z113442_20190408_075911.xml
[INFO]:	Processing file: 972180_Z127234_20190408_044124.xml
[INFO]:	Processing file: 972214_Z105117_20190407_223533.xml
[INFO]:	Processing file: 974764_Z125619_20190408_024725.xml
[INFO]:	Processing file: 977639_Z129213_20190407_224052.xml
[INFO]:	Processing file: 979764_Z118788_20190408_073407.xml
[INFO]:	Processing file: 990130_Z104992_20190408_050526.xml
All files have been processed.
[INFO]:	No valid info to write. File not created.
[INFO]:	No valid info to write in request files. Request file not created.
