Processing file: mecla_ClassificationData_20190409_151912.org
		Invalid Barcode: 0000011183
			Barcode: 4005460911268; Feature "Spanische_Anbaugebiete" has value -1 and has been removed.
			Barcode: 4006975195174; Feature "Spanische_Anbaugebiete" has value -1 and has been removed.
			Barcode: 4030539078191; Feature "shopname" has no value and has been removed.
			Barcode: 4043362662970; Feature "Fischarten" has value -1 and has been removed.
			Barcode: 4043362662970; Feature "Typ_Fertiggericht" has value -1 and has been removed.
			Barcode: 4101850101452; Feature "Deutsche_Anbaugebiete" has value -1 and has been removed.
			Barcode: 4101850101452; Feature "Qualitaetsstufen" has value -1 and has been removed.
			Barcode: 4101850101452; Feature "Spanische_Anbaugebiete" has value -1 and has been removed.
			Barcode: 9292994531900; Feature "Deutsche_Anbaugebiete" has value -1 and has been removed.
			Barcode: 9292994531900; Feature "Qualitaetsstufen" has value -1 and has been removed.
			Barcode: 9292994531900; Feature "Spanische_Anbaugebiete" has value -1 and has been removed.
			Barcode: 4260260271329; Feature "Fleischart_Bereich" has value -1 and has been removed.
			Barcode: 4260260271329; Feature "Tierart_Fleisch" has value -1 and has been removed.
			Barcode: 4260260271329; Feature "Typ_Fertiggericht" has value -1 and has been removed.
			Barcode: 4260260271329; Feature "Wuerzung_Fleisch" has value -1 and has been removed.
			Barcode: 5997362326211; Feature "Fischarten" has value -1 and has been removed.
			Barcode: 5997362326211; Feature "Typ_Fertiggericht" has value -1 and has been removed.
	Total articles: 73
	Processed articles: 72

---------------------------------------------------------------------------------------------------------------------------------

