Processing file: mecla_ClassificationData_20190409_075612.org
			Barcode: 4250476305901; Feature "shopname" has no value and has been removed.
			Barcode: 8594010332012; Feature "shopname" has no value and has been removed.
			Barcode: 4014839021200; Feature "Spanische_Anbaugebiete" has value -1 and has been removed.
			Barcode: 4388844299467; Feature "Deutsche_Anbaugebiete" has value -1 and has been removed.
			Barcode: 4388844299467; Feature "Qualitaetsstufen" has value -1 and has been removed.
			Barcode: 4010930008027; Feature "Spanische_Anbaugebiete" has value -1 and has been removed.
			Barcode: 4024076056705; Feature "Spanische_Anbaugebiete" has value -1 and has been removed.
			Barcode: 4003382005089; Feature "Spanische_Anbaugebiete" has value -1 and has been removed.
			Barcode: 4003382006062; Feature "Spanische_Anbaugebiete" has value -1 and has been removed.
			Barcode: 4003382005799; Feature "Spanische_Anbaugebiete" has value -1 and has been removed.
			Barcode: 4003382005270; Feature "Spanische_Anbaugebiete" has value -1 and has been removed.
			Barcode: 4003382005324; Feature "Spanische_Anbaugebiete" has value -1 and has been removed.
			Barcode: 8005939010115; Feature "Deutsche_Anbaugebiete" has value -1 and has been removed.
			Barcode: 8005939010115; Feature "Qualitaetsstufen" has value -1 and has been removed.
			Barcode: 8005939010115; Feature "Spanische_Anbaugebiete" has value -1 and has been removed.
			Barcode: 5390378000012; Feature "Fischarten" has value -1 and has been removed.
			Barcode: 5390378000012; Feature "Fleischart_Bereich" has value -1 and has been removed.
			Barcode: 5390378000012; Feature "Tierart_Fleisch" has value -1 and has been removed.
			Barcode: 5390378000012; Feature "Typ_Fertiggericht" has value -1 and has been removed.
			Barcode: 5390378000012; Feature "Wuerzung_Fleisch" has value -1 and has been removed.
	Total articles: 61
	Processed articles: 61

---------------------------------------------------------------------------------------------------------------------------------

