<?xml version="1.0" encoding="utf-8" standalone="yes"?>
<protocol name="Porthos protocol" time="2019-04-09T08:04:31+2" version="1.0" xmlns="http://www.gfk.com/2016/AtrProtocol/1.0">
  <general>
    <start>2019-04-09T08:04:31+2</start>
    <task>JOB 1</task>
    <dataflow>MyScan_RC_CODE</dataflow>
    <application>Porthos</application>
    <version>2.3.002</version>
    <user>dce.PorthosAdmin.svc</user>
    <input_file>D:\DATA\DE\Input MyScan\*.myscan</input_file>
    <output_file>D:\DATA\DE\ARaMIS File\MyScan_20190409_080431_code.aramis</output_file>
    <protocol_file>D:\DATA\DE\Protocol File\MyScan_20190409_080431_code.log</protocol_file>
    <error_file>D:\DATA\DE\Error File\MyScan_20190409_080431_code.error</error_file>
  </general>
  <messages>
    <message time="2019-04-09T08:04:31+2" type="Information">
      <text>12 file(s) ready for processing. </text>
    </message>
    <message time="2019-04-09T08:04:31+2" type="Information">
      <text>Process 1 / 12 ('D:\DATA\DE\Input MyScan\MyScan_281069_ad749df0-3871-4602-a7bd-5dabb_20190408_230814.myscan') </text>
    </message>
    <message time="2019-04-09T08:04:31+2" type="Error">
      <text>Check failed   (description: 'Retruncode Purchase' source 'D:\DATA\DE\Input MyScan\MyScan_281069_ad749df0-3871-4602-a7bd-5dabb_20190408_230814.myscan' rawid '15')</text>
    </message>
    <message time="2019-04-09T08:04:31+2" type="Error">
      <text>Check failed   (description: 'Retruncode Purchase' source 'D:\DATA\DE\Input MyScan\MyScan_281069_ad749df0-3871-4602-a7bd-5dabb_20190408_230814.myscan' rawid '32')</text>
    </message>
    <message time="2019-04-09T08:04:31+2" type="Error">
      <text>Check failed   (description: 'Retruncode Purchase' source 'D:\DATA\DE\Input MyScan\MyScan_281069_ad749df0-3871-4602-a7bd-5dabb_20190408_230814.myscan' rawid '49')</text>
    </message>
    <message time="2019-04-09T08:04:31+2" type="Error">
      <text>Check failed   (description: 'Retruncode Purchase' source 'D:\DATA\DE\Input MyScan\MyScan_281069_ad749df0-3871-4602-a7bd-5dabb_20190408_230814.myscan' rawid '66')</text>
    </message>
    <message time="2019-04-09T08:04:31+2" type="Error">
      <text>Check failed   (description: 'Retruncode Purchase' source 'D:\DATA\DE\Input MyScan\MyScan_281069_ad749df0-3871-4602-a7bd-5dabb_20190408_230814.myscan' rawid '105')</text>
    </message>
    <message time="2019-04-09T08:04:31+2" type="Information">
      <text>Process 2 / 12 ('D:\DATA\DE\Input MyScan\MyScan_281069_ad749df0-3871-4602-a7bd-5dabb_20190408_231102.myscan') </text>
    </message>
    <message time="2019-04-09T08:04:31+2" type="Error">
      <text>Check failed   (description: 'Retruncode Purchase' source 'D:\DATA\DE\Input MyScan\MyScan_281069_ad749df0-3871-4602-a7bd-5dabb_20190408_231102.myscan' rawid '15')</text>
    </message>
    <message time="2019-04-09T08:04:31+2" type="Error">
      <text>Check failed   (description: 'Retruncode Purchase' source 'D:\DATA\DE\Input MyScan\MyScan_281069_ad749df0-3871-4602-a7bd-5dabb_20190408_231102.myscan' rawid '30')</text>
    </message>
    <message time="2019-04-09T08:04:31+2" type="Error">
      <text>Check failed   (description: 'Retruncode Purchase' source 'D:\DATA\DE\Input MyScan\MyScan_281069_ad749df0-3871-4602-a7bd-5dabb_20190408_231102.myscan' rawid '45')</text>
    </message>
    <message time="2019-04-09T08:04:31+2" type="Information">
      <text>Process 3 / 12 ('D:\DATA\DE\Input MyScan\MyScan_281208_cf0526eb-c76f-467c-af22-6191a_20190408_230249.myscan') </text>
    </message>
    <message time="2019-04-09T08:04:31+2" type="Error">
      <text>Check failed   (description: 'Retruncode Purchase' source 'D:\DATA\DE\Input MyScan\MyScan_281208_cf0526eb-c76f-467c-af22-6191a_20190408_230249.myscan' rawid '15')</text>
    </message>
    <message time="2019-04-09T08:04:31+2" type="Information">
      <text>Process 4 / 12 ('D:\DATA\DE\Input MyScan\MyScan_281422_0c5a304f-4d32-4af5-876d-85fff_20190408_222442.myscan') </text>
    </message>
    <message time="2019-04-09T08:04:31+2" type="Information">
      <text>Process 5 / 12 ('D:\DATA\DE\Input MyScan\MyScan_281474_9ce22eb7-5a02-4fb3-ac00-a1db0_20190408_221242.myscan') </text>
    </message>
    <message time="2019-04-09T08:04:31+2" type="Error">
      <text>Check failed   (description: 'Retruncode Purchase' source 'D:\DATA\DE\Input MyScan\MyScan_281474_9ce22eb7-5a02-4fb3-ac00-a1db0_20190408_221242.myscan' rawid '15')</text>
    </message>
    <message time="2019-04-09T08:04:31+2" type="Information">
      <text>Process 6 / 12 ('D:\DATA\DE\Input MyScan\MyScan_281481_66e87cb4-a6c5-4bda-a0b0-46c0f_20190409_074502.myscan') </text>
    </message>
    <message time="2019-04-09T08:04:31+2" type="Information">
      <text>Process 7 / 12 ('D:\DATA\DE\Input MyScan\MyScan_281489_d4352eec-e860-4a47-8be6-f50cc_20190409_065749.myscan') </text>
    </message>
    <message time="2019-04-09T08:04:31+2" type="Error">
      <text>Check failed   (description: 'Retruncode Purchase' source 'D:\DATA\DE\Input MyScan\MyScan_281489_d4352eec-e860-4a47-8be6-f50cc_20190409_065749.myscan' rawid '15')</text>
    </message>
    <message time="2019-04-09T08:04:31+2" type="Error">
      <text>Check failed   (description: 'Retruncode Purchase' source 'D:\DATA\DE\Input MyScan\MyScan_281489_d4352eec-e860-4a47-8be6-f50cc_20190409_065749.myscan' rawid '30')</text>
    </message>
    <message time="2019-04-09T08:04:31+2" type="Error">
      <text>Check failed   (description: 'Retruncode Purchase' source 'D:\DATA\DE\Input MyScan\MyScan_281489_d4352eec-e860-4a47-8be6-f50cc_20190409_065749.myscan' rawid '45')</text>
    </message>
    <message time="2019-04-09T08:04:31+2" type="Error">
      <text>Check failed   (description: 'Retruncode Purchase' source 'D:\DATA\DE\Input MyScan\MyScan_281489_d4352eec-e860-4a47-8be6-f50cc_20190409_065749.myscan' rawid '60')</text>
    </message>
    <message time="2019-04-09T08:04:31+2" type="Error">
      <text>Check failed   (description: 'Retruncode Purchase' source 'D:\DATA\DE\Input MyScan\MyScan_281489_d4352eec-e860-4a47-8be6-f50cc_20190409_065749.myscan' rawid '103')</text>
    </message>
    <message time="2019-04-09T08:04:31+2" type="Information">
      <text>Process 8 / 12 ('D:\DATA\DE\Input MyScan\MyScan_281489_d4352eec-e860-4a47-8be6-f50cc_20190409_070625.myscan') </text>
    </message>
    <message time="2019-04-09T08:04:31+2" type="Error">
      <text>Check failed   (description: 'Retruncode Purchase' source 'D:\DATA\DE\Input MyScan\MyScan_281489_d4352eec-e860-4a47-8be6-f50cc_20190409_070625.myscan' rawid '66')</text>
    </message>
    <message time="2019-04-09T08:04:31+2" type="Error">
      <text>Check failed   (description: 'Retruncode Purchase' source 'D:\DATA\DE\Input MyScan\MyScan_281489_d4352eec-e860-4a47-8be6-f50cc_20190409_070625.myscan' rawid '81')</text>
    </message>
    <message time="2019-04-09T08:04:31+2" type="Error">
      <text>Check failed   (description: 'Retruncode Purchase' source 'D:\DATA\DE\Input MyScan\MyScan_281489_d4352eec-e860-4a47-8be6-f50cc_20190409_070625.myscan' rawid '96')</text>
    </message>
    <message time="2019-04-09T08:04:31+2" type="Error">
      <text>Check failed   (description: 'Retruncode Purchase' source 'D:\DATA\DE\Input MyScan\MyScan_281489_d4352eec-e860-4a47-8be6-f50cc_20190409_070625.myscan' rawid '111')</text>
    </message>
    <message time="2019-04-09T08:04:31+2" type="Error">
      <text>Check failed   (description: 'Retruncode Purchase' source 'D:\DATA\DE\Input MyScan\MyScan_281489_d4352eec-e860-4a47-8be6-f50cc_20190409_070625.myscan' rawid '126')</text>
    </message>
    <message time="2019-04-09T08:04:31+2" type="Error">
      <text>Check failed   (description: 'Retruncode Purchase' source 'D:\DATA\DE\Input MyScan\MyScan_281489_d4352eec-e860-4a47-8be6-f50cc_20190409_070625.myscan' rawid '141')</text>
    </message>
    <message time="2019-04-09T08:04:31+2" type="Error">
      <text>Check failed   (description: 'Retruncode Purchase' source 'D:\DATA\DE\Input MyScan\MyScan_281489_d4352eec-e860-4a47-8be6-f50cc_20190409_070625.myscan' rawid '156')</text>
    </message>
    <message time="2019-04-09T08:04:31+2" type="Information">
      <text>Process 9 / 12 ('D:\DATA\DE\Input MyScan\MyScan_281719_8ca6dad4-666a-4889-838f-8d54a_20190408_221020.myscan') </text>
    </message>
    <message time="2019-04-09T08:04:31+2" type="Information">
      <text>Process 10 / 12 ('D:\DATA\DE\Input MyScan\MyScan_281796_927c43a5-5f55-4859-95c9-b8f60_20190409_073729.myscan') </text>
    </message>
    <message time="2019-04-09T08:04:31+2" type="Error">
      <text>Check failed   (description: 'Retruncode Purchase' source 'D:\DATA\DE\Input MyScan\MyScan_281796_927c43a5-5f55-4859-95c9-b8f60_20190409_073729.myscan' rawid '15')</text>
    </message>
    <message time="2019-04-09T08:04:31+2" type="Information">
      <text>Process 11 / 12 ('D:\DATA\DE\Input MyScan\MyScan_282006_dc0f6a2f-ee49-463c-91a9-d15d2_20190408_231948.myscan') </text>
    </message>
    <message time="2019-04-09T08:04:31+2" type="Error">
      <text>Check failed   (description: 'Retruncode Purchase' source 'D:\DATA\DE\Input MyScan\MyScan_282006_dc0f6a2f-ee49-463c-91a9-d15d2_20190408_231948.myscan' rawid '15')</text>
    </message>
    <message time="2019-04-09T08:04:31+2" type="Error">
      <text>Check failed   (description: 'Retruncode Purchase' source 'D:\DATA\DE\Input MyScan\MyScan_282006_dc0f6a2f-ee49-463c-91a9-d15d2_20190408_231948.myscan' rawid '33')</text>
    </message>
    <message time="2019-04-09T08:04:31+2" type="Error">
      <text>Check failed   (description: 'Retruncode Purchase' source 'D:\DATA\DE\Input MyScan\MyScan_282006_dc0f6a2f-ee49-463c-91a9-d15d2_20190408_231948.myscan' rawid '51')</text>
    </message>
    <message time="2019-04-09T08:04:31+2" type="Error">
      <text>Check failed   (description: 'Retruncode Purchase' source 'D:\DATA\DE\Input MyScan\MyScan_282006_dc0f6a2f-ee49-463c-91a9-d15d2_20190408_231948.myscan' rawid '68')</text>
    </message>
    <message time="2019-04-09T08:04:31+2" type="Error">
      <text>Check failed   (description: 'Retruncode Purchase' source 'D:\DATA\DE\Input MyScan\MyScan_282006_dc0f6a2f-ee49-463c-91a9-d15d2_20190408_231948.myscan' rawid '85')</text>
    </message>
    <message time="2019-04-09T08:04:31+2" type="Error">
      <text>Check failed   (description: 'Retruncode Purchase' source 'D:\DATA\DE\Input MyScan\MyScan_282006_dc0f6a2f-ee49-463c-91a9-d15d2_20190408_231948.myscan' rawid '102')</text>
    </message>
    <message time="2019-04-09T08:04:31+2" type="Error">
      <text>Check failed   (description: 'Retruncode Purchase' source 'D:\DATA\DE\Input MyScan\MyScan_282006_dc0f6a2f-ee49-463c-91a9-d15d2_20190408_231948.myscan' rawid '119')</text>
    </message>
    <message time="2019-04-09T08:04:31+2" type="Information">
      <text>Process 12 / 12 ('D:\DATA\DE\Input MyScan\MyScan_282006_dc0f6a2f-ee49-463c-91a9-d15d2_20190408_233950.myscan') </text>
    </message>
    <message time="2019-04-09T08:04:31+2" type="Error">
      <text>Check failed   (description: 'Retruncode Purchase' source 'D:\DATA\DE\Input MyScan\MyScan_282006_dc0f6a2f-ee49-463c-91a9-d15d2_20190408_233950.myscan' rawid '15')</text>
    </message>
    <message time="2019-04-09T08:04:31+2" type="Error">
      <text>Check failed   (description: 'Retruncode Purchase' source 'D:\DATA\DE\Input MyScan\MyScan_282006_dc0f6a2f-ee49-463c-91a9-d15d2_20190408_233950.myscan' rawid '30')</text>
    </message>
    <message time="2019-04-09T08:04:31+2" type="Error">
      <text>Check failed   (description: 'Retruncode Purchase' source 'D:\DATA\DE\Input MyScan\MyScan_282006_dc0f6a2f-ee49-463c-91a9-d15d2_20190408_233950.myscan' rawid '45')</text>
    </message>
    <message time="2019-04-09T08:04:31+2" type="Warning">
      <text>Skipping Result: Purchase Act was skipped due to redundant occurrence. No: 11 </text>
    </message>
    <message time="2019-04-09T08:04:31+2" type="Warning">
      <text>Skipping Result: Purchase Act was skipped due to redundant occurrence. No: 10 </text>
    </message>
    <message time="2019-04-09T08:04:31+2" type="Warning">
      <text>Skipping Result: Purchase Act was skipped due to redundant occurrence. No: 9 </text>
    </message>
    <message time="2019-04-09T08:04:31+2" type="Warning">
      <text>Skipping Result: Purchase Act was skipped due to redundant occurrence. No: 8 </text>
    </message>
    <message time="2019-04-09T08:04:31+2" type="Warning">
      <text>Skipping Result: Purchase Act was skipped due to redundant occurrence. No: 7 </text>
    </message>
    <message time="2019-04-09T08:04:31+2" type="Warning">
      <text>Skipping Result: Purchase Act was skipped due to redundant occurrence. No: 6 </text>
    </message>
    <message time="2019-04-09T08:04:31+2" type="Warning">
      <text>Skipping Result: Purchase Act was skipped due to redundant occurrence. No: 5 </text>
    </message>
    <message time="2019-04-09T08:04:31+2" type="Warning">
      <text>Skipping Result: Purchase Act was skipped due to redundant occurrence. No: 4 </text>
    </message>
    <message time="2019-04-09T08:04:31+2" type="Warning">
      <text>Skipping Result: Purchase Act was skipped due to redundant occurrence. No: 3 </text>
    </message>
    <message time="2019-04-09T08:04:31+2" type="Warning">
      <text>Skipping Result: Purchase Act was skipped due to redundant occurrence. No: 2 </text>
    </message>
    <message time="2019-04-09T08:04:31+2" type="Warning">
      <text>Skipping Result: Purchase Act was skipped due to redundant occurrence. No: 1 </text>
    </message>
    <message time="2019-04-09T08:04:31+2" type="Information">
      <text>Skipping Result: 0 of 11 Purchase Acts were skipped due to their redundant occurrence (now 0 Purchase Acts). </text>
    </message>
    <message time="2019-04-09T08:04:31+2" type="Information">
      <text>Writing ARaMIS-File 'D:\DATA\DE\ARaMIS File\MyScan_20190409_080431_code.aramis' </text>
    </message>
    <message time="2019-04-09T08:04:31+2" type="Warning">
      <text>There are no Purchase Acts to write. ARaMIS-file will not be created. </text>
    </message>
    <message time="2019-04-09T08:04:31+2" type="Information">
      <text>Writing ReturnCode-File 'D:\DATA\DE\ARaMIS File\MyScan_20190409_080431_code.rc' </text>
    </message>
    <message time="2019-04-09T08:04:31+2" type="Information">
      <text>Input files will be copied to folder 'D:\DATA\DE\Original Data'. </text>
    </message>
  </messages>
  <statistics>
    <input_count>41</input_count>
    <output_count>0</output_count>
  </statistics>
  <summary>
    <warnings>12</warnings>
    <errors>34</errors>
    <end>2019-04-09T08:04:31+2</end>
  </summary>
</protocol>