<?xml version="1.0" encoding="utf-8" standalone="yes"?>
<protocol name="Porthos protocol" time="2019-04-09T08:16:33+2" version="1.0" xmlns="http://www.gfk.com/2016/AtrProtocol/1.0">
  <general>
    <start>2019-04-09T08:16:33+2</start>
    <task>JOB 1</task>
    <dataflow>MyScan_RC_INFO</dataflow>
    <application>Porthos</application>
    <version>2.3.002</version>
    <user>dce.PorthosAdmin.svc</user>
    <input_file>D:\DATA\DE\Input MyScan\*.rcinfo</input_file>
    <output_file>D:\DATA\DE\AraMIS File\MyScan_20190409_081633_TechnicalRC.aramis</output_file>
    <protocol_file>D:\DATA\DE\Protocol File\MyScan_20190409_081633_TechnicalRC.log</protocol_file>
    <error_file>D:\DATA\DE\Error File\MyScan_20190409_081633_TechnicalRC.error</error_file>
  </general>
  <messages>
    <message time="2019-04-09T08:16:33+2" type="Information">
      <text>2 file(s) ready for processing. </text>
    </message>
    <message time="2019-04-09T08:16:33+2" type="Information">
      <text>Process 1 / 2 ('D:\DATA\DE\Input MyScan\MyScan_20190409_080252.rcinfo') </text>
    </message>
    <message time="2019-04-09T08:16:33+2" type="Information">
      <text>Process 2 / 2 ('D:\DATA\DE\Input MyScan\MyScan_20190409_080515.rcinfo') </text>
    </message>
    <message time="2019-04-09T08:16:33+2" type="Warning">
      <text>Skipping Result: Purchase Act was skipped due to redundant occurrence. No: 37 </text>
    </message>
    <message time="2019-04-09T08:16:33+2" type="Warning">
      <text>Skipping Result: Purchase Act was skipped due to redundant occurrence. No: 36 </text>
    </message>
    <message time="2019-04-09T08:16:33+2" type="Warning">
      <text>Skipping Result: Purchase Act was skipped due to redundant occurrence. No: 35 </text>
    </message>
    <message time="2019-04-09T08:16:33+2" type="Warning">
      <text>Skipping Result: Purchase Act was skipped due to redundant occurrence. No: 34 </text>
    </message>
    <message time="2019-04-09T08:16:33+2" type="Warning">
      <text>Skipping Result: Purchase Act was skipped due to redundant occurrence. No: 33 </text>
    </message>
    <message time="2019-04-09T08:16:33+2" type="Warning">
      <text>Skipping Result: Purchase Act was skipped due to redundant occurrence. No: 32 </text>
    </message>
    <message time="2019-04-09T08:16:33+2" type="Warning">
      <text>Skipping Result: Purchase Act was skipped due to redundant occurrence. No: 31 </text>
    </message>
    <message time="2019-04-09T08:16:33+2" type="Warning">
      <text>Skipping Result: Purchase Act was skipped due to redundant occurrence. No: 30 </text>
    </message>
    <message time="2019-04-09T08:16:33+2" type="Warning">
      <text>Skipping Result: Purchase Act was skipped due to redundant occurrence. No: 29 </text>
    </message>
    <message time="2019-04-09T08:16:33+2" type="Warning">
      <text>Skipping Result: Purchase Act was skipped due to redundant occurrence. No: 28 </text>
    </message>
    <message time="2019-04-09T08:16:33+2" type="Warning">
      <text>Skipping Result: Purchase Act was skipped due to redundant occurrence. No: 27 </text>
    </message>
    <message time="2019-04-09T08:16:33+2" type="Warning">
      <text>Skipping Result: Purchase Act was skipped due to redundant occurrence. No: 26 </text>
    </message>
    <message time="2019-04-09T08:16:33+2" type="Warning">
      <text>Skipping Result: Purchase Act was skipped due to redundant occurrence. No: 25 </text>
    </message>
    <message time="2019-04-09T08:16:33+2" type="Warning">
      <text>Skipping Result: Purchase Act was skipped due to redundant occurrence. No: 24 </text>
    </message>
    <message time="2019-04-09T08:16:33+2" type="Warning">
      <text>Skipping Result: Purchase Act was skipped due to redundant occurrence. No: 23 </text>
    </message>
    <message time="2019-04-09T08:16:33+2" type="Warning">
      <text>Skipping Result: Purchase Act was skipped due to redundant occurrence. No: 22 </text>
    </message>
    <message time="2019-04-09T08:16:33+2" type="Warning">
      <text>Skipping Result: Purchase Act was skipped due to redundant occurrence. No: 21 </text>
    </message>
    <message time="2019-04-09T08:16:33+2" type="Warning">
      <text>Skipping Result: Purchase Act was skipped due to redundant occurrence. No: 20 </text>
    </message>
    <message time="2019-04-09T08:16:33+2" type="Warning">
      <text>Skipping Result: Purchase Act was skipped due to redundant occurrence. No: 19 </text>
    </message>
    <message time="2019-04-09T08:16:33+2" type="Warning">
      <text>Skipping Result: Purchase Act was skipped due to redundant occurrence. No: 18 </text>
    </message>
    <message time="2019-04-09T08:16:33+2" type="Warning">
      <text>Skipping Result: Purchase Act was skipped due to redundant occurrence. No: 17 </text>
    </message>
    <message time="2019-04-09T08:16:33+2" type="Warning">
      <text>Skipping Result: Purchase Act was skipped due to redundant occurrence. No: 16 </text>
    </message>
    <message time="2019-04-09T08:16:33+2" type="Warning">
      <text>Skipping Result: Purchase Act was skipped due to redundant occurrence. No: 15 </text>
    </message>
    <message time="2019-04-09T08:16:33+2" type="Warning">
      <text>Skipping Result: Purchase Act was skipped due to redundant occurrence. No: 14 </text>
    </message>
    <message time="2019-04-09T08:16:33+2" type="Warning">
      <text>Skipping Result: Purchase Act was skipped due to redundant occurrence. No: 13 </text>
    </message>
    <message time="2019-04-09T08:16:33+2" type="Warning">
      <text>Skipping Result: Purchase Act was skipped due to redundant occurrence. No: 12 </text>
    </message>
    <message time="2019-04-09T08:16:33+2" type="Warning">
      <text>Skipping Result: Purchase Act was skipped due to redundant occurrence. No: 11 </text>
    </message>
    <message time="2019-04-09T08:16:33+2" type="Warning">
      <text>Skipping Result: Purchase Act was skipped due to redundant occurrence. No: 10 </text>
    </message>
    <message time="2019-04-09T08:16:33+2" type="Warning">
      <text>Skipping Result: Purchase Act was skipped due to redundant occurrence. No: 9 </text>
    </message>
    <message time="2019-04-09T08:16:33+2" type="Warning">
      <text>Skipping Result: Purchase Act was skipped due to redundant occurrence. No: 8 </text>
    </message>
    <message time="2019-04-09T08:16:33+2" type="Warning">
      <text>Skipping Result: Purchase Act was skipped due to redundant occurrence. No: 7 </text>
    </message>
    <message time="2019-04-09T08:16:33+2" type="Warning">
      <text>Skipping Result: Purchase Act was skipped due to redundant occurrence. No: 6 </text>
    </message>
    <message time="2019-04-09T08:16:33+2" type="Warning">
      <text>Skipping Result: Purchase Act was skipped due to redundant occurrence. No: 5 </text>
    </message>
    <message time="2019-04-09T08:16:33+2" type="Warning">
      <text>Skipping Result: Purchase Act was skipped due to redundant occurrence. No: 4 </text>
    </message>
    <message time="2019-04-09T08:16:33+2" type="Warning">
      <text>Skipping Result: Purchase Act was skipped due to redundant occurrence. No: 3 </text>
    </message>
    <message time="2019-04-09T08:16:33+2" type="Warning">
      <text>Skipping Result: Purchase Act was skipped due to redundant occurrence. No: 2 </text>
    </message>
    <message time="2019-04-09T08:16:33+2" type="Warning">
      <text>Skipping Result: Purchase Act was skipped due to redundant occurrence. No: 1 </text>
    </message>
    <message time="2019-04-09T08:16:33+2" type="Information">
      <text>Skipping Result: 0 of 37 Purchase Acts were skipped due to their redundant occurrence (now 0 Purchase Acts). </text>
    </message>
    <message time="2019-04-09T08:16:33+2" type="Information">
      <text>Writing ARaMIS-File 'D:\DATA\DE\AraMIS File\MyScan_20190409_081633_TechnicalRC.aramis' </text>
    </message>
    <message time="2019-04-09T08:16:33+2" type="Warning">
      <text>There are no Purchase Acts to write. ARaMIS-file will not be created. </text>
    </message>
    <message time="2019-04-09T08:16:33+2" type="Information">
      <text>Writing ReturnCode-File 'D:\DATA\DE\AraMIS File\MyScan_20190409_081633_TechnicalRC.rc' </text>
    </message>
    <message time="2019-04-09T08:16:33+2" type="Information">
      <text>Input files will be moved to folder 'D:\DATA\DE\Original Data'. </text>
    </message>
  </messages>
  <statistics>
    <input_count>37</input_count>
    <output_count>0</output_count>
  </statistics>
  <summary>
    <warnings>38</warnings>
    <errors>0</errors>
    <end>2019-04-09T08:16:33+2</end>
  </summary>
</protocol>