<?xml version="1.0" encoding="utf-8" standalone="yes"?>
<protocol name="Porthos protocol" time="2019-04-08T15:32:29+2" version="1.0" xmlns="http://www.gfk.com/2016/AtrProtocol/1.0">
  <general>
    <start>2019-04-08T15:32:29+2</start>
    <task>JOB 1</task>
    <dataflow>DE_ScanIT</dataflow>
    <application>Porthos</application>
    <version>2.3.002</version>
    <user>dce.PorthosAdmin.svc</user>
    <input_file>D:\DATA\DE\Input ScanEasy_IT\ScanIT_20190408_151512.org</input_file>
    <output_file>D:\DATA\DE\ARaMIS File\ScanIT_20190408_151512.aramis</output_file>
    <protocol_file>D:\DATA\DE\Protocol File\ScanIT_20190408_151512.log</protocol_file>
    <error_file>D:\DATA\DE\Error File\ScanIT_20190408_151512.error</error_file>
  </general>
  <messages>
    <message time="2019-04-08T15:32:29+2" type="Information">
      <text>1 file(s) ready for processing. </text>
    </message>
    <message time="2019-04-08T15:32:29+2" type="Information">
      <text>Process 1 / 1 ('D:\DATA\DE\Input ScanEasy_IT\ScanIT_20190408_151512.org') </text>
    </message>
    <message time="2019-04-08T15:33:56+2" type="Information">
      <text>Writing ARaMIS-File 'D:\DATA\DE\ARaMIS File\ScanIT_20190408_151512.aramis' </text>
    </message>
    <message time="2019-04-08T15:33:57+2" type="Warning">
      <text>Article was skipped due to script events </text>
    </message>
    <message time="2019-04-08T15:33:59+2" type="Warning">
      <text>Article was skipped due to script events </text>
    </message>
    <message time="2019-04-08T15:34:02+2" type="Warning">
      <text>Article was skipped due to script events </text>
    </message>
    <message time="2019-04-08T15:34:25+2" type="Warning">
      <text>Article was skipped due to script events </text>
    </message>
    <message time="2019-04-08T15:34:33+2" type="Warning">
      <text>Purchase Act was skipped due to script events  </text>
    </message>
    <message time="2019-04-08T15:34:33+2" type="Warning">
      <text>Purchase Act was skipped due to script events  </text>
    </message>
    <message time="2019-04-08T15:34:33+2" type="Warning">
      <text>Purchase Act was skipped due to script events  </text>
    </message>
    <message time="2019-04-08T15:34:33+2" type="Warning">
      <text>Purchase Act was skipped due to script events  </text>
    </message>
    <message time="2019-04-08T15:34:33+2" type="Warning">
      <text>Purchase Act was skipped due to script events  </text>
    </message>
    <message time="2019-04-08T15:34:33+2" type="Warning">
      <text>Purchase Act was skipped due to script events  </text>
    </message>
    <message time="2019-04-08T15:34:33+2" type="Warning">
      <text>Purchase Act was skipped due to script events  </text>
    </message>
    <message time="2019-04-08T15:34:33+2" type="Warning">
      <text>Purchase Act was skipped due to script events  </text>
    </message>
    <message time="2019-04-08T15:34:33+2" type="Warning">
      <text>Purchase Act was skipped due to script events  </text>
    </message>
    <message time="2019-04-08T15:34:33+2" type="Warning">
      <text>Purchase Act was skipped due to script events  </text>
    </message>
    <message time="2019-04-08T15:34:33+2" type="Warning">
      <text>Purchase Act was skipped due to script events  </text>
    </message>
    <message time="2019-04-08T15:34:33+2" type="Warning">
      <text>Purchase Act was skipped due to script events  </text>
    </message>
    <message time="2019-04-08T15:34:33+2" type="Warning">
      <text>Purchase Act was skipped due to script events  </text>
    </message>
    <message time="2019-04-08T15:34:33+2" type="Warning">
      <text>Purchase Act was skipped due to script events  </text>
    </message>
    <message time="2019-04-08T15:34:33+2" type="Warning">
      <text>Purchase Act was skipped due to script events  </text>
    </message>
    <message time="2019-04-08T15:34:33+2" type="Warning">
      <text>Purchase Act was skipped due to script events  </text>
    </message>
    <message time="2019-04-08T15:34:33+2" type="Warning">
      <text>Purchase Act was skipped due to script events  </text>
    </message>
    <message time="2019-04-08T15:34:33+2" type="Warning">
      <text>Purchase Act was skipped due to script events  </text>
    </message>
    <message time="2019-04-08T15:34:33+2" type="Warning">
      <text>Purchase Act was skipped due to script events  </text>
    </message>
    <message time="2019-04-08T15:34:33+2" type="Warning">
      <text>Purchase Act was skipped due to script events  </text>
    </message>
    <message time="2019-04-08T15:34:33+2" type="Warning">
      <text>Purchase Act was skipped due to script events  </text>
    </message>
    <message time="2019-04-08T15:34:33+2" type="Warning">
      <text>Purchase Act was skipped due to script events  </text>
    </message>
    <message time="2019-04-08T15:34:33+2" type="Warning">
      <text>Purchase Act was skipped due to script events  </text>
    </message>
    <message time="2019-04-08T15:34:33+2" type="Warning">
      <text>Purchase Act was skipped due to script events  </text>
    </message>
    <message time="2019-04-08T15:34:33+2" type="Warning">
      <text>Purchase Act was skipped due to script events  </text>
    </message>
    <message time="2019-04-08T15:34:33+2" type="Warning">
      <text>Purchase Act was skipped due to script events  </text>
    </message>
    <message time="2019-04-08T15:34:33+2" type="Warning">
      <text>Purchase Act was skipped due to script events  </text>
    </message>
    <message time="2019-04-08T15:34:33+2" type="Warning">
      <text>Purchase Act was skipped due to script events  </text>
    </message>
    <message time="2019-04-08T15:34:33+2" type="Warning">
      <text>Purchase Act was skipped due to script events  </text>
    </message>
    <message time="2019-04-08T15:34:33+2" type="Warning">
      <text>Purchase Act was skipped due to script events  </text>
    </message>
    <message time="2019-04-08T15:34:33+2" type="Warning">
      <text>Purchase Act was skipped due to script events  </text>
    </message>
    <message time="2019-04-08T15:34:33+2" type="Warning">
      <text>Purchase Act was skipped due to script events  </text>
    </message>
    <message time="2019-04-08T15:34:33+2" type="Warning">
      <text>Purchase Act was skipped due to script events  </text>
    </message>
    <message time="2019-04-08T15:34:33+2" type="Warning">
      <text>Purchase Act was skipped due to script events  </text>
    </message>
    <message time="2019-04-08T15:34:33+2" type="Warning">
      <text>Purchase Act was skipped due to script events  </text>
    </message>
    <message time="2019-04-08T15:34:33+2" type="Warning">
      <text>Purchase Act was skipped due to script events  </text>
    </message>
    <message time="2019-04-08T15:34:33+2" type="Warning">
      <text>Purchase Act was skipped due to script events  </text>
    </message>
    <message time="2019-04-08T15:34:33+2" type="Warning">
      <text>Purchase Act was skipped due to script events  </text>
    </message>
    <message time="2019-04-08T15:34:33+2" type="Warning">
      <text>Purchase Act was skipped due to script events  </text>
    </message>
    <message time="2019-04-08T15:34:33+2" type="Warning">
      <text>Purchase Act was skipped due to script events  </text>
    </message>
    <message time="2019-04-08T15:34:33+2" type="Warning">
      <text>Purchase Act was skipped due to script events  </text>
    </message>
    <message time="2019-04-08T15:34:33+2" type="Warning">
      <text>Purchase Act was skipped due to script events  </text>
    </message>
    <message time="2019-04-08T15:34:33+2" type="Warning">
      <text>Purchase Act was skipped due to script events  </text>
    </message>
    <message time="2019-04-08T15:34:33+2" type="Warning">
      <text>Purchase Act was skipped due to script events  </text>
    </message>
    <message time="2019-04-08T15:34:33+2" type="Information">
      <text>44 of 748 Purchase Acts were skipped due to script events (now 704 Purchase Acts). </text>
    </message>
    <message time="2019-04-08T15:34:33+2" type="Information">
      <text>4 of 6200 Articles were skipped due to script events (now 6152 Articles). </text>
    </message>
    <message time="2019-04-08T15:34:34+2" type="Information">
      <text>Writing ReturnCode-File 'D:\DATA\DE\ARaMIS File\ScanIT_20190408_151512.rc' </text>
    </message>
    <message time="2019-04-08T15:34:34+2" type="Information">
      <text>Input files will be moved to folder 'D:\DATA\DE\Original Data ScanEasy_IT'. </text>
    </message>
  </messages>
  <statistics>
    <input_count>6200</input_count>
    <output_count>6152</output_count>
  </statistics>
  <summary>
    <warnings>549662</warnings>
    <errors>0</errors>
    <end>2019-04-08T15:34:34+2</end>
  </summary>
</protocol>