<?xml version="1.0" encoding="utf-8" standalone="yes"?>
<protocol name="Porthos protocol" time="2019-04-08T08:01:17+2" version="1.0" xmlns="http://www.gfk.com/2016/AtrProtocol/1.0">
  <general>
    <start>2019-04-08T08:01:17+2</start>
    <task>JOB 1</task>
    <dataflow>ScanPlus_RC_INFO</dataflow>
    <application>Porthos</application>
    <version>2.3.002</version>
    <user>dce.PorthosAdmin.svc</user>
    <input_file>D:\DATA\DE\Original Data Temp\*.rcinfo</input_file>
    <output_file>D:\DATA\DE\AraMIS File\ScanPlus_20190408_080117_rcinfo.aramis</output_file>
    <protocol_file>D:\DATA\DE\Protocol File\ScanPlus_20190408_080117_rcinfo.log</protocol_file>
    <error_file>D:\DATA\DE\Error File\ScanPlus_20190408_080117_rcinfo.error</error_file>
  </general>
  <messages>
    <message time="2019-04-08T08:01:17+2" type="Information">
      <text>2 file(s) ready for processing. </text>
    </message>
    <message time="2019-04-08T08:01:17+2" type="Information">
      <text>Process 1 / 2 ('D:\DATA\DE\Original Data Temp\20190407_220255.rcinfo') </text>
    </message>
    <message time="2019-04-08T08:01:18+2" type="Information">
      <text>Process 2 / 2 ('D:\DATA\DE\Original Data Temp\20190407_220305.rcinfo') </text>
    </message>
    <message time="2019-04-08T08:01:18+2" type="Warning">
      <text>Skipping Result: Purchase Act was skipped due to redundant occurrence. No: 124 </text>
    </message>
    <message time="2019-04-08T08:01:18+2" type="Warning">
      <text>Skipping Result: Purchase Act was skipped due to redundant occurrence. No: 123 </text>
    </message>
    <message time="2019-04-08T08:01:18+2" type="Warning">
      <text>Skipping Result: Purchase Act was skipped due to redundant occurrence. No: 122 </text>
    </message>
    <message time="2019-04-08T08:01:18+2" type="Warning">
      <text>Skipping Result: Purchase Act was skipped due to redundant occurrence. No: 121 </text>
    </message>
    <message time="2019-04-08T08:01:18+2" type="Warning">
      <text>Skipping Result: Purchase Act was skipped due to redundant occurrence. No: 120 </text>
    </message>
    <message time="2019-04-08T08:01:18+2" type="Warning">
      <text>Skipping Result: Purchase Act was skipped due to redundant occurrence. No: 119 </text>
    </message>
    <message time="2019-04-08T08:01:18+2" type="Warning">
      <text>Skipping Result: Purchase Act was skipped due to redundant occurrence. No: 118 </text>
    </message>
    <message time="2019-04-08T08:01:18+2" type="Warning">
      <text>Skipping Result: Purchase Act was skipped due to redundant occurrence. No: 117 </text>
    </message>
    <message time="2019-04-08T08:01:18+2" type="Warning">
      <text>Skipping Result: Purchase Act was skipped due to redundant occurrence. No: 116 </text>
    </message>
    <message time="2019-04-08T08:01:18+2" type="Warning">
      <text>Skipping Result: Purchase Act was skipped due to redundant occurrence. No: 115 </text>
    </message>
    <message time="2019-04-08T08:01:18+2" type="Warning">
      <text>Skipping Result: Purchase Act was skipped due to redundant occurrence. No: 114 </text>
    </message>
    <message time="2019-04-08T08:01:18+2" type="Warning">
      <text>Skipping Result: Purchase Act was skipped due to redundant occurrence. No: 113 </text>
    </message>
    <message time="2019-04-08T08:01:18+2" type="Warning">
      <text>Skipping Result: Purchase Act was skipped due to redundant occurrence. No: 112 </text>
    </message>
    <message time="2019-04-08T08:01:18+2" type="Warning">
      <text>Skipping Result: Purchase Act was skipped due to redundant occurrence. No: 111 </text>
    </message>
    <message time="2019-04-08T08:01:18+2" type="Warning">
      <text>Skipping Result: Purchase Act was skipped due to redundant occurrence. No: 110 </text>
    </message>
    <message time="2019-04-08T08:01:18+2" type="Warning">
      <text>Skipping Result: Purchase Act was skipped due to redundant occurrence. No: 109 </text>
    </message>
    <message time="2019-04-08T08:01:18+2" type="Warning">
      <text>Skipping Result: Purchase Act was skipped due to redundant occurrence. No: 108 </text>
    </message>
    <message time="2019-04-08T08:01:18+2" type="Warning">
      <text>Skipping Result: Purchase Act was skipped due to redundant occurrence. No: 107 </text>
    </message>
    <message time="2019-04-08T08:01:18+2" type="Warning">
      <text>Skipping Result: Purchase Act was skipped due to redundant occurrence. No: 106 </text>
    </message>
    <message time="2019-04-08T08:01:18+2" type="Warning">
      <text>Skipping Result: Purchase Act was skipped due to redundant occurrence. No: 105 </text>
    </message>
    <message time="2019-04-08T08:01:18+2" type="Warning">
      <text>Skipping Result: Purchase Act was skipped due to redundant occurrence. No: 104 </text>
    </message>
    <message time="2019-04-08T08:01:18+2" type="Warning">
      <text>Skipping Result: Purchase Act was skipped due to redundant occurrence. No: 103 </text>
    </message>
    <message time="2019-04-08T08:01:18+2" type="Warning">
      <text>Skipping Result: Purchase Act was skipped due to redundant occurrence. No: 102 </text>
    </message>
    <message time="2019-04-08T08:01:18+2" type="Warning">
      <text>Skipping Result: Purchase Act was skipped due to redundant occurrence. No: 101 </text>
    </message>
    <message time="2019-04-08T08:01:18+2" type="Warning">
      <text>Skipping Result: Purchase Act was skipped due to redundant occurrence. No: 100 </text>
    </message>
    <message time="2019-04-08T08:01:18+2" type="Warning">
      <text>Skipping Result: Purchase Act was skipped due to redundant occurrence. No: 99 </text>
    </message>
    <message time="2019-04-08T08:01:18+2" type="Warning">
      <text>Skipping Result: Purchase Act was skipped due to redundant occurrence. No: 98 </text>
    </message>
    <message time="2019-04-08T08:01:18+2" type="Warning">
      <text>Skipping Result: Purchase Act was skipped due to redundant occurrence. No: 97 </text>
    </message>
    <message time="2019-04-08T08:01:18+2" type="Warning">
      <text>Skipping Result: Purchase Act was skipped due to redundant occurrence. No: 96 </text>
    </message>
    <message time="2019-04-08T08:01:18+2" type="Warning">
      <text>Skipping Result: Purchase Act was skipped due to redundant occurrence. No: 95 </text>
    </message>
    <message time="2019-04-08T08:01:18+2" type="Warning">
      <text>Skipping Result: Purchase Act was skipped due to redundant occurrence. No: 94 </text>
    </message>
    <message time="2019-04-08T08:01:18+2" type="Warning">
      <text>Skipping Result: Purchase Act was skipped due to redundant occurrence. No: 93 </text>
    </message>
    <message time="2019-04-08T08:01:18+2" type="Warning">
      <text>Skipping Result: Purchase Act was skipped due to redundant occurrence. No: 92 </text>
    </message>
    <message time="2019-04-08T08:01:18+2" type="Warning">
      <text>Skipping Result: Purchase Act was skipped due to redundant occurrence. No: 91 </text>
    </message>
    <message time="2019-04-08T08:01:18+2" type="Warning">
      <text>Skipping Result: Purchase Act was skipped due to redundant occurrence. No: 90 </text>
    </message>
    <message time="2019-04-08T08:01:18+2" type="Warning">
      <text>Skipping Result: Purchase Act was skipped due to redundant occurrence. No: 89 </text>
    </message>
    <message time="2019-04-08T08:01:18+2" type="Warning">
      <text>Skipping Result: Purchase Act was skipped due to redundant occurrence. No: 88 </text>
    </message>
    <message time="2019-04-08T08:01:18+2" type="Warning">
      <text>Skipping Result: Purchase Act was skipped due to redundant occurrence. No: 87 </text>
    </message>
    <message time="2019-04-08T08:01:18+2" type="Warning">
      <text>Skipping Result: Purchase Act was skipped due to redundant occurrence. No: 86 </text>
    </message>
    <message time="2019-04-08T08:01:18+2" type="Warning">
      <text>Skipping Result: Purchase Act was skipped due to redundant occurrence. No: 85 </text>
    </message>
    <message time="2019-04-08T08:01:18+2" type="Warning">
      <text>Skipping Result: Purchase Act was skipped due to redundant occurrence. No: 84 </text>
    </message>
    <message time="2019-04-08T08:01:18+2" type="Warning">
      <text>Skipping Result: Purchase Act was skipped due to redundant occurrence. No: 83 </text>
    </message>
    <message time="2019-04-08T08:01:18+2" type="Warning">
      <text>Skipping Result: Purchase Act was skipped due to redundant occurrence. No: 82 </text>
    </message>
    <message time="2019-04-08T08:01:18+2" type="Warning">
      <text>Skipping Result: Purchase Act was skipped due to redundant occurrence. No: 81 </text>
    </message>
    <message time="2019-04-08T08:01:18+2" type="Warning">
      <text>Skipping Result: Purchase Act was skipped due to redundant occurrence. No: 80 </text>
    </message>
    <message time="2019-04-08T08:01:18+2" type="Warning">
      <text>Skipping Result: Purchase Act was skipped due to redundant occurrence. No: 79 </text>
    </message>
    <message time="2019-04-08T08:01:18+2" type="Warning">
      <text>Skipping Result: Purchase Act was skipped due to redundant occurrence. No: 78 </text>
    </message>
    <message time="2019-04-08T08:01:18+2" type="Warning">
      <text>Skipping Result: Purchase Act was skipped due to redundant occurrence. No: 77 </text>
    </message>
    <message time="2019-04-08T08:01:18+2" type="Warning">
      <text>Skipping Result: Purchase Act was skipped due to redundant occurrence. No: 76 </text>
    </message>
    <message time="2019-04-08T08:01:18+2" type="Warning">
      <text>Skipping Result: Purchase Act was skipped due to redundant occurrence. No: 75 </text>
    </message>
    <message time="2019-04-08T08:01:18+2" type="Warning">
      <text>Skipping Result: Purchase Act was skipped due to redundant occurrence. No: 74 </text>
    </message>
    <message time="2019-04-08T08:01:18+2" type="Warning">
      <text>Skipping Result: Purchase Act was skipped due to redundant occurrence. No: 73 </text>
    </message>
    <message time="2019-04-08T08:01:18+2" type="Warning">
      <text>Skipping Result: Purchase Act was skipped due to redundant occurrence. No: 72 </text>
    </message>
    <message time="2019-04-08T08:01:18+2" type="Warning">
      <text>Skipping Result: Purchase Act was skipped due to redundant occurrence. No: 71 </text>
    </message>
    <message time="2019-04-08T08:01:18+2" type="Warning">
      <text>Skipping Result: Purchase Act was skipped due to redundant occurrence. No: 70 </text>
    </message>
    <message time="2019-04-08T08:01:18+2" type="Warning">
      <text>Skipping Result: Purchase Act was skipped due to redundant occurrence. No: 69 </text>
    </message>
    <message time="2019-04-08T08:01:18+2" type="Warning">
      <text>Skipping Result: Purchase Act was skipped due to redundant occurrence. No: 68 </text>
    </message>
    <message time="2019-04-08T08:01:18+2" type="Warning">
      <text>Skipping Result: Purchase Act was skipped due to redundant occurrence. No: 67 </text>
    </message>
    <message time="2019-04-08T08:01:18+2" type="Warning">
      <text>Skipping Result: Purchase Act was skipped due to redundant occurrence. No: 66 </text>
    </message>
    <message time="2019-04-08T08:01:18+2" type="Warning">
      <text>Skipping Result: Purchase Act was skipped due to redundant occurrence. No: 65 </text>
    </message>
    <message time="2019-04-08T08:01:18+2" type="Warning">
      <text>Skipping Result: Purchase Act was skipped due to redundant occurrence. No: 64 </text>
    </message>
    <message time="2019-04-08T08:01:18+2" type="Warning">
      <text>Skipping Result: Purchase Act was skipped due to redundant occurrence. No: 63 </text>
    </message>
    <message time="2019-04-08T08:01:18+2" type="Warning">
      <text>Skipping Result: Purchase Act was skipped due to redundant occurrence. No: 62 </text>
    </message>
    <message time="2019-04-08T08:01:18+2" type="Warning">
      <text>Skipping Result: Purchase Act was skipped due to redundant occurrence. No: 61 </text>
    </message>
    <message time="2019-04-08T08:01:18+2" type="Warning">
      <text>Skipping Result: Purchase Act was skipped due to redundant occurrence. No: 60 </text>
    </message>
    <message time="2019-04-08T08:01:18+2" type="Warning">
      <text>Skipping Result: Purchase Act was skipped due to redundant occurrence. No: 59 </text>
    </message>
    <message time="2019-04-08T08:01:18+2" type="Warning">
      <text>Skipping Result: Purchase Act was skipped due to redundant occurrence. No: 58 </text>
    </message>
    <message time="2019-04-08T08:01:18+2" type="Warning">
      <text>Skipping Result: Purchase Act was skipped due to redundant occurrence. No: 57 </text>
    </message>
    <message time="2019-04-08T08:01:18+2" type="Warning">
      <text>Skipping Result: Purchase Act was skipped due to redundant occurrence. No: 56 </text>
    </message>
    <message time="2019-04-08T08:01:18+2" type="Warning">
      <text>Skipping Result: Purchase Act was skipped due to redundant occurrence. No: 55 </text>
    </message>
    <message time="2019-04-08T08:01:18+2" type="Warning">
      <text>Skipping Result: Purchase Act was skipped due to redundant occurrence. No: 54 </text>
    </message>
    <message time="2019-04-08T08:01:18+2" type="Warning">
      <text>Skipping Result: Purchase Act was skipped due to redundant occurrence. No: 53 </text>
    </message>
    <message time="2019-04-08T08:01:18+2" type="Warning">
      <text>Skipping Result: Purchase Act was skipped due to redundant occurrence. No: 52 </text>
    </message>
    <message time="2019-04-08T08:01:18+2" type="Warning">
      <text>Skipping Result: Purchase Act was skipped due to redundant occurrence. No: 51 </text>
    </message>
    <message time="2019-04-08T08:01:18+2" type="Warning">
      <text>Skipping Result: Purchase Act was skipped due to redundant occurrence. No: 50 </text>
    </message>
    <message time="2019-04-08T08:01:18+2" type="Warning">
      <text>Skipping Result: Purchase Act was skipped due to redundant occurrence. No: 49 </text>
    </message>
    <message time="2019-04-08T08:01:18+2" type="Warning">
      <text>Skipping Result: Purchase Act was skipped due to redundant occurrence. No: 48 </text>
    </message>
    <message time="2019-04-08T08:01:18+2" type="Warning">
      <text>Skipping Result: Purchase Act was skipped due to redundant occurrence. No: 47 </text>
    </message>
    <message time="2019-04-08T08:01:18+2" type="Warning">
      <text>Skipping Result: Purchase Act was skipped due to redundant occurrence. No: 46 </text>
    </message>
    <message time="2019-04-08T08:01:18+2" type="Warning">
      <text>Skipping Result: Purchase Act was skipped due to redundant occurrence. No: 45 </text>
    </message>
    <message time="2019-04-08T08:01:18+2" type="Warning">
      <text>Skipping Result: Purchase Act was skipped due to redundant occurrence. No: 44 </text>
    </message>
    <message time="2019-04-08T08:01:18+2" type="Warning">
      <text>Skipping Result: Purchase Act was skipped due to redundant occurrence. No: 43 </text>
    </message>
    <message time="2019-04-08T08:01:18+2" type="Warning">
      <text>Skipping Result: Purchase Act was skipped due to redundant occurrence. No: 42 </text>
    </message>
    <message time="2019-04-08T08:01:18+2" type="Warning">
      <text>Skipping Result: Purchase Act was skipped due to redundant occurrence. No: 41 </text>
    </message>
    <message time="2019-04-08T08:01:18+2" type="Warning">
      <text>Skipping Result: Purchase Act was skipped due to redundant occurrence. No: 40 </text>
    </message>
    <message time="2019-04-08T08:01:18+2" type="Warning">
      <text>Skipping Result: Purchase Act was skipped due to redundant occurrence. No: 39 </text>
    </message>
    <message time="2019-04-08T08:01:18+2" type="Warning">
      <text>Skipping Result: Purchase Act was skipped due to redundant occurrence. No: 38 </text>
    </message>
    <message time="2019-04-08T08:01:18+2" type="Warning">
      <text>Skipping Result: Purchase Act was skipped due to redundant occurrence. No: 37 </text>
    </message>
    <message time="2019-04-08T08:01:18+2" type="Warning">
      <text>Skipping Result: Purchase Act was skipped due to redundant occurrence. No: 36 </text>
    </message>
    <message time="2019-04-08T08:01:18+2" type="Warning">
      <text>Skipping Result: Purchase Act was skipped due to redundant occurrence. No: 35 </text>
    </message>
    <message time="2019-04-08T08:01:18+2" type="Warning">
      <text>Skipping Result: Purchase Act was skipped due to redundant occurrence. No: 34 </text>
    </message>
    <message time="2019-04-08T08:01:18+2" type="Warning">
      <text>Skipping Result: Purchase Act was skipped due to redundant occurrence. No: 33 </text>
    </message>
    <message time="2019-04-08T08:01:18+2" type="Warning">
      <text>Skipping Result: Purchase Act was skipped due to redundant occurrence. No: 32 </text>
    </message>
    <message time="2019-04-08T08:01:18+2" type="Warning">
      <text>Skipping Result: Purchase Act was skipped due to redundant occurrence. No: 31 </text>
    </message>
    <message time="2019-04-08T08:01:18+2" type="Warning">
      <text>Skipping Result: Purchase Act was skipped due to redundant occurrence. No: 30 </text>
    </message>
    <message time="2019-04-08T08:01:18+2" type="Warning">
      <text>Skipping Result: Purchase Act was skipped due to redundant occurrence. No: 29 </text>
    </message>
    <message time="2019-04-08T08:01:18+2" type="Warning">
      <text>Skipping Result: Purchase Act was skipped due to redundant occurrence. No: 28 </text>
    </message>
    <message time="2019-04-08T08:01:18+2" type="Warning">
      <text>Skipping Result: Purchase Act was skipped due to redundant occurrence. No: 27 </text>
    </message>
    <message time="2019-04-08T08:01:18+2" type="Warning">
      <text>Skipping Result: Purchase Act was skipped due to redundant occurrence. No: 26 </text>
    </message>
    <message time="2019-04-08T08:01:18+2" type="Warning">
      <text>Skipping Result: Purchase Act was skipped due to redundant occurrence. No: 25 </text>
    </message>
    <message time="2019-04-08T08:01:18+2" type="Warning">
      <text>Skipping Result: Purchase Act was skipped due to redundant occurrence. No: 24 </text>
    </message>
    <message time="2019-04-08T08:01:18+2" type="Warning">
      <text>Skipping Result: Purchase Act was skipped due to redundant occurrence. No: 23 </text>
    </message>
    <message time="2019-04-08T08:01:18+2" type="Warning">
      <text>Skipping Result: Purchase Act was skipped due to redundant occurrence. No: 22 </text>
    </message>
    <message time="2019-04-08T08:01:18+2" type="Warning">
      <text>Skipping Result: Purchase Act was skipped due to redundant occurrence. No: 21 </text>
    </message>
    <message time="2019-04-08T08:01:18+2" type="Warning">
      <text>Skipping Result: Purchase Act was skipped due to redundant occurrence. No: 20 </text>
    </message>
    <message time="2019-04-08T08:01:18+2" type="Warning">
      <text>Skipping Result: Purchase Act was skipped due to redundant occurrence. No: 19 </text>
    </message>
    <message time="2019-04-08T08:01:18+2" type="Warning">
      <text>Skipping Result: Purchase Act was skipped due to redundant occurrence. No: 18 </text>
    </message>
    <message time="2019-04-08T08:01:18+2" type="Warning">
      <text>Skipping Result: Purchase Act was skipped due to redundant occurrence. No: 17 </text>
    </message>
    <message time="2019-04-08T08:01:18+2" type="Warning">
      <text>Skipping Result: Purchase Act was skipped due to redundant occurrence. No: 16 </text>
    </message>
    <message time="2019-04-08T08:01:18+2" type="Warning">
      <text>Skipping Result: Purchase Act was skipped due to redundant occurrence. No: 15 </text>
    </message>
    <message time="2019-04-08T08:01:18+2" type="Warning">
      <text>Skipping Result: Purchase Act was skipped due to redundant occurrence. No: 14 </text>
    </message>
    <message time="2019-04-08T08:01:18+2" type="Warning">
      <text>Skipping Result: Purchase Act was skipped due to redundant occurrence. No: 13 </text>
    </message>
    <message time="2019-04-08T08:01:18+2" type="Warning">
      <text>Skipping Result: Purchase Act was skipped due to redundant occurrence. No: 12 </text>
    </message>
    <message time="2019-04-08T08:01:18+2" type="Warning">
      <text>Skipping Result: Purchase Act was skipped due to redundant occurrence. No: 11 </text>
    </message>
    <message time="2019-04-08T08:01:18+2" type="Warning">
      <text>Skipping Result: Purchase Act was skipped due to redundant occurrence. No: 10 </text>
    </message>
    <message time="2019-04-08T08:01:18+2" type="Warning">
      <text>Skipping Result: Purchase Act was skipped due to redundant occurrence. No: 9 </text>
    </message>
    <message time="2019-04-08T08:01:18+2" type="Warning">
      <text>Skipping Result: Purchase Act was skipped due to redundant occurrence. No: 8 </text>
    </message>
    <message time="2019-04-08T08:01:18+2" type="Warning">
      <text>Skipping Result: Purchase Act was skipped due to redundant occurrence. No: 7 </text>
    </message>
    <message time="2019-04-08T08:01:19+2" type="Warning">
      <text>Skipping Result: Purchase Act was skipped due to redundant occurrence. No: 6 </text>
    </message>
    <message time="2019-04-08T08:01:19+2" type="Warning">
      <text>Skipping Result: Purchase Act was skipped due to redundant occurrence. No: 5 </text>
    </message>
    <message time="2019-04-08T08:01:19+2" type="Warning">
      <text>Skipping Result: Purchase Act was skipped due to redundant occurrence. No: 4 </text>
    </message>
    <message time="2019-04-08T08:01:19+2" type="Warning">
      <text>Skipping Result: Purchase Act was skipped due to redundant occurrence. No: 3 </text>
    </message>
    <message time="2019-04-08T08:01:19+2" type="Warning">
      <text>Skipping Result: Purchase Act was skipped due to redundant occurrence. No: 2 </text>
    </message>
    <message time="2019-04-08T08:01:19+2" type="Warning">
      <text>Skipping Result: Purchase Act was skipped due to redundant occurrence. No: 1 </text>
    </message>
    <message time="2019-04-08T08:01:19+2" type="Information">
      <text>Skipping Result: 0 of 124 Purchase Acts were skipped due to their redundant occurrence (now 0 Purchase Acts). </text>
    </message>
    <message time="2019-04-08T08:01:19+2" type="Information">
      <text>Writing ARaMIS-File 'D:\DATA\DE\AraMIS File\ScanPlus_20190408_080117_rcinfo.aramis' </text>
    </message>
    <message time="2019-04-08T08:01:19+2" type="Warning">
      <text>There are no Purchase Acts to write. ARaMIS-file will not be created. </text>
    </message>
    <message time="2019-04-08T08:01:19+2" type="Information">
      <text>Writing ReturnCode-File 'D:\DATA\DE\AraMIS File\ScanPlus_20190408_080117_rcinfo.rc' </text>
    </message>
    <message time="2019-04-08T08:01:19+2" type="Information">
      <text>Input files will be moved to folder 'D:\DATA\DE\Original Data'. </text>
    </message>
  </messages>
  <statistics>
    <input_count>124</input_count>
    <output_count>0</output_count>
  </statistics>
  <summary>
    <warnings>125</warnings>
    <errors>0</errors>
    <end>2019-04-08T08:01:19+2</end>
  </summary>
</protocol>