<?xml version="1.0" encoding="utf-8" standalone="yes"?>
<protocol name="Porthos protocol" time="2019-04-08T22:01:38+2" version="1.0" xmlns="http://www.gfk.com/2016/AtrProtocol/1.0">
  <general>
    <start>2019-04-08T22:01:38+2</start>
    <task>JOB 1</task>
    <dataflow>ScanPlus</dataflow>
    <application>Porthos</application>
    <version>2.3.002</version>
    <user>dce.PorthosAdmin.svc</user>
    <input_file>D:\DATA\DE\Original Data Temp\*.xml</input_file>
    <output_file>D:\DATA\DE\ARaMIS File\ScanPlus_20190408_220138_export.aramis</output_file>
    <protocol_file>D:\DATA\DE\Protocol File\ScanPlus_20190408_220138_export.log</protocol_file>
    <error_file>D:\DATA\DE\Error File\ScanPlus_20190408_220138_export.error</error_file>
  </general>
  <messages>
    <message time="2019-04-08T22:01:38+2" type="Information">
      <text>327 file(s) ready for processing. </text>
    </message>
    <message time="2019-04-08T22:01:38+2" type="Information">
      <text>Process 1 / 327 ('D:\DATA\DE\Original Data Temp\065512_Z119085_20190408_193243.xml') </text>
    </message>
    <message time="2019-04-08T22:01:39+2" type="Information">
      <text>Process 2 / 327 ('D:\DATA\DE\Original Data Temp\068564_Z103850_20190408_205844.xml') </text>
    </message>
    <message time="2019-04-08T22:01:40+2" type="Information">
      <text>Process 3 / 327 ('D:\DATA\DE\Original Data Temp\070063_Z123427_20190408_212333.xml') </text>
    </message>
    <message time="2019-04-08T22:01:40+2" type="Information">
      <text>Process 4 / 327 ('D:\DATA\DE\Original Data Temp\082070_Z126853_20190408_215413.xml') </text>
    </message>
    <message time="2019-04-08T22:01:40+2" type="Information">
      <text>Process 5 / 327 ('D:\DATA\DE\Original Data Temp\100085_Z125209_20190408_194405.xml') </text>
    </message>
    <message time="2019-04-08T22:01:40+2" type="Error">
      <text>Check failed   (description: 'No Article' source 'D:\DATA\DE\Original Data Temp\100085_Z125209_20190408_194405.xml' rawid '0')</text>
    </message>
    <message time="2019-04-08T22:01:40+2" type="Error">
      <text>Check failed   (description: 'No Shop' source 'D:\DATA\DE\Original Data Temp\100085_Z125209_20190408_194405.xml' rawid '0')</text>
    </message>
    <message time="2019-04-08T22:01:40+2" type="Information">
      <text>Process 6 / 327 ('D:\DATA\DE\Original Data Temp\100411_Z127802_20190408_200742.xml') </text>
    </message>
    <message time="2019-04-08T22:01:40+2" type="Information">
      <text>Process 7 / 327 ('D:\DATA\DE\Original Data Temp\100741_Z101283_20190408_194756.xml') </text>
    </message>
    <message time="2019-04-08T22:01:41+2" type="Information">
      <text>Process 8 / 327 ('D:\DATA\DE\Original Data Temp\100980_Z124397_20190408_205949.xml') </text>
    </message>
    <message time="2019-04-08T22:01:41+2" type="Information">
      <text>Process 9 / 327 ('D:\DATA\DE\Original Data Temp\101837_Z121493_20190408_204740.xml') </text>
    </message>
    <message time="2019-04-08T22:01:41+2" type="Information">
      <text>Process 10 / 327 ('D:\DATA\DE\Original Data Temp\103460_Z101262_20190408_195704.xml') </text>
    </message>
    <message time="2019-04-08T22:01:42+2" type="Information">
      <text>Process 11 / 327 ('D:\DATA\DE\Original Data Temp\103912_Z150651_20190408_194654.xml') </text>
    </message>
    <message time="2019-04-08T22:01:42+2" type="Information">
      <text>Process 12 / 327 ('D:\DATA\DE\Original Data Temp\103934_Z128054_20190408_204616.xml') </text>
    </message>
    <message time="2019-04-08T22:01:42+2" type="Information">
      <text>Process 13 / 327 ('D:\DATA\DE\Original Data Temp\104152_Z101901_20190408_200934.xml') </text>
    </message>
    <message time="2019-04-08T22:01:42+2" type="Information">
      <text>Process 14 / 327 ('D:\DATA\DE\Original Data Temp\104520_Z121643_20190408_200027.xml') </text>
    </message>
    <message time="2019-04-08T22:01:43+2" type="Information">
      <text>Process 15 / 327 ('D:\DATA\DE\Original Data Temp\104820_Z105444_20190408_204212.xml') </text>
    </message>
    <message time="2019-04-08T22:01:43+2" type="Information">
      <text>Process 16 / 327 ('D:\DATA\DE\Original Data Temp\105032_Z111434_20190408_193319.xml') </text>
    </message>
    <message time="2019-04-08T22:01:43+2" type="Information">
      <text>Process 17 / 327 ('D:\DATA\DE\Original Data Temp\106379_Z102092_20190408_200931.xml') </text>
    </message>
    <message time="2019-04-08T22:01:44+2" type="Information">
      <text>Process 18 / 327 ('D:\DATA\DE\Original Data Temp\106417_Z112702_20190408_203712.xml') </text>
    </message>
    <message time="2019-04-08T22:01:44+2" type="Information">
      <text>Process 19 / 327 ('D:\DATA\DE\Original Data Temp\106610_Z128569_20190408_212220.xml') </text>
    </message>
    <message time="2019-04-08T22:01:44+2" type="Information">
      <text>Process 20 / 327 ('D:\DATA\DE\Original Data Temp\106658_Z113493_20190408_194837.xml') </text>
    </message>
    <message time="2019-04-08T22:01:44+2" type="Information">
      <text>Process 21 / 327 ('D:\DATA\DE\Original Data Temp\106998_Z104802_20190408_201935.xml') </text>
    </message>
    <message time="2019-04-08T22:01:45+2" type="Information">
      <text>Process 22 / 327 ('D:\DATA\DE\Original Data Temp\107322_Z101418_20190408_193856.xml') </text>
    </message>
    <message time="2019-04-08T22:01:45+2" type="Information">
      <text>Process 23 / 327 ('D:\DATA\DE\Original Data Temp\108647_Z105592_20190408_193731.xml') </text>
    </message>
    <message time="2019-04-08T22:01:45+2" type="Information">
      <text>Process 24 / 327 ('D:\DATA\DE\Original Data Temp\109903_Z126979_20190408_200357.xml') </text>
    </message>
    <message time="2019-04-08T22:01:45+2" type="Information">
      <text>Process 25 / 327 ('D:\DATA\DE\Original Data Temp\109975_Z121653_20190408_214053.xml') </text>
    </message>
    <message time="2019-04-08T22:01:45+2" type="Information">
      <text>Process 26 / 327 ('D:\DATA\DE\Original Data Temp\109996_Z104787_20190408_193630.xml') </text>
    </message>
    <message time="2019-04-08T22:01:45+2" type="Information">
      <text>Process 27 / 327 ('D:\DATA\DE\Original Data Temp\110052_Z111739_20190408_214738.xml') </text>
    </message>
    <message time="2019-04-08T22:01:46+2" type="Information">
      <text>Process 28 / 327 ('D:\DATA\DE\Original Data Temp\110095_Z101490_20190408_212155.xml') </text>
    </message>
    <message time="2019-04-08T22:01:46+2" type="Information">
      <text>Process 29 / 327 ('D:\DATA\DE\Original Data Temp\110212_Z104946_20190408_193144.xml') </text>
    </message>
    <message time="2019-04-08T22:01:46+2" type="Information">
      <text>Process 30 / 327 ('D:\DATA\DE\Original Data Temp\110223_Z105270_20190408_194128.xml') </text>
    </message>
    <message time="2019-04-08T22:01:47+2" type="Information">
      <text>Process 31 / 327 ('D:\DATA\DE\Original Data Temp\111498_Z121816_20190408_194058.xml') </text>
    </message>
    <message time="2019-04-08T22:01:47+2" type="Information">
      <text>Process 32 / 327 ('D:\DATA\DE\Original Data Temp\112689_Z106941_20190408_205414.xml') </text>
    </message>
    <message time="2019-04-08T22:01:47+2" type="Information">
      <text>Process 33 / 327 ('D:\DATA\DE\Original Data Temp\113062_Z122934_20190408_200108.xml') </text>
    </message>
    <message time="2019-04-08T22:01:48+2" type="Information">
      <text>Process 34 / 327 ('D:\DATA\DE\Original Data Temp\114680_Z104377_20190408_210003.xml') </text>
    </message>
    <message time="2019-04-08T22:01:48+2" type="Information">
      <text>Process 35 / 327 ('D:\DATA\DE\Original Data Temp\115980_Z124703_20190408_194219.xml') </text>
    </message>
    <message time="2019-04-08T22:01:49+2" type="Information">
      <text>Process 36 / 327 ('D:\DATA\DE\Original Data Temp\116681_Z100740_20190408_195651.xml') </text>
    </message>
    <message time="2019-04-08T22:01:49+2" type="Information">
      <text>Process 37 / 327 ('D:\DATA\DE\Original Data Temp\116911_Z122517_20190408_210620.xml') </text>
    </message>
    <message time="2019-04-08T22:01:50+2" type="Information">
      <text>Process 38 / 327 ('D:\DATA\DE\Original Data Temp\117549_Z113596_20190408_212529.xml') </text>
    </message>
    <message time="2019-04-08T22:01:50+2" type="Information">
      <text>Process 39 / 327 ('D:\DATA\DE\Original Data Temp\117554_Z122172_20190408_204022.xml') </text>
    </message>
    <message time="2019-04-08T22:01:50+2" type="Information">
      <text>Process 40 / 327 ('D:\DATA\DE\Original Data Temp\117821_Z122288_20190408_205326.xml') </text>
    </message>
    <message time="2019-04-08T22:01:50+2" type="Information">
      <text>Process 41 / 327 ('D:\DATA\DE\Original Data Temp\118630_Z122263_20190408_193845.xml') </text>
    </message>
    <message time="2019-04-08T22:01:50+2" type="Information">
      <text>Process 42 / 327 ('D:\DATA\DE\Original Data Temp\119486_Z129095_20190408_195353.xml') </text>
    </message>
    <message time="2019-04-08T22:01:51+2" type="Information">
      <text>Process 43 / 327 ('D:\DATA\DE\Original Data Temp\119549_Z127300_20190408_194954.xml') </text>
    </message>
    <message time="2019-04-08T22:01:51+2" type="Information">
      <text>Process 44 / 327 ('D:\DATA\DE\Original Data Temp\120282_Z105098_20190408_213059.xml') </text>
    </message>
    <message time="2019-04-08T22:01:51+2" type="Information">
      <text>Process 45 / 327 ('D:\DATA\DE\Original Data Temp\120884_Z1200768_20190408_210941.xml') </text>
    </message>
    <message time="2019-04-08T22:01:52+2" type="Information">
      <text>Process 46 / 327 ('D:\DATA\DE\Original Data Temp\121234_Z112457_20190408_202535.xml') </text>
    </message>
    <message time="2019-04-08T22:01:52+2" type="Information">
      <text>Process 47 / 327 ('D:\DATA\DE\Original Data Temp\122640_Z150809_20190408_211406.xml') </text>
    </message>
    <message time="2019-04-08T22:01:52+2" type="Information">
      <text>Process 48 / 327 ('D:\DATA\DE\Original Data Temp\123023_Z123306_20190408_203353.xml') </text>
    </message>
    <message time="2019-04-08T22:01:52+2" type="Information">
      <text>Process 49 / 327 ('D:\DATA\DE\Original Data Temp\123912_Z110676_20190408_194117.xml') </text>
    </message>
    <message time="2019-04-08T22:01:53+2" type="Information">
      <text>Process 50 / 327 ('D:\DATA\DE\Original Data Temp\124107_Z1200158_20190408_214036.xml') </text>
    </message>
    <message time="2019-04-08T22:01:53+2" type="Information">
      <text>Process 51 / 327 ('D:\DATA\DE\Original Data Temp\124657_Z123343_20190408_213519.xml') </text>
    </message>
    <message time="2019-04-08T22:01:53+2" type="Information">
      <text>Process 52 / 327 ('D:\DATA\DE\Original Data Temp\124933_Z122346_20190408_204454.xml') </text>
    </message>
    <message time="2019-04-08T22:01:54+2" type="Information">
      <text>Process 53 / 327 ('D:\DATA\DE\Original Data Temp\125058_Z124519_20190408_195733.xml') </text>
    </message>
    <message time="2019-04-08T22:01:54+2" type="Information">
      <text>Process 54 / 327 ('D:\DATA\DE\Original Data Temp\126212_Z121272_20190408_201140.xml') </text>
    </message>
    <message time="2019-04-08T22:01:55+2" type="Information">
      <text>Process 55 / 327 ('D:\DATA\DE\Original Data Temp\128046_Z113696_20190408_210901.xml') </text>
    </message>
    <message time="2019-04-08T22:01:55+2" type="Information">
      <text>Process 56 / 327 ('D:\DATA\DE\Original Data Temp\128126_Z126008_20190408_195511.xml') </text>
    </message>
    <message time="2019-04-08T22:01:55+2" type="Information">
      <text>Process 57 / 327 ('D:\DATA\DE\Original Data Temp\128529_Z111244_20190408_200516.xml') </text>
    </message>
    <message time="2019-04-08T22:01:55+2" type="Information">
      <text>Process 58 / 327 ('D:\DATA\DE\Original Data Temp\128529_Z111244_20190408_211349.xml') </text>
    </message>
    <message time="2019-04-08T22:01:56+2" type="Information">
      <text>Process 59 / 327 ('D:\DATA\DE\Original Data Temp\130449_Z124610_20190408_201434.xml') </text>
    </message>
    <message time="2019-04-08T22:01:56+2" type="Information">
      <text>Process 60 / 327 ('D:\DATA\DE\Original Data Temp\130981_Z103509_20190408_195755.xml') </text>
    </message>
    <message time="2019-04-08T22:01:56+2" type="Information">
      <text>Process 61 / 327 ('D:\DATA\DE\Original Data Temp\130981_Z103509_20190408_200830.xml') </text>
    </message>
    <message time="2019-04-08T22:01:56+2" type="Error">
      <text>Check failed   (description: 'No Article' source 'D:\DATA\DE\Original Data Temp\130981_Z103509_20190408_200830.xml' rawid '0')</text>
    </message>
    <message time="2019-04-08T22:01:56+2" type="Error">
      <text>Check failed   (description: 'No Shop' source 'D:\DATA\DE\Original Data Temp\130981_Z103509_20190408_200830.xml' rawid '0')</text>
    </message>
    <message time="2019-04-08T22:01:56+2" type="Information">
      <text>Process 62 / 327 ('D:\DATA\DE\Original Data Temp\131905_Z101864_20190408_194741.xml') </text>
    </message>
    <message time="2019-04-08T22:01:57+2" type="Error">
      <text>Check failed   (description: 'No Article' source 'D:\DATA\DE\Original Data Temp\131905_Z101864_20190408_194741.xml' rawid '64')</text>
    </message>
    <message time="2019-04-08T22:01:57+2" type="Error">
      <text>Check failed   (description: 'No Shop' source 'D:\DATA\DE\Original Data Temp\131905_Z101864_20190408_194741.xml' rawid '64')</text>
    </message>
    <message time="2019-04-08T22:01:57+2" type="Information">
      <text>Process 63 / 327 ('D:\DATA\DE\Original Data Temp\132515_Z125896_20190408_195643.xml') </text>
    </message>
    <message time="2019-04-08T22:01:57+2" type="Information">
      <text>Process 64 / 327 ('D:\DATA\DE\Original Data Temp\133120_Z126376_20190408_193201.xml') </text>
    </message>
    <message time="2019-04-08T22:01:57+2" type="Information">
      <text>Process 65 / 327 ('D:\DATA\DE\Original Data Temp\133551_Z125773_20190408_195405.xml') </text>
    </message>
    <message time="2019-04-08T22:01:58+2" type="Information">
      <text>Process 66 / 327 ('D:\DATA\DE\Original Data Temp\133636_Z122443_20190408_204752.xml') </text>
    </message>
    <message time="2019-04-08T22:01:58+2" type="Information">
      <text>Process 67 / 327 ('D:\DATA\DE\Original Data Temp\133711_Z124393_20190408_195012.xml') </text>
    </message>
    <message time="2019-04-08T22:01:59+2" type="Information">
      <text>Process 68 / 327 ('D:\DATA\DE\Original Data Temp\133790_Z125017_20190408_194041.xml') </text>
    </message>
    <message time="2019-04-08T22:01:59+2" type="Information">
      <text>Process 69 / 327 ('D:\DATA\DE\Original Data Temp\133829_Z113225_20190408_202038.xml') </text>
    </message>
    <message time="2019-04-08T22:01:59+2" type="Information">
      <text>Process 70 / 327 ('D:\DATA\DE\Original Data Temp\136080_Z124817_20190408_195225.xml') </text>
    </message>
    <message time="2019-04-08T22:02:00+2" type="Information">
      <text>Process 71 / 327 ('D:\DATA\DE\Original Data Temp\136453_Z126400_20190408_210045.xml') </text>
    </message>
    <message time="2019-04-08T22:02:00+2" type="Information">
      <text>Process 72 / 327 ('D:\DATA\DE\Original Data Temp\136467_Z107081_20190408_202230.xml') </text>
    </message>
    <message time="2019-04-08T22:02:00+2" type="Information">
      <text>Process 73 / 327 ('D:\DATA\DE\Original Data Temp\136987_Z122094_20190408_200609.xml') </text>
    </message>
    <message time="2019-04-08T22:02:00+2" type="Information">
      <text>Process 74 / 327 ('D:\DATA\DE\Original Data Temp\138560_Z124647_20190408_215524.xml') </text>
    </message>
    <message time="2019-04-08T22:02:01+2" type="Information">
      <text>Process 75 / 327 ('D:\DATA\DE\Original Data Temp\138908_Z121878_20190408_203707.xml') </text>
    </message>
    <message time="2019-04-08T22:02:01+2" type="Information">
      <text>Process 76 / 327 ('D:\DATA\DE\Original Data Temp\139086_Z129116_20190408_195525.xml') </text>
    </message>
    <message time="2019-04-08T22:02:01+2" type="Information">
      <text>Process 77 / 327 ('D:\DATA\DE\Original Data Temp\139188_Z101939_20190408_195504.xml') </text>
    </message>
    <message time="2019-04-08T22:02:02+2" type="Information">
      <text>Process 78 / 327 ('D:\DATA\DE\Original Data Temp\140718_Z119917_20190408_202535.xml') </text>
    </message>
    <message time="2019-04-08T22:02:03+2" type="Information">
      <text>Process 79 / 327 ('D:\DATA\DE\Original Data Temp\141983_Z121613_20190408_201744.xml') </text>
    </message>
    <message time="2019-04-08T22:02:03+2" type="Information">
      <text>Process 80 / 327 ('D:\DATA\DE\Original Data Temp\142919_Z104273_20190408_194819.xml') </text>
    </message>
    <message time="2019-04-08T22:02:03+2" type="Information">
      <text>Process 81 / 327 ('D:\DATA\DE\Original Data Temp\143211_Z125069_20190408_195643.xml') </text>
    </message>
    <message time="2019-04-08T22:02:04+2" type="Information">
      <text>Process 82 / 327 ('D:\DATA\DE\Original Data Temp\144095_Z122460_20190408_200918.xml') </text>
    </message>
    <message time="2019-04-08T22:02:04+2" type="Information">
      <text>Process 83 / 327 ('D:\DATA\DE\Original Data Temp\144582_Z104642_20190408_212041.xml') </text>
    </message>
    <message time="2019-04-08T22:02:04+2" type="Information">
      <text>Process 84 / 327 ('D:\DATA\DE\Original Data Temp\145839_Z1000116_20190408_201217.xml') </text>
    </message>
    <message time="2019-04-08T22:02:05+2" type="Information">
      <text>Process 85 / 327 ('D:\DATA\DE\Original Data Temp\145936_Z110664_20190408_195650.xml') </text>
    </message>
    <message time="2019-04-08T22:02:05+2" type="Information">
      <text>Process 86 / 327 ('D:\DATA\DE\Original Data Temp\147326_Z112611_20190408_204552.xml') </text>
    </message>
    <message time="2019-04-08T22:02:05+2" type="Information">
      <text>Process 87 / 327 ('D:\DATA\DE\Original Data Temp\147830_Z121320_20190408_195710.xml') </text>
    </message>
    <message time="2019-04-08T22:02:06+2" type="Information">
      <text>Process 88 / 327 ('D:\DATA\DE\Original Data Temp\148113_Z123239_20190408_200639.xml') </text>
    </message>
    <message time="2019-04-08T22:02:06+2" type="Information">
      <text>Process 89 / 327 ('D:\DATA\DE\Original Data Temp\151101_Z101335_20190408_202303.xml') </text>
    </message>
    <message time="2019-04-08T22:02:06+2" type="Information">
      <text>Process 90 / 327 ('D:\DATA\DE\Original Data Temp\151207_Z124496_20190408_212148.xml') </text>
    </message>
    <message time="2019-04-08T22:02:07+2" type="Information">
      <text>Process 91 / 327 ('D:\DATA\DE\Original Data Temp\151314_Z113682_20190408_202632.xml') </text>
    </message>
    <message time="2019-04-08T22:02:07+2" type="Information">
      <text>Process 92 / 327 ('D:\DATA\DE\Original Data Temp\151896_Z121558_20190408_202349.xml') </text>
    </message>
    <message time="2019-04-08T22:02:07+2" type="Information">
      <text>Process 93 / 327 ('D:\DATA\DE\Original Data Temp\152136_Z101316_20190408_202802.xml') </text>
    </message>
    <message time="2019-04-08T22:02:07+2" type="Information">
      <text>Process 94 / 327 ('D:\DATA\DE\Original Data Temp\153880_Z121737_20190408_205208.xml') </text>
    </message>
    <message time="2019-04-08T22:02:08+2" type="Information">
      <text>Process 95 / 327 ('D:\DATA\DE\Original Data Temp\155222_Z127786_20190408_200736.xml') </text>
    </message>
    <message time="2019-04-08T22:02:08+2" type="Information">
      <text>Process 96 / 327 ('D:\DATA\DE\Original Data Temp\155820_Z104550_20190408_194517.xml') </text>
    </message>
    <message time="2019-04-08T22:02:08+2" type="Information">
      <text>Process 97 / 327 ('D:\DATA\DE\Original Data Temp\155945_Z105198_20190408_194830.xml') </text>
    </message>
    <message time="2019-04-08T22:02:09+2" type="Information">
      <text>Process 98 / 327 ('D:\DATA\DE\Original Data Temp\156489_Z122910_20190408_193634.xml') </text>
    </message>
    <message time="2019-04-08T22:02:09+2" type="Information">
      <text>Process 99 / 327 ('D:\DATA\DE\Original Data Temp\156765_Z129155_20190408_203053.xml') </text>
    </message>
    <message time="2019-04-08T22:02:09+2" type="Information">
      <text>Process 100 / 327 ('D:\DATA\DE\Original Data Temp\157393_Z126016_20190408_202940.xml') </text>
    </message>
    <message time="2019-04-08T22:02:09+2" type="Error">
      <text>Check failed   (description: 'No Article' source 'D:\DATA\DE\Original Data Temp\157393_Z126016_20190408_202940.xml' rawid '0')</text>
    </message>
    <message time="2019-04-08T22:02:09+2" type="Error">
      <text>Check failed   (description: 'No Shop' source 'D:\DATA\DE\Original Data Temp\157393_Z126016_20190408_202940.xml' rawid '0')</text>
    </message>
    <message time="2019-04-08T22:02:09+2" type="Information">
      <text>Process 101 / 327 ('D:\DATA\DE\Original Data Temp\158532_Z104247_20190408_194224.xml') </text>
    </message>
    <message time="2019-04-08T22:02:09+2" type="Information">
      <text>Process 102 / 327 ('D:\DATA\DE\Original Data Temp\158708_Z112341_20190408_201146.xml') </text>
    </message>
    <message time="2019-04-08T22:02:10+2" type="Information">
      <text>Process 103 / 327 ('D:\DATA\DE\Original Data Temp\158711_Z121024_20190408_202051.xml') </text>
    </message>
    <message time="2019-04-08T22:02:10+2" type="Information">
      <text>Process 104 / 327 ('D:\DATA\DE\Original Data Temp\159125_Z128436_20190408_200528.xml') </text>
    </message>
    <message time="2019-04-08T22:02:10+2" type="Information">
      <text>Process 105 / 327 ('D:\DATA\DE\Original Data Temp\160253_Z112988_20190408_201251.xml') </text>
    </message>
    <message time="2019-04-08T22:02:11+2" type="Information">
      <text>Process 106 / 327 ('D:\DATA\DE\Original Data Temp\160373_Z124449_20190408_203916.xml') </text>
    </message>
    <message time="2019-04-08T22:02:11+2" type="Information">
      <text>Process 107 / 327 ('D:\DATA\DE\Original Data Temp\160826_Z101685_20190408_201055.xml') </text>
    </message>
    <message time="2019-04-08T22:02:11+2" type="Information">
      <text>Process 108 / 327 ('D:\DATA\DE\Original Data Temp\161366_Z136027_20190408_215418.xml') </text>
    </message>
    <message time="2019-04-08T22:02:12+2" type="Information">
      <text>Process 109 / 327 ('D:\DATA\DE\Original Data Temp\162212_Z101044_20190408_200115.xml') </text>
    </message>
    <message time="2019-04-08T22:02:12+2" type="Information">
      <text>Process 110 / 327 ('D:\DATA\DE\Original Data Temp\162686_Z101014_20190408_214928.xml') </text>
    </message>
    <message time="2019-04-08T22:02:12+2" type="Information">
      <text>Process 111 / 327 ('D:\DATA\DE\Original Data Temp\165091_Z127363_20190408_203530.xml') </text>
    </message>
    <message time="2019-04-08T22:02:12+2" type="Information">
      <text>Process 112 / 327 ('D:\DATA\DE\Original Data Temp\165652_Z128444_20190408_211514.xml') </text>
    </message>
    <message time="2019-04-08T22:02:12+2" type="Error">
      <text>Check failed   (description: 'No Article' source 'D:\DATA\DE\Original Data Temp\165652_Z128444_20190408_211514.xml' rawid '0')</text>
    </message>
    <message time="2019-04-08T22:02:12+2" type="Error">
      <text>Check failed   (description: 'No Shop' source 'D:\DATA\DE\Original Data Temp\165652_Z128444_20190408_211514.xml' rawid '0')</text>
    </message>
    <message time="2019-04-08T22:02:12+2" type="Information">
      <text>Process 113 / 327 ('D:\DATA\DE\Original Data Temp\166326_Z127989_20190408_212848.xml') </text>
    </message>
    <message time="2019-04-08T22:02:13+2" type="Information">
      <text>Process 114 / 327 ('D:\DATA\DE\Original Data Temp\166362_Z126436_20190408_201022.xml') </text>
    </message>
    <message time="2019-04-08T22:02:13+2" type="Error">
      <text>Check failed   (description: 'No Article' source 'D:\DATA\DE\Original Data Temp\166362_Z126436_20190408_201022.xml' rawid '0')</text>
    </message>
    <message time="2019-04-08T22:02:13+2" type="Information">
      <text>Process 115 / 327 ('D:\DATA\DE\Original Data Temp\166726_Z124621_20190408_213651.xml') </text>
    </message>
    <message time="2019-04-08T22:02:14+2" type="Information">
      <text>Process 116 / 327 ('D:\DATA\DE\Original Data Temp\167663_Z105266_20190408_203902.xml') </text>
    </message>
    <message time="2019-04-08T22:02:14+2" type="Information">
      <text>Process 117 / 327 ('D:\DATA\DE\Original Data Temp\168059_Z125092_20190408_202026.xml') </text>
    </message>
    <message time="2019-04-08T22:02:15+2" type="Information">
      <text>Process 118 / 327 ('D:\DATA\DE\Original Data Temp\169278_Z111822_20190408_210059.xml') </text>
    </message>
    <message time="2019-04-08T22:02:15+2" type="Information">
      <text>Process 119 / 327 ('D:\DATA\DE\Original Data Temp\172152_Z104717_20190408_195139.xml') </text>
    </message>
    <message time="2019-04-08T22:02:16+2" type="Information">
      <text>Process 120 / 327 ('D:\DATA\DE\Original Data Temp\172332_Z101542_20190408_212510.xml') </text>
    </message>
    <message time="2019-04-08T22:02:16+2" type="Information">
      <text>Process 121 / 327 ('D:\DATA\DE\Original Data Temp\172482_Z128664_20190408_193150.xml') </text>
    </message>
    <message time="2019-04-08T22:02:16+2" type="Information">
      <text>Process 122 / 327 ('D:\DATA\DE\Original Data Temp\172767_Z119243_20190408_213126.xml') </text>
    </message>
    <message time="2019-04-08T22:02:16+2" type="Information">
      <text>Process 123 / 327 ('D:\DATA\DE\Original Data Temp\173280_Z119630_20190408_201626.xml') </text>
    </message>
    <message time="2019-04-08T22:02:17+2" type="Information">
      <text>Process 124 / 327 ('D:\DATA\DE\Original Data Temp\176191_Z101702_20190408_211627.xml') </text>
    </message>
    <message time="2019-04-08T22:02:17+2" type="Information">
      <text>Process 125 / 327 ('D:\DATA\DE\Original Data Temp\176387_Z125687_20190408_201130.xml') </text>
    </message>
    <message time="2019-04-08T22:02:18+2" type="Information">
      <text>Process 126 / 327 ('D:\DATA\DE\Original Data Temp\176491_Z125606_20190408_195345.xml') </text>
    </message>
    <message time="2019-04-08T22:02:18+2" type="Error">
      <text>Check failed   (description: 'No Article' source 'D:\DATA\DE\Original Data Temp\176491_Z125606_20190408_195345.xml' rawid '234')</text>
    </message>
    <message time="2019-04-08T22:02:18+2" type="Information">
      <text>Process 127 / 327 ('D:\DATA\DE\Original Data Temp\176560_Z103999_20190408_213830.xml') </text>
    </message>
    <message time="2019-04-08T22:02:18+2" type="Information">
      <text>Process 128 / 327 ('D:\DATA\DE\Original Data Temp\178204_Z122549_20190408_194822.xml') </text>
    </message>
    <message time="2019-04-08T22:02:19+2" type="Information">
      <text>Process 129 / 327 ('D:\DATA\DE\Original Data Temp\178215_Z122553_20190408_210442.xml') </text>
    </message>
    <message time="2019-04-08T22:02:19+2" type="Information">
      <text>Process 130 / 327 ('D:\DATA\DE\Original Data Temp\179378_Z124609_20190408_202608.xml') </text>
    </message>
    <message time="2019-04-08T22:02:19+2" type="Information">
      <text>Process 131 / 327 ('D:\DATA\DE\Original Data Temp\179445_Z126032_20190408_211641.xml') </text>
    </message>
    <message time="2019-04-08T22:02:19+2" type="Error">
      <text>Check failed   (description: 'No Article' source 'D:\DATA\DE\Original Data Temp\179445_Z126032_20190408_211641.xml' rawid '0')</text>
    </message>
    <message time="2019-04-08T22:02:19+2" type="Information">
      <text>Process 132 / 327 ('D:\DATA\DE\Original Data Temp\179969_Z121907_20190408_194141.xml') </text>
    </message>
    <message time="2019-04-08T22:02:20+2" type="Information">
      <text>Process 133 / 327 ('D:\DATA\DE\Original Data Temp\180063_Z111907_20190408_194121.xml') </text>
    </message>
    <message time="2019-04-08T22:02:20+2" type="Information">
      <text>Process 134 / 327 ('D:\DATA\DE\Original Data Temp\180568_Z126629_20190408_195103.xml') </text>
    </message>
    <message time="2019-04-08T22:02:20+2" type="Information">
      <text>Process 135 / 327 ('D:\DATA\DE\Original Data Temp\183924_Z104082_20190408_201142.xml') </text>
    </message>
    <message time="2019-04-08T22:02:20+2" type="Information">
      <text>Process 136 / 327 ('D:\DATA\DE\Original Data Temp\184832_Z125923_20190408_213854.xml') </text>
    </message>
    <message time="2019-04-08T22:02:21+2" type="Information">
      <text>Process 137 / 327 ('D:\DATA\DE\Original Data Temp\185413_Z111965_20190408_193218.xml') </text>
    </message>
    <message time="2019-04-08T22:02:21+2" type="Information">
      <text>Process 138 / 327 ('D:\DATA\DE\Original Data Temp\186116_Z126529_20190408_211836.xml') </text>
    </message>
    <message time="2019-04-08T22:02:21+2" type="Error">
      <text>Check failed   (description: 'No Article' source 'D:\DATA\DE\Original Data Temp\186116_Z126529_20190408_211836.xml' rawid '0')</text>
    </message>
    <message time="2019-04-08T22:02:21+2" type="Error">
      <text>Check failed   (description: 'No Article' source 'D:\DATA\DE\Original Data Temp\186116_Z126529_20190408_211836.xml' rawid '14')</text>
    </message>
    <message time="2019-04-08T22:02:21+2" type="Information">
      <text>Process 139 / 327 ('D:\DATA\DE\Original Data Temp\186476_Z104960_20190408_201342.xml') </text>
    </message>
    <message time="2019-04-08T22:02:21+2" type="Information">
      <text>Process 140 / 327 ('D:\DATA\DE\Original Data Temp\187239_Z105410_20190408_212412.xml') </text>
    </message>
    <message time="2019-04-08T22:02:22+2" type="Information">
      <text>Process 141 / 327 ('D:\DATA\DE\Original Data Temp\187820_Z115868_20190408_202904.xml') </text>
    </message>
    <message time="2019-04-08T22:02:22+2" type="Information">
      <text>Process 142 / 327 ('D:\DATA\DE\Original Data Temp\188572_Z127279_20190408_195513.xml') </text>
    </message>
    <message time="2019-04-08T22:02:22+2" type="Information">
      <text>Process 143 / 327 ('D:\DATA\DE\Original Data Temp\190325_Z104200_20190408_194946.xml') </text>
    </message>
    <message time="2019-04-08T22:02:26+2" type="Information">
      <text>Process 144 / 327 ('D:\DATA\DE\Original Data Temp\190473_Z100830_20190408_201129.xml') </text>
    </message>
    <message time="2019-04-08T22:02:26+2" type="Information">
      <text>Process 145 / 327 ('D:\DATA\DE\Original Data Temp\190728_Z127739_20190408_194904.xml') </text>
    </message>
    <message time="2019-04-08T22:02:26+2" type="Information">
      <text>Process 146 / 327 ('D:\DATA\DE\Original Data Temp\191112_Z126525_20190408_201010.xml') </text>
    </message>
    <message time="2019-04-08T22:02:27+2" type="Information">
      <text>Process 147 / 327 ('D:\DATA\DE\Original Data Temp\192424_Z150513_20190408_204855.xml') </text>
    </message>
    <message time="2019-04-08T22:02:27+2" type="Information">
      <text>Process 148 / 327 ('D:\DATA\DE\Original Data Temp\193141_Z112070_20190408_203435.xml') </text>
    </message>
    <message time="2019-04-08T22:02:27+2" type="Information">
      <text>Process 149 / 327 ('D:\DATA\DE\Original Data Temp\193708_Z150173_20190408_202356.xml') </text>
    </message>
    <message time="2019-04-08T22:02:28+2" type="Information">
      <text>Process 150 / 327 ('D:\DATA\DE\Original Data Temp\194034_Z150340_20190408_204548.xml') </text>
    </message>
    <message time="2019-04-08T22:02:28+2" type="Information">
      <text>Process 151 / 327 ('D:\DATA\DE\Original Data Temp\194042_Z125370_20190408_195219.xml') </text>
    </message>
    <message time="2019-04-08T22:02:28+2" type="Information">
      <text>Process 152 / 327 ('D:\DATA\DE\Original Data Temp\194430_Z123019_20190408_210333.xml') </text>
    </message>
    <message time="2019-04-08T22:02:29+2" type="Information">
      <text>Process 153 / 327 ('D:\DATA\DE\Original Data Temp\195126_Z104722_20190408_213410.xml') </text>
    </message>
    <message time="2019-04-08T22:02:29+2" type="Information">
      <text>Process 154 / 327 ('D:\DATA\DE\Original Data Temp\195134_Z122903_20190408_204805.xml') </text>
    </message>
    <message time="2019-04-08T22:02:29+2" type="Information">
      <text>Process 155 / 327 ('D:\DATA\DE\Original Data Temp\196347_Z126297_20190408_193925.xml') </text>
    </message>
    <message time="2019-04-08T22:02:30+2" type="Information">
      <text>Process 156 / 327 ('D:\DATA\DE\Original Data Temp\196473_Z104738_20190408_204523.xml') </text>
    </message>
    <message time="2019-04-08T22:02:30+2" type="Information">
      <text>Process 157 / 327 ('D:\DATA\DE\Original Data Temp\196807_Z105258_20190408_204003.xml') </text>
    </message>
    <message time="2019-04-08T22:02:30+2" type="Information">
      <text>Process 158 / 327 ('D:\DATA\DE\Original Data Temp\197027_Z125186_20190408_195637.xml') </text>
    </message>
    <message time="2019-04-08T22:02:31+2" type="Information">
      <text>Process 159 / 327 ('D:\DATA\DE\Original Data Temp\197118_Z121922_20190408_203233.xml') </text>
    </message>
    <message time="2019-04-08T22:02:31+2" type="Information">
      <text>Process 160 / 327 ('D:\DATA\DE\Original Data Temp\197690_Z125038_20190408_200825.xml') </text>
    </message>
    <message time="2019-04-08T22:02:32+2" type="Information">
      <text>Process 161 / 327 ('D:\DATA\DE\Original Data Temp\197697_Z112140_20190408_193209.xml') </text>
    </message>
    <message time="2019-04-08T22:02:32+2" type="Information">
      <text>Process 162 / 327 ('D:\DATA\DE\Original Data Temp\198035_Z150077_20190408_194514.xml') </text>
    </message>
    <message time="2019-04-08T22:02:32+2" type="Information">
      <text>Process 163 / 327 ('D:\DATA\DE\Original Data Temp\199206_Z150241_20190408_200201.xml') </text>
    </message>
    <message time="2019-04-08T22:02:33+2" type="Information">
      <text>Process 164 / 327 ('D:\DATA\DE\Original Data Temp\199345_Z104504_20190408_194328.xml') </text>
    </message>
    <message time="2019-04-08T22:02:33+2" type="Information">
      <text>Process 165 / 327 ('D:\DATA\DE\Original Data Temp\199751_Z150292_20190408_201536.xml') </text>
    </message>
    <message time="2019-04-08T22:02:34+2" type="Information">
      <text>Process 166 / 327 ('D:\DATA\DE\Original Data Temp\199855_Z128290_20190408_202436.xml') </text>
    </message>
    <message time="2019-04-08T22:02:34+2" type="Information">
      <text>Process 167 / 327 ('D:\DATA\DE\Original Data Temp\234104_Z128778_20190408_195700.xml') </text>
    </message>
    <message time="2019-04-08T22:02:34+2" type="Information">
      <text>Process 168 / 327 ('D:\DATA\DE\Original Data Temp\241872_Z124653_20190408_204536.xml') </text>
    </message>
    <message time="2019-04-08T22:02:34+2" type="Information">
      <text>Process 169 / 327 ('D:\DATA\DE\Original Data Temp\270577_Z111514_20190408_195434.xml') </text>
    </message>
    <message time="2019-04-08T22:02:35+2" type="Information">
      <text>Process 170 / 327 ('D:\DATA\DE\Original Data Temp\318575_Z119112_20190408_201407.xml') </text>
    </message>
    <message time="2019-04-08T22:02:35+2" type="Information">
      <text>Process 171 / 327 ('D:\DATA\DE\Original Data Temp\319097_Z105686_20190408_202832.xml') </text>
    </message>
    <message time="2019-04-08T22:02:35+2" type="Information">
      <text>Process 172 / 327 ('D:\DATA\DE\Original Data Temp\319940_Z130753_20190408_195140.xml') </text>
    </message>
    <message time="2019-04-08T22:02:35+2" type="Information">
      <text>Process 173 / 327 ('D:\DATA\DE\Original Data Temp\355682_Z100719_20190408_195921.xml') </text>
    </message>
    <message time="2019-04-08T22:02:36+2" type="Information">
      <text>Process 174 / 327 ('D:\DATA\DE\Original Data Temp\359994_Z112962_20190408_195842.xml') </text>
    </message>
    <message time="2019-04-08T22:02:36+2" type="Error">
      <text>Check failed   (description: 'No Article' source 'D:\DATA\DE\Original Data Temp\359994_Z112962_20190408_195842.xml' rawid '0')</text>
    </message>
    <message time="2019-04-08T22:02:36+2" type="Information">
      <text>Process 175 / 327 ('D:\DATA\DE\Original Data Temp\361899_Z122188_20190408_194730.xml') </text>
    </message>
    <message time="2019-04-08T22:02:36+2" type="Information">
      <text>Process 176 / 327 ('D:\DATA\DE\Original Data Temp\365043_Z121758_20190408_210939.xml') </text>
    </message>
    <message time="2019-04-08T22:02:36+2" type="Information">
      <text>Process 177 / 327 ('D:\DATA\DE\Original Data Temp\365126_Z101632_20190408_215057.xml') </text>
    </message>
    <message time="2019-04-08T22:02:37+2" type="Information">
      <text>Process 178 / 327 ('D:\DATA\DE\Original Data Temp\365129_Z122213_20190408_194031.xml') </text>
    </message>
    <message time="2019-04-08T22:02:37+2" type="Information">
      <text>Process 179 / 327 ('D:\DATA\DE\Original Data Temp\365144_Z126566_20190408_193502.xml') </text>
    </message>
    <message time="2019-04-08T22:02:37+2" type="Information">
      <text>Process 180 / 327 ('D:\DATA\DE\Original Data Temp\365368_Z122726_20190408_215413.xml') </text>
    </message>
    <message time="2019-04-08T22:02:37+2" type="Error">
      <text>Check failed   (description: 'No Article' source 'D:\DATA\DE\Original Data Temp\365368_Z122726_20190408_215413.xml' rawid '0')</text>
    </message>
    <message time="2019-04-08T22:02:37+2" type="Error">
      <text>Check failed   (description: 'No Shop' source 'D:\DATA\DE\Original Data Temp\365368_Z122726_20190408_215413.xml' rawid '0')</text>
    </message>
    <message time="2019-04-08T22:02:37+2" type="Information">
      <text>Process 181 / 327 ('D:\DATA\DE\Original Data Temp\365417_Z110974_20190408_195251.xml') </text>
    </message>
    <message time="2019-04-08T22:02:38+2" type="Information">
      <text>Process 182 / 327 ('D:\DATA\DE\Original Data Temp\414633_Z100874_20190408_195345.xml') </text>
    </message>
    <message time="2019-04-08T22:02:39+2" type="Information">
      <text>Process 183 / 327 ('D:\DATA\DE\Original Data Temp\418940_Z113331_20190408_212612.xml') </text>
    </message>
    <message time="2019-04-08T22:02:39+2" type="Information">
      <text>Process 184 / 327 ('D:\DATA\DE\Original Data Temp\427288_Z110618_20190408_202302.xml') </text>
    </message>
    <message time="2019-04-08T22:02:40+2" type="Information">
      <text>Process 185 / 327 ('D:\DATA\DE\Original Data Temp\429403_Z131882_20190408_193633.xml') </text>
    </message>
    <message time="2019-04-08T22:02:40+2" type="Information">
      <text>Process 186 / 327 ('D:\DATA\DE\Original Data Temp\434659_Z122352_20190408_195340.xml') </text>
    </message>
    <message time="2019-04-08T22:02:40+2" type="Information">
      <text>Process 187 / 327 ('D:\DATA\DE\Original Data Temp\468277_Z113479_20190408_195520.xml') </text>
    </message>
    <message time="2019-04-08T22:02:40+2" type="Error">
      <text>Check failed   (description: 'No Article' source 'D:\DATA\DE\Original Data Temp\468277_Z113479_20190408_195520.xml' rawid '124')</text>
    </message>
    <message time="2019-04-08T22:02:40+2" type="Error">
      <text>Check failed   (description: 'No Shop' source 'D:\DATA\DE\Original Data Temp\468277_Z113479_20190408_195520.xml' rawid '124')</text>
    </message>
    <message time="2019-04-08T22:02:40+2" type="Information">
      <text>Process 188 / 327 ('D:\DATA\DE\Original Data Temp\485903_Z104791_20190408_194119.xml') </text>
    </message>
    <message time="2019-04-08T22:02:41+2" type="Information">
      <text>Process 189 / 327 ('D:\DATA\DE\Original Data Temp\486113_Z122972_20190408_215417.xml') </text>
    </message>
    <message time="2019-04-08T22:02:41+2" type="Information">
      <text>Process 190 / 327 ('D:\DATA\DE\Original Data Temp\486155_Z129057_20190408_200101.xml') </text>
    </message>
    <message time="2019-04-08T22:02:41+2" type="Information">
      <text>Process 191 / 327 ('D:\DATA\DE\Original Data Temp\487084_Z124425_20190408_200445.xml') </text>
    </message>
    <message time="2019-04-08T22:02:41+2" type="Information">
      <text>Process 192 / 327 ('D:\DATA\DE\Original Data Temp\487112_Z129740_20190408_194115.xml') </text>
    </message>
    <message time="2019-04-08T22:02:42+2" type="Information">
      <text>Process 193 / 327 ('D:\DATA\DE\Original Data Temp\487646_Z104414_20190408_201730.xml') </text>
    </message>
    <message time="2019-04-08T22:02:42+2" type="Information">
      <text>Process 194 / 327 ('D:\DATA\DE\Original Data Temp\488191_Z122819_20190408_194823.xml') </text>
    </message>
    <message time="2019-04-08T22:02:42+2" type="Information">
      <text>Process 195 / 327 ('D:\DATA\DE\Original Data Temp\488708_Z128500_20190408_212932.xml') </text>
    </message>
    <message time="2019-04-08T22:02:42+2" type="Information">
      <text>Process 196 / 327 ('D:\DATA\DE\Original Data Temp\488737_Z123253_20190408_202319.xml') </text>
    </message>
    <message time="2019-04-08T22:02:42+2" type="Information">
      <text>Process 197 / 327 ('D:\DATA\DE\Original Data Temp\488785_Z115987_20190408_193601.xml') </text>
    </message>
    <message time="2019-04-08T22:02:42+2" type="Information">
      <text>Process 198 / 327 ('D:\DATA\DE\Original Data Temp\489514_Z123953_20190408_214544.xml') </text>
    </message>
    <message time="2019-04-08T22:02:42+2" type="Error">
      <text>Check failed   (description: 'No Article' source 'D:\DATA\DE\Original Data Temp\489514_Z123953_20190408_214544.xml' rawid '0')</text>
    </message>
    <message time="2019-04-08T22:02:42+2" type="Error">
      <text>Check failed   (description: 'No Shop' source 'D:\DATA\DE\Original Data Temp\489514_Z123953_20190408_214544.xml' rawid '0')</text>
    </message>
    <message time="2019-04-08T22:02:42+2" type="Information">
      <text>Process 199 / 327 ('D:\DATA\DE\Original Data Temp\491647_Z126687_20190408_211933.xml') </text>
    </message>
    <message time="2019-04-08T22:02:42+2" type="Information">
      <text>Process 200 / 327 ('D:\DATA\DE\Original Data Temp\491655_Z120697_20190408_202832.xml') </text>
    </message>
    <message time="2019-04-08T22:02:43+2" type="Information">
      <text>Process 201 / 327 ('D:\DATA\DE\Original Data Temp\491823_Z100621_20190408_205904.xml') </text>
    </message>
    <message time="2019-04-08T22:02:43+2" type="Information">
      <text>Process 202 / 327 ('D:\DATA\DE\Original Data Temp\492035_Z100967_20190408_194106.xml') </text>
    </message>
    <message time="2019-04-08T22:02:43+2" type="Information">
      <text>Process 203 / 327 ('D:\DATA\DE\Original Data Temp\492066_Z122405_20190408_195815.xml') </text>
    </message>
    <message time="2019-04-08T22:02:43+2" type="Information">
      <text>Process 204 / 327 ('D:\DATA\DE\Original Data Temp\492402_Z114814_20190408_201034.xml') </text>
    </message>
    <message time="2019-04-08T22:02:43+2" type="Information">
      <text>Process 205 / 327 ('D:\DATA\DE\Original Data Temp\492579_Z105261_20190408_201359.xml') </text>
    </message>
    <message time="2019-04-08T22:02:43+2" type="Information">
      <text>Process 206 / 327 ('D:\DATA\DE\Original Data Temp\492841_Z123879_20190408_195234.xml') </text>
    </message>
    <message time="2019-04-08T22:02:44+2" type="Information">
      <text>Process 207 / 327 ('D:\DATA\DE\Original Data Temp\492921_Z112625_20190408_195841.xml') </text>
    </message>
    <message time="2019-04-08T22:02:44+2" type="Information">
      <text>Process 208 / 327 ('D:\DATA\DE\Original Data Temp\492924_Z110452_20190408_215116.xml') </text>
    </message>
    <message time="2019-04-08T22:02:44+2" type="Information">
      <text>Process 209 / 327 ('D:\DATA\DE\Original Data Temp\492950_Z104892_20190408_200031.xml') </text>
    </message>
    <message time="2019-04-08T22:02:44+2" type="Information">
      <text>Process 210 / 327 ('D:\DATA\DE\Original Data Temp\493006_Z106973_20190408_194222.xml') </text>
    </message>
    <message time="2019-04-08T22:02:45+2" type="Information">
      <text>Process 211 / 327 ('D:\DATA\DE\Original Data Temp\493298_Z114635_20190408_205446.xml') </text>
    </message>
    <message time="2019-04-08T22:02:45+2" type="Information">
      <text>Process 212 / 327 ('D:\DATA\DE\Original Data Temp\493602_Z105764_20190408_210057.xml') </text>
    </message>
    <message time="2019-04-08T22:02:45+2" type="Information">
      <text>Process 213 / 327 ('D:\DATA\DE\Original Data Temp\493734_Z123170_20190408_201234.xml') </text>
    </message>
    <message time="2019-04-08T22:02:45+2" type="Information">
      <text>Process 214 / 327 ('D:\DATA\DE\Original Data Temp\493989_Z100151_20190408_202532.xml') </text>
    </message>
    <message time="2019-04-08T22:02:45+2" type="Information">
      <text>Process 215 / 327 ('D:\DATA\DE\Original Data Temp\494126_Z121220_20190408_212948.xml') </text>
    </message>
    <message time="2019-04-08T22:02:45+2" type="Information">
      <text>Process 216 / 327 ('D:\DATA\DE\Original Data Temp\494300_Z150180_20190408_214246.xml') </text>
    </message>
    <message time="2019-04-08T22:02:45+2" type="Information">
      <text>Process 217 / 327 ('D:\DATA\DE\Original Data Temp\494333_Z122590_20190408_204243.xml') </text>
    </message>
    <message time="2019-04-08T22:02:45+2" type="Information">
      <text>Process 218 / 327 ('D:\DATA\DE\Original Data Temp\494685_Z101762_20190408_210516.xml') </text>
    </message>
    <message time="2019-04-08T22:02:45+2" type="Information">
      <text>Process 219 / 327 ('D:\DATA\DE\Original Data Temp\494969_Z113089_20190408_210132.xml') </text>
    </message>
    <message time="2019-04-08T22:02:46+2" type="Information">
      <text>Process 220 / 327 ('D:\DATA\DE\Original Data Temp\495213_Z100019_20190408_194809.xml') </text>
    </message>
    <message time="2019-04-08T22:02:46+2" type="Information">
      <text>Process 221 / 327 ('D:\DATA\DE\Original Data Temp\495298_Z125110_20190408_201520.xml') </text>
    </message>
    <message time="2019-04-08T22:02:46+2" type="Information">
      <text>Process 222 / 327 ('D:\DATA\DE\Original Data Temp\495348_Z102251_20190408_202356.xml') </text>
    </message>
    <message time="2019-04-08T22:02:46+2" type="Information">
      <text>Process 223 / 327 ('D:\DATA\DE\Original Data Temp\495378_Z150221_20190408_203359.xml') </text>
    </message>
    <message time="2019-04-08T22:02:46+2" type="Information">
      <text>Process 224 / 327 ('D:\DATA\DE\Original Data Temp\495690_Z124547_20190408_200511.xml') </text>
    </message>
    <message time="2019-04-08T22:02:46+2" type="Information">
      <text>Process 225 / 327 ('D:\DATA\DE\Original Data Temp\495821_Z105448_20190408_202112.xml') </text>
    </message>
    <message time="2019-04-08T22:02:46+2" type="Information">
      <text>Process 226 / 327 ('D:\DATA\DE\Original Data Temp\495911_Z109690_20190408_215553.xml') </text>
    </message>
    <message time="2019-04-08T22:02:46+2" type="Information">
      <text>Process 227 / 327 ('D:\DATA\DE\Original Data Temp\496802_Z125084_20190408_200230.xml') </text>
    </message>
    <message time="2019-04-08T22:02:46+2" type="Information">
      <text>Process 228 / 327 ('D:\DATA\DE\Original Data Temp\496806_Z111819_20190408_200057.xml') </text>
    </message>
    <message time="2019-04-08T22:02:46+2" type="Information">
      <text>Process 229 / 327 ('D:\DATA\DE\Original Data Temp\496871_Z105175_20190408_193659.xml') </text>
    </message>
    <message time="2019-04-08T22:02:46+2" type="Information">
      <text>Process 230 / 327 ('D:\DATA\DE\Original Data Temp\496976_Z114808_20190408_193248.xml') </text>
    </message>
    <message time="2019-04-08T22:02:47+2" type="Information">
      <text>Process 231 / 327 ('D:\DATA\DE\Original Data Temp\496976_Z114808_20190408_193649.xml') </text>
    </message>
    <message time="2019-04-08T22:02:47+2" type="Information">
      <text>Process 232 / 327 ('D:\DATA\DE\Original Data Temp\497545_Z112037_20190408_201348.xml') </text>
    </message>
    <message time="2019-04-08T22:02:47+2" type="Information">
      <text>Process 233 / 327 ('D:\DATA\DE\Original Data Temp\497556_Z127713_20190408_203556.xml') </text>
    </message>
    <message time="2019-04-08T22:02:47+2" type="Information">
      <text>Process 234 / 327 ('D:\DATA\DE\Original Data Temp\497605_Z127227_20190408_194804.xml') </text>
    </message>
    <message time="2019-04-08T22:02:47+2" type="Information">
      <text>Process 235 / 327 ('D:\DATA\DE\Original Data Temp\497769_Z128375_20190408_200033.xml') </text>
    </message>
    <message time="2019-04-08T22:02:47+2" type="Information">
      <text>Process 236 / 327 ('D:\DATA\DE\Original Data Temp\497772_Z125490_20190408_204526.xml') </text>
    </message>
    <message time="2019-04-08T22:02:47+2" type="Information">
      <text>Process 237 / 327 ('D:\DATA\DE\Original Data Temp\497796_Z136748_20190408_212026.xml') </text>
    </message>
    <message time="2019-04-08T22:02:48+2" type="Information">
      <text>Process 238 / 327 ('D:\DATA\DE\Original Data Temp\497800_Z100949_20190408_200936.xml') </text>
    </message>
    <message time="2019-04-08T22:02:48+2" type="Information">
      <text>Process 239 / 327 ('D:\DATA\DE\Original Data Temp\497869_Z126582_20190408_202713.xml') </text>
    </message>
    <message time="2019-04-08T22:02:48+2" type="Information">
      <text>Process 240 / 327 ('D:\DATA\DE\Original Data Temp\497876_Z119943_20190408_200220.xml') </text>
    </message>
    <message time="2019-04-08T22:02:48+2" type="Information">
      <text>Process 241 / 327 ('D:\DATA\DE\Original Data Temp\497880_Z113995_20190408_201048.xml') </text>
    </message>
    <message time="2019-04-08T22:02:48+2" type="Information">
      <text>Process 242 / 327 ('D:\DATA\DE\Original Data Temp\498834_Z128917_20190408_195724.xml') </text>
    </message>
    <message time="2019-04-08T22:02:48+2" type="Information">
      <text>Process 243 / 327 ('D:\DATA\DE\Original Data Temp\498857_Z127673_20190408_193518.xml') </text>
    </message>
    <message time="2019-04-08T22:02:48+2" type="Information">
      <text>Process 244 / 327 ('D:\DATA\DE\Original Data Temp\499107_Z112225_20190408_195053.xml') </text>
    </message>
    <message time="2019-04-08T22:02:49+2" type="Information">
      <text>Process 245 / 327 ('D:\DATA\DE\Original Data Temp\499246_Z114697_20190408_213426.xml') </text>
    </message>
    <message time="2019-04-08T22:02:49+2" type="Information">
      <text>Process 246 / 327 ('D:\DATA\DE\Original Data Temp\499442_Z104158_20190408_201223.xml') </text>
    </message>
    <message time="2019-04-08T22:02:49+2" type="Information">
      <text>Process 247 / 327 ('D:\DATA\DE\Original Data Temp\499502_Z124433_20190408_205324.xml') </text>
    </message>
    <message time="2019-04-08T22:02:49+2" type="Information">
      <text>Process 248 / 327 ('D:\DATA\DE\Original Data Temp\499586_Z135668_20190408_193215.xml') </text>
    </message>
    <message time="2019-04-08T22:02:49+2" type="Information">
      <text>Process 249 / 327 ('D:\DATA\DE\Original Data Temp\499637_Z135979_20190408_203030.xml') </text>
    </message>
    <message time="2019-04-08T22:02:49+2" type="Information">
      <text>Process 250 / 327 ('D:\DATA\DE\Original Data Temp\502470_Z131290_20190408_194328.xml') </text>
    </message>
    <message time="2019-04-08T22:02:49+2" type="Information">
      <text>Process 251 / 327 ('D:\DATA\DE\Original Data Temp\502628_Z105628_20190408_210716.xml') </text>
    </message>
    <message time="2019-04-08T22:02:50+2" type="Information">
      <text>Process 252 / 327 ('D:\DATA\DE\Original Data Temp\502665_Z132167_20190408_204442.xml') </text>
    </message>
    <message time="2019-04-08T22:02:50+2" type="Error">
      <text>Check failed   (description: 'No Article' source 'D:\DATA\DE\Original Data Temp\502665_Z132167_20190408_204442.xml' rawid '0')</text>
    </message>
    <message time="2019-04-08T22:02:50+2" type="Error">
      <text>Check failed   (description: 'No Shop' source 'D:\DATA\DE\Original Data Temp\502665_Z132167_20190408_204442.xml' rawid '0')</text>
    </message>
    <message time="2019-04-08T22:02:50+2" type="Information">
      <text>Process 253 / 327 ('D:\DATA\DE\Original Data Temp\575224_Z105528_20190408_195829.xml') </text>
    </message>
    <message time="2019-04-08T22:02:50+2" type="Error">
      <text>Check failed   (description: 'No Article' source 'D:\DATA\DE\Original Data Temp\575224_Z105528_20190408_195829.xml' rawid '0')</text>
    </message>
    <message time="2019-04-08T22:02:50+2" type="Error">
      <text>Check failed   (description: 'No Shop' source 'D:\DATA\DE\Original Data Temp\575224_Z105528_20190408_195829.xml' rawid '0')</text>
    </message>
    <message time="2019-04-08T22:02:50+2" type="Information">
      <text>Process 254 / 327 ('D:\DATA\DE\Original Data Temp\575674_Z150882_20190408_202440.xml') </text>
    </message>
    <message time="2019-04-08T22:02:50+2" type="Information">
      <text>Process 255 / 327 ('D:\DATA\DE\Original Data Temp\575905_Z104528_20190408_193107.xml') </text>
    </message>
    <message time="2019-04-08T22:02:50+2" type="Information">
      <text>Process 256 / 327 ('D:\DATA\DE\Original Data Temp\575949_Z100102_20190408_210257.xml') </text>
    </message>
    <message time="2019-04-08T22:02:50+2" type="Information">
      <text>Process 257 / 327 ('D:\DATA\DE\Original Data Temp\579081_Z113481_20190408_201109.xml') </text>
    </message>
    <message time="2019-04-08T22:02:50+2" type="Information">
      <text>Process 258 / 327 ('D:\DATA\DE\Original Data Temp\581542_Z119911_20190408_194015.xml') </text>
    </message>
    <message time="2019-04-08T22:02:50+2" type="Information">
      <text>Process 259 / 327 ('D:\DATA\DE\Original Data Temp\581576_Z128727_20190408_193548.xml') </text>
    </message>
    <message time="2019-04-08T22:02:50+2" type="Information">
      <text>Process 260 / 327 ('D:\DATA\DE\Original Data Temp\582184_Z104490_20190408_212158.xml') </text>
    </message>
    <message time="2019-04-08T22:02:50+2" type="Information">
      <text>Process 261 / 327 ('D:\DATA\DE\Original Data Temp\583581_Z128506_20190408_195911.xml') </text>
    </message>
    <message time="2019-04-08T22:02:50+2" type="Information">
      <text>Process 262 / 327 ('D:\DATA\DE\Original Data Temp\583627_Z128636_20190408_194622.xml') </text>
    </message>
    <message time="2019-04-08T22:02:50+2" type="Information">
      <text>Process 263 / 327 ('D:\DATA\DE\Original Data Temp\583809_Z125240_20190408_193025.xml') </text>
    </message>
    <message time="2019-04-08T22:02:51+2" type="Information">
      <text>Process 264 / 327 ('D:\DATA\DE\Original Data Temp\584523_Z103507_20190408_202842.xml') </text>
    </message>
    <message time="2019-04-08T22:02:51+2" type="Information">
      <text>Process 265 / 327 ('D:\DATA\DE\Original Data Temp\585091_Z136143_20190408_212646.xml') </text>
    </message>
    <message time="2019-04-08T22:02:51+2" type="Information">
      <text>Process 266 / 327 ('D:\DATA\DE\Original Data Temp\585142_Z119648_20190408_204251.xml') </text>
    </message>
    <message time="2019-04-08T22:02:51+2" type="Information">
      <text>Process 267 / 327 ('D:\DATA\DE\Original Data Temp\585142_Z119648_20190408_205256.xml') </text>
    </message>
    <message time="2019-04-08T22:02:51+2" type="Information">
      <text>Process 268 / 327 ('D:\DATA\DE\Original Data Temp\586251_Z125031_20190408_205414.xml') </text>
    </message>
    <message time="2019-04-08T22:02:51+2" type="Information">
      <text>Process 269 / 327 ('D:\DATA\DE\Original Data Temp\600740_Z111857_20190408_195343.xml') </text>
    </message>
    <message time="2019-04-08T22:02:51+2" type="Information">
      <text>Process 270 / 327 ('D:\DATA\DE\Original Data Temp\602037_Z101890_20190408_202045.xml') </text>
    </message>
    <message time="2019-04-08T22:02:51+2" type="Information">
      <text>Process 271 / 327 ('D:\DATA\DE\Original Data Temp\603762_Z126738_20190408_193729.xml') </text>
    </message>
    <message time="2019-04-08T22:02:51+2" type="Information">
      <text>Process 272 / 327 ('D:\DATA\DE\Original Data Temp\603882_Z111482_20190408_215120.xml') </text>
    </message>
    <message time="2019-04-08T22:02:51+2" type="Information">
      <text>Process 273 / 327 ('D:\DATA\DE\Original Data Temp\604544_Z104343_20190408_201628.xml') </text>
    </message>
    <message time="2019-04-08T22:02:52+2" type="Information">
      <text>Process 274 / 327 ('D:\DATA\DE\Original Data Temp\604572_Z104687_20190408_193430.xml') </text>
    </message>
    <message time="2019-04-08T22:02:53+2" type="Information">
      <text>Process 275 / 327 ('D:\DATA\DE\Original Data Temp\604720_Z112306_20190408_200131.xml') </text>
    </message>
    <message time="2019-04-08T22:02:53+2" type="Information">
      <text>Process 276 / 327 ('D:\DATA\DE\Original Data Temp\605799_Z128452_20190408_195229.xml') </text>
    </message>
    <message time="2019-04-08T22:02:53+2" type="Information">
      <text>Process 277 / 327 ('D:\DATA\DE\Original Data Temp\606970_Z121476_20190408_193953.xml') </text>
    </message>
    <message time="2019-04-08T22:02:53+2" type="Information">
      <text>Process 278 / 327 ('D:\DATA\DE\Original Data Temp\607512_Z122174_20190408_201535.xml') </text>
    </message>
    <message time="2019-04-08T22:02:53+2" type="Information">
      <text>Process 279 / 327 ('D:\DATA\DE\Original Data Temp\608461_Z126576_20190408_212856.xml') </text>
    </message>
    <message time="2019-04-08T22:02:53+2" type="Information">
      <text>Process 280 / 327 ('D:\DATA\DE\Original Data Temp\608769_Z135421_20190408_193515.xml') </text>
    </message>
    <message time="2019-04-08T22:02:53+2" type="Information">
      <text>Process 281 / 327 ('D:\DATA\DE\Original Data Temp\608885_Z150114_20190408_205018.xml') </text>
    </message>
    <message time="2019-04-08T22:02:53+2" type="Information">
      <text>Process 282 / 327 ('D:\DATA\DE\Original Data Temp\609537_Z123336_20190408_195500.xml') </text>
    </message>
    <message time="2019-04-08T22:02:53+2" type="Information">
      <text>Process 283 / 327 ('D:\DATA\DE\Original Data Temp\610389_Z111198_20190408_193544.xml') </text>
    </message>
    <message time="2019-04-08T22:02:53+2" type="Information">
      <text>Process 284 / 327 ('D:\DATA\DE\Original Data Temp\614183_Z121759_20190408_203157.xml') </text>
    </message>
    <message time="2019-04-08T22:02:54+2" type="Information">
      <text>Process 285 / 327 ('D:\DATA\DE\Original Data Temp\614400_Z103924_20190408_204123.xml') </text>
    </message>
    <message time="2019-04-08T22:02:54+2" type="Information">
      <text>Process 286 / 327 ('D:\DATA\DE\Original Data Temp\618611_Z113224_20190408_212600.xml') </text>
    </message>
    <message time="2019-04-08T22:02:54+2" type="Information">
      <text>Process 287 / 327 ('D:\DATA\DE\Original Data Temp\624331_Z100971_20190408_205302.xml') </text>
    </message>
    <message time="2019-04-08T22:02:54+2" type="Information">
      <text>Process 288 / 327 ('D:\DATA\DE\Original Data Temp\628286_Z114417_20190408_212403.xml') </text>
    </message>
    <message time="2019-04-08T22:02:54+2" type="Information">
      <text>Process 289 / 327 ('D:\DATA\DE\Original Data Temp\630716_Z104260_20190408_213302.xml') </text>
    </message>
    <message time="2019-04-08T22:02:54+2" type="Information">
      <text>Process 290 / 327 ('D:\DATA\DE\Original Data Temp\632509_Z100662_20190408_194010.xml') </text>
    </message>
    <message time="2019-04-08T22:02:54+2" type="Information">
      <text>Process 291 / 327 ('D:\DATA\DE\Original Data Temp\637942_Z111233_20190408_210344.xml') </text>
    </message>
    <message time="2019-04-08T22:02:54+2" type="Information">
      <text>Process 292 / 327 ('D:\DATA\DE\Original Data Temp\669377_Z103636_20190408_193256.xml') </text>
    </message>
    <message time="2019-04-08T22:02:54+2" type="Information">
      <text>Process 293 / 327 ('D:\DATA\DE\Original Data Temp\807849_Z125238_20190408_201825.xml') </text>
    </message>
    <message time="2019-04-08T22:02:54+2" type="Information">
      <text>Process 294 / 327 ('D:\DATA\DE\Original Data Temp\871268_Z102172_20190408_193435.xml') </text>
    </message>
    <message time="2019-04-08T22:02:54+2" type="Information">
      <text>Process 295 / 327 ('D:\DATA\DE\Original Data Temp\895721_Z125683_20190408_214329.xml') </text>
    </message>
    <message time="2019-04-08T22:02:55+2" type="Information">
      <text>Process 296 / 327 ('D:\DATA\DE\Original Data Temp\919807_Z122400_20190408_200405.xml') </text>
    </message>
    <message time="2019-04-08T22:02:55+2" type="Information">
      <text>Process 297 / 327 ('D:\DATA\DE\Original Data Temp\966941_Z122608_20190408_215132.xml') </text>
    </message>
    <message time="2019-04-08T22:02:55+2" type="Error">
      <text>Check failed   (description: 'No Article' source 'D:\DATA\DE\Original Data Temp\966941_Z122608_20190408_215132.xml' rawid '0')</text>
    </message>
    <message time="2019-04-08T22:02:55+2" type="Information">
      <text>Process 298 / 327 ('D:\DATA\DE\Original Data Temp\968485_Z103512_20190408_210957.xml') </text>
    </message>
    <message time="2019-04-08T22:02:55+2" type="Information">
      <text>Process 299 / 327 ('D:\DATA\DE\Original Data Temp\971928_Z127377_20190408_193032.xml') </text>
    </message>
    <message time="2019-04-08T22:02:55+2" type="Information">
      <text>Process 300 / 327 ('D:\DATA\DE\Original Data Temp\972349_Z125792_20190408_193150.xml') </text>
    </message>
    <message time="2019-04-08T22:02:55+2" type="Information">
      <text>Process 301 / 327 ('D:\DATA\DE\Original Data Temp\972355_Z127397_20190408_200224.xml') </text>
    </message>
    <message time="2019-04-08T22:02:55+2" type="Information">
      <text>Process 302 / 327 ('D:\DATA\DE\Original Data Temp\973009_Z123031_20190408_195015.xml') </text>
    </message>
    <message time="2019-04-08T22:02:55+2" type="Information">
      <text>Process 303 / 327 ('D:\DATA\DE\Original Data Temp\973177_Z113758_20190408_195722.xml') </text>
    </message>
    <message time="2019-04-08T22:02:55+2" type="Information">
      <text>Process 304 / 327 ('D:\DATA\DE\Original Data Temp\973685_Z126692_20190408_204904.xml') </text>
    </message>
    <message time="2019-04-08T22:02:56+2" type="Information">
      <text>Process 305 / 327 ('D:\DATA\DE\Original Data Temp\974117_Z150810_20190408_204656.xml') </text>
    </message>
    <message time="2019-04-08T22:02:56+2" type="Information">
      <text>Process 306 / 327 ('D:\DATA\DE\Original Data Temp\975110_Z127344_20190408_215026.xml') </text>
    </message>
    <message time="2019-04-08T22:02:56+2" type="Information">
      <text>Process 307 / 327 ('D:\DATA\DE\Original Data Temp\975169_Z150539_20190408_201641.xml') </text>
    </message>
    <message time="2019-04-08T22:02:56+2" type="Information">
      <text>Process 308 / 327 ('D:\DATA\DE\Original Data Temp\975701_Z117973_20190408_212821.xml') </text>
    </message>
    <message time="2019-04-08T22:02:56+2" type="Information">
      <text>Process 309 / 327 ('D:\DATA\DE\Original Data Temp\975804_Z113560_20190408_204110.xml') </text>
    </message>
    <message time="2019-04-08T22:02:56+2" type="Error">
      <text>Check failed   (description: 'No Article' source 'D:\DATA\DE\Original Data Temp\975804_Z113560_20190408_204110.xml' rawid '195')</text>
    </message>
    <message time="2019-04-08T22:02:56+2" type="Information">
      <text>Process 310 / 327 ('D:\DATA\DE\Original Data Temp\976277_Z122645_20190408_202227.xml') </text>
    </message>
    <message time="2019-04-08T22:02:56+2" type="Information">
      <text>Process 311 / 327 ('D:\DATA\DE\Original Data Temp\977850_Z127816_20190408_194456.xml') </text>
    </message>
    <message time="2019-04-08T22:02:56+2" type="Information">
      <text>Process 312 / 327 ('D:\DATA\DE\Original Data Temp\978124_Z121567_20190408_193334.xml') </text>
    </message>
    <message time="2019-04-08T22:02:56+2" type="Information">
      <text>Process 313 / 327 ('D:\DATA\DE\Original Data Temp\978365_Z130693_20190408_204538.xml') </text>
    </message>
    <message time="2019-04-08T22:02:56+2" type="Information">
      <text>Process 314 / 327 ('D:\DATA\DE\Original Data Temp\978803_Z100153_20190408_210713.xml') </text>
    </message>
    <message time="2019-04-08T22:02:56+2" type="Information">
      <text>Process 315 / 327 ('D:\DATA\DE\Original Data Temp\979252_Z103881_20190408_200752.xml') </text>
    </message>
    <message time="2019-04-08T22:02:57+2" type="Information">
      <text>Process 316 / 327 ('D:\DATA\DE\Original Data Temp\979622_Z118815_20190408_193751.xml') </text>
    </message>
    <message time="2019-04-08T22:02:57+2" type="Information">
      <text>Process 317 / 327 ('D:\DATA\DE\Original Data Temp\979765_Z110123_20190408_200422.xml') </text>
    </message>
    <message time="2019-04-08T22:02:57+2" type="Information">
      <text>Process 318 / 327 ('D:\DATA\DE\Original Data Temp\987459_Z126934_20190408_214746.xml') </text>
    </message>
    <message time="2019-04-08T22:02:57+2" type="Information">
      <text>Process 319 / 327 ('D:\DATA\DE\Original Data Temp\987471_Z122851_20190408_213719.xml') </text>
    </message>
    <message time="2019-04-08T22:02:57+2" type="Information">
      <text>Process 320 / 327 ('D:\DATA\DE\Original Data Temp\987495_Z1200578_20190408_202436.xml') </text>
    </message>
    <message time="2019-04-08T22:02:58+2" type="Information">
      <text>Process 321 / 327 ('D:\DATA\DE\Original Data Temp\987765_Z111759_20190408_193418.xml') </text>
    </message>
    <message time="2019-04-08T22:02:58+2" type="Information">
      <text>Process 322 / 327 ('D:\DATA\DE\Original Data Temp\988328_Z119214_20190408_203007.xml') </text>
    </message>
    <message time="2019-04-08T22:02:58+2" type="Information">
      <text>Process 323 / 327 ('D:\DATA\DE\Original Data Temp\988821_Z121531_20190408_202504.xml') </text>
    </message>
    <message time="2019-04-08T22:02:58+2" type="Information">
      <text>Process 324 / 327 ('D:\DATA\DE\Original Data Temp\988985_Z127002_20190408_200847.xml') </text>
    </message>
    <message time="2019-04-08T22:02:58+2" type="Information">
      <text>Process 325 / 327 ('D:\DATA\DE\Original Data Temp\989190_Z124127_20190408_193556.xml') </text>
    </message>
    <message time="2019-04-08T22:02:58+2" type="Information">
      <text>Process 326 / 327 ('D:\DATA\DE\Original Data Temp\989960_Z106848_20190408_201240.xml') </text>
    </message>
    <message time="2019-04-08T22:02:58+2" type="Information">
      <text>Process 327 / 327 ('D:\DATA\DE\Original Data Temp\990194_Z130560_20190408_200815.xml') </text>
    </message>
    <message time="2019-04-08T22:02:59+2" type="Information">
      <text>Skipping Result: 0 of 514 Purchase Acts were skipped due to their redundant occurrence (now 514 Purchase Acts). </text>
    </message>
    <message time="2019-04-08T22:03:00+2" type="Information">
      <text>Writing ARaMIS-File 'D:\DATA\DE\ARaMIS File\ScanPlus_20190408_220138_export.aramis' </text>
    </message>
    <message time="2019-04-08T22:03:01+2" type="Warning">
      <text>Article was skipped due to script events </text>
    </message>
    <message time="2019-04-08T22:03:01+2" type="Warning">
      <text>Article was skipped due to script events </text>
    </message>
    <message time="2019-04-08T22:03:01+2" type="Warning">
      <text>Article was skipped due to script events </text>
    </message>
    <message time="2019-04-08T22:03:01+2" type="Warning">
      <text>Article was skipped due to script events </text>
    </message>
    <message time="2019-04-08T22:03:01+2" type="Warning">
      <text>Article was skipped due to script events </text>
    </message>
    <message time="2019-04-08T22:03:02+2" type="Warning">
      <text>Article was skipped due to script events </text>
    </message>
    <message time="2019-04-08T22:03:02+2" type="Warning">
      <text>Article was skipped due to script events </text>
    </message>
    <message time="2019-04-08T22:03:02+2" type="Warning">
      <text>Article was skipped due to script events </text>
    </message>
    <message time="2019-04-08T22:03:02+2" type="Warning">
      <text>Article was skipped due to script events </text>
    </message>
    <message time="2019-04-08T22:03:02+2" type="Warning">
      <text>Article was skipped due to script events </text>
    </message>
    <message time="2019-04-08T22:03:02+2" type="Warning">
      <text>Article was skipped due to script events </text>
    </message>
    <message time="2019-04-08T22:03:02+2" type="Warning">
      <text>Article was skipped due to script events </text>
    </message>
    <message time="2019-04-08T22:03:02+2" type="Warning">
      <text>Article was skipped due to script events </text>
    </message>
    <message time="2019-04-08T22:03:02+2" type="Warning">
      <text>Article was skipped due to script events </text>
    </message>
    <message time="2019-04-08T22:03:03+2" type="Warning">
      <text>Article was skipped due to script events </text>
    </message>
    <message time="2019-04-08T22:03:03+2" type="Warning">
      <text>Article was skipped due to script events </text>
    </message>
    <message time="2019-04-08T22:03:03+2" type="Warning">
      <text>Article was skipped due to script events </text>
    </message>
    <message time="2019-04-08T22:03:03+2" type="Warning">
      <text>Article was skipped due to script events </text>
    </message>
    <message time="2019-04-08T22:03:03+2" type="Warning">
      <text>Article was skipped due to script events </text>
    </message>
    <message time="2019-04-08T22:03:04+2" type="Warning">
      <text>Article was skipped due to script events </text>
    </message>
    <message time="2019-04-08T22:03:04+2" type="Warning">
      <text>Article was skipped due to script events </text>
    </message>
    <message time="2019-04-08T22:03:04+2" type="Warning">
      <text>Article was skipped due to script events </text>
    </message>
    <message time="2019-04-08T22:03:04+2" type="Warning">
      <text>Article was skipped due to script events </text>
    </message>
    <message time="2019-04-08T22:03:04+2" type="Warning">
      <text>Article was skipped due to script events </text>
    </message>
    <message time="2019-04-08T22:03:04+2" type="Warning">
      <text>Article was skipped due to script events </text>
    </message>
    <message time="2019-04-08T22:03:04+2" type="Warning">
      <text>Article was skipped due to script events </text>
    </message>
    <message time="2019-04-08T22:03:04+2" type="Warning">
      <text>Article was skipped due to script events </text>
    </message>
    <message time="2019-04-08T22:03:05+2" type="Warning">
      <text>Article was skipped due to script events </text>
    </message>
    <message time="2019-04-08T22:03:05+2" type="Warning">
      <text>Article was skipped due to script events </text>
    </message>
    <message time="2019-04-08T22:03:05+2" type="Warning">
      <text>Article was skipped due to script events </text>
    </message>
    <message time="2019-04-08T22:03:05+2" type="Warning">
      <text>Article was skipped due to script events </text>
    </message>
    <message time="2019-04-08T22:03:06+2" type="Warning">
      <text>Article was skipped due to script events </text>
    </message>
    <message time="2019-04-08T22:03:06+2" type="Warning">
      <text>Article was skipped due to script events </text>
    </message>
    <message time="2019-04-08T22:03:06+2" type="Warning">
      <text>Article was skipped due to script events </text>
    </message>
    <message time="2019-04-08T22:03:06+2" type="Warning">
      <text>Article was skipped due to script events </text>
    </message>
    <message time="2019-04-08T22:03:07+2" type="Warning">
      <text>Article was skipped due to script events </text>
    </message>
    <message time="2019-04-08T22:03:07+2" type="Warning">
      <text>Article was skipped due to script events </text>
    </message>
    <message time="2019-04-08T22:03:07+2" type="Warning">
      <text>Article was skipped due to script events </text>
    </message>
    <message time="2019-04-08T22:03:07+2" type="Warning">
      <text>Article was skipped due to script events </text>
    </message>
    <message time="2019-04-08T22:03:07+2" type="Warning">
      <text>Article was skipped due to script events </text>
    </message>
    <message time="2019-04-08T22:03:07+2" type="Warning">
      <text>Article was skipped due to script events </text>
    </message>
    <message time="2019-04-08T22:03:07+2" type="Warning">
      <text>Article was skipped due to script events </text>
    </message>
    <message time="2019-04-08T22:03:07+2" type="Warning">
      <text>Article was skipped due to script events </text>
    </message>
    <message time="2019-04-08T22:03:08+2" type="Warning">
      <text>Article was skipped due to script events </text>
    </message>
    <message time="2019-04-08T22:03:08+2" type="Warning">
      <text>Article was skipped due to script events </text>
    </message>
    <message time="2019-04-08T22:03:08+2" type="Warning">
      <text>Article was skipped due to script events </text>
    </message>
    <message time="2019-04-08T22:03:08+2" type="Information">
      <text>46 of 4444 Articles were skipped due to script events (now 4398 Articles). </text>
    </message>
    <message time="2019-04-08T22:03:10+2" type="Information">
      <text>Writing ReturnCode-File 'D:\DATA\DE\ARaMIS File\ScanPlus_20190408_220138_export.rc' </text>
    </message>
    <message time="2019-04-08T22:03:10+2" type="Information">
      <text>Input files will be copied to folder 'D:\DATA\DE\Original Data'. </text>
    </message>
  </messages>
  <statistics>
    <input_count>3948</input_count>
    <output_count>4398</output_count>
  </statistics>
  <summary>
    <warnings>826029</warnings>
    <errors>28</errors>
    <end>2019-04-08T22:03:12+2</end>
  </summary>
</protocol>