<?xml version="1.0" encoding="utf-8" standalone="yes"?>
<protocol name="Porthos protocol" time="2019-04-09T12:09:51+2" version="1.0" xmlns="http://www.gfk.com/2016/AtrProtocol/1.0">
  <general>
    <start>2019-04-09T12:09:51+2</start>
    <task>JOB 1</task>
    <dataflow>SmartScan</dataflow>
    <application>Porthos</application>
    <version>2.3.002</version>
    <user>dce.PorthosAdmin.svc</user>
    <input_file>D:\DATA\DE\Input SmartScan\original\*.xml</input_file>
    <output_file>D:\DATA\DE\ARaMIS File\SmartScan_20190409_120951_export.aramis</output_file>
    <protocol_file>D:\DATA\DE\Protocol File\SmartScan_20190409_120951_export.log</protocol_file>
    <error_file>D:\DATA\DE\Error File\SmartScan_20190409_120951_export.error</error_file>
  </general>
  <messages>
    <message time="2019-04-09T12:09:51+2" type="Information">
      <text>222 file(s) ready for processing. </text>
    </message>
    <message time="2019-04-09T12:09:51+2" type="Information">
      <text>Process 1 / 222 ('D:\DATA\DE\Input SmartScan\original\072183_55a75600-1db6-47a5-b3ec-fcb34_20190409_084414.xml') </text>
    </message>
    <message time="2019-04-09T12:09:51+2" type="Information">
      <text>Process 2 / 222 ('D:\DATA\DE\Input SmartScan\original\072183_55a75600-1db6-47a5-b3ec-fcb34_20190409_084505.xml') </text>
    </message>
    <message time="2019-04-09T12:09:51+2" type="Information">
      <text>Process 3 / 222 ('D:\DATA\DE\Input SmartScan\original\076101_09C03C38-EA7D-4FE9-B905-D7B7DE_20190409_082810.xml') </text>
    </message>
    <message time="2019-04-09T12:09:51+2" type="Information">
      <text>Process 4 / 222 ('D:\DATA\DE\Input SmartScan\original\079078_b3a4529a-3c05-424d-97bd-cfa14_20190409_080925.xml') </text>
    </message>
    <message time="2019-04-09T12:09:51+2" type="Information">
      <text>Process 5 / 222 ('D:\DATA\DE\Input SmartScan\original\080904_69620e82-e2fe-456c-8119-8854b_20190409_112124.xml') </text>
    </message>
    <message time="2019-04-09T12:09:51+2" type="Information">
      <text>Process 6 / 222 ('D:\DATA\DE\Input SmartScan\original\080904_69620e82-e2fe-456c-8119-8854b_20190409_112215.xml') </text>
    </message>
    <message time="2019-04-09T12:09:51+2" type="Information">
      <text>Process 7 / 222 ('D:\DATA\DE\Input SmartScan\original\081082_329577F7-30FF-4214-A0FC-E8E177_20190409_111408.xml') </text>
    </message>
    <message time="2019-04-09T12:09:51+2" type="Information">
      <text>Process 8 / 222 ('D:\DATA\DE\Input SmartScan\original\081145_3f3f6982-b22e-48c5-941c-87095_20190409_094558.xml') </text>
    </message>
    <message time="2019-04-09T12:09:52+2" type="Information">
      <text>Process 9 / 222 ('D:\DATA\DE\Input SmartScan\original\083393_d9b8e7b2-0b78-4017-9b9f-fb18e_20190409_092018.xml') </text>
    </message>
    <message time="2019-04-09T12:09:52+2" type="Information">
      <text>Process 10 / 222 ('D:\DATA\DE\Input SmartScan\original\083815_c23237c3-1c69-4276-803b-82205_20190409_102553.xml') </text>
    </message>
    <message time="2019-04-09T12:09:52+2" type="Information">
      <text>Process 11 / 222 ('D:\DATA\DE\Input SmartScan\original\084236_A6A83FB5-9A7C-4397-A270-117C93_20190409_114223.xml') </text>
    </message>
    <message time="2019-04-09T12:09:52+2" type="Information">
      <text>Process 12 / 222 ('D:\DATA\DE\Input SmartScan\original\085795_f504d8f5-9f8f-4d7f-9187-3a31b_20190409_090442.xml') </text>
    </message>
    <message time="2019-04-09T12:09:55+2" type="Information">
      <text>Process 13 / 222 ('D:\DATA\DE\Input SmartScan\original\087432_e23119d0-c53a-4ff8-a804-5d015_20190409_095926.xml') </text>
    </message>
    <message time="2019-04-09T12:09:55+2" type="Information">
      <text>Process 14 / 222 ('D:\DATA\DE\Input SmartScan\original\088330_66EE158C-D30C-4F3E-83E5-EAE460_20190409_084025.xml') </text>
    </message>
    <message time="2019-04-09T12:09:55+2" type="Information">
      <text>Process 15 / 222 ('D:\DATA\DE\Input SmartScan\original\091237_44fd83d2-ffbc-49a8-abed-48546_20190409_084131.xml') </text>
    </message>
    <message time="2019-04-09T12:09:55+2" type="Information">
      <text>Process 16 / 222 ('D:\DATA\DE\Input SmartScan\original\137032_60079e69-09f1-4b75-b4c7-872a3_20190409_102454.xml') </text>
    </message>
    <message time="2019-04-09T12:09:55+2" type="Information">
      <text>Process 17 / 222 ('D:\DATA\DE\Input SmartScan\original\138246_d629d309-d160-4c38-9714-da383_20190409_090209.xml') </text>
    </message>
    <message time="2019-04-09T12:09:55+2" type="Information">
      <text>Process 18 / 222 ('D:\DATA\DE\Input SmartScan\original\138802_DD84FC1C-A444-47D3-8F97-63CE2F_20190409_101659.xml') </text>
    </message>
    <message time="2019-04-09T12:09:55+2" type="Information">
      <text>Process 19 / 222 ('D:\DATA\DE\Input SmartScan\original\171462_350F1EF1-2D9F-4470-850B-FFCD1A_20190409_114201.xml') </text>
    </message>
    <message time="2019-04-09T12:09:56+2" type="Information">
      <text>Process 20 / 222 ('D:\DATA\DE\Input SmartScan\original\180437_189c85c0-f513-4534-b9a1-65d31_20190409_082649.xml') </text>
    </message>
    <message time="2019-04-09T12:09:56+2" type="Information">
      <text>Process 21 / 222 ('D:\DATA\DE\Input SmartScan\original\215756_dd6c450c-57df-49f0-97d1-1535e_20190409_101321.xml') </text>
    </message>
    <message time="2019-04-09T12:09:56+2" type="Information">
      <text>Process 22 / 222 ('D:\DATA\DE\Input SmartScan\original\215756_dd6c450c-57df-49f0-97d1-1535e_20190409_101418.xml') </text>
    </message>
    <message time="2019-04-09T12:09:56+2" type="Information">
      <text>Process 23 / 222 ('D:\DATA\DE\Input SmartScan\original\259864_2c05aec5-5750-48d5-8da2-c2ff2_20190409_115550.xml') </text>
    </message>
    <message time="2019-04-09T12:09:56+2" type="Information">
      <text>Process 24 / 222 ('D:\DATA\DE\Input SmartScan\original\259864_2c05aec5-5750-48d5-8da2-c2ff2_20190409_115627.xml') </text>
    </message>
    <message time="2019-04-09T12:09:56+2" type="Information">
      <text>Process 25 / 222 ('D:\DATA\DE\Input SmartScan\original\263132_DC095751-D308-4495-B1A8-31C6AB_20190409_111202.xml') </text>
    </message>
    <message time="2019-04-09T12:09:56+2" type="Information">
      <text>Process 26 / 222 ('D:\DATA\DE\Input SmartScan\original\269506_619742c0-9060-45f6-8aa0-8b73c_20190409_113026.xml') </text>
    </message>
    <message time="2019-04-09T12:09:56+2" type="Information">
      <text>Process 27 / 222 ('D:\DATA\DE\Input SmartScan\original\270406_da245ad7-bf36-4734-9439-78396_20190409_103717.xml') </text>
    </message>
    <message time="2019-04-09T12:09:56+2" type="Information">
      <text>Process 28 / 222 ('D:\DATA\DE\Input SmartScan\original\270667_38ce2175-163e-4934-8cba-538f8_20190409_115849.xml') </text>
    </message>
    <message time="2019-04-09T12:09:56+2" type="Information">
      <text>Process 29 / 222 ('D:\DATA\DE\Input SmartScan\original\270667_aa31655c-9b61-4a37-818d-86da2_20190409_115515.xml') </text>
    </message>
    <message time="2019-04-09T12:09:56+2" type="Information">
      <text>Process 30 / 222 ('D:\DATA\DE\Input SmartScan\original\270667_aa31655c-9b61-4a37-818d-86da2_20190409_120001.xml') </text>
    </message>
    <message time="2019-04-09T12:09:56+2" type="Information">
      <text>Process 31 / 222 ('D:\DATA\DE\Input SmartScan\original\352056_6356a111-5f6d-4ffd-bc9a-1acfe_20190409_111949.xml') </text>
    </message>
    <message time="2019-04-09T12:09:57+2" type="Information">
      <text>Process 32 / 222 ('D:\DATA\DE\Input SmartScan\original\353776_EF9E43F9-AFF1-418E-8DA4-42ACB7_20190409_080803.xml') </text>
    </message>
    <message time="2019-04-09T12:09:57+2" type="Information">
      <text>Process 33 / 222 ('D:\DATA\DE\Input SmartScan\original\353992_5bb7c2f0-6dbf-4bcc-b729-d66cf_20190409_090711.xml') </text>
    </message>
    <message time="2019-04-09T12:09:57+2" type="Information">
      <text>Process 34 / 222 ('D:\DATA\DE\Input SmartScan\original\354530_77106917-B502-4ED4-970E-CD2CC5_20190409_085534.xml') </text>
    </message>
    <message time="2019-04-09T12:09:57+2" type="Information">
      <text>Process 35 / 222 ('D:\DATA\DE\Input SmartScan\original\354626_cd90d05c-828c-4d62-a7b7-29e54_20190409_093046.xml') </text>
    </message>
    <message time="2019-04-09T12:09:57+2" type="Information">
      <text>Process 36 / 222 ('D:\DATA\DE\Input SmartScan\original\354689_b7db0e0a-fbac-429e-beb2-b11f0_20190409_093015.xml') </text>
    </message>
    <message time="2019-04-09T12:09:57+2" type="Information">
      <text>Process 37 / 222 ('D:\DATA\DE\Input SmartScan\original\365321_4f3298fc-65aa-46b0-8eb4-60d47_20190409_110830.xml') </text>
    </message>
    <message time="2019-04-09T12:09:57+2" type="Information">
      <text>Process 38 / 222 ('D:\DATA\DE\Input SmartScan\original\365324_B3CE159F-463C-478C-9B64-B80FC0_20190409_103243.xml') </text>
    </message>
    <message time="2019-04-09T12:09:57+2" type="Information">
      <text>Process 39 / 222 ('D:\DATA\DE\Input SmartScan\original\412419_4afd9af3-de90-4c4d-9f45-5550b_20190409_114855.xml') </text>
    </message>
    <message time="2019-04-09T12:09:57+2" type="Information">
      <text>Process 40 / 222 ('D:\DATA\DE\Input SmartScan\original\417307_1AB4B544-6921-41F0-9929-DDEE77_20190409_110923.xml') </text>
    </message>
    <message time="2019-04-09T12:09:57+2" type="Information">
      <text>Process 41 / 222 ('D:\DATA\DE\Input SmartScan\original\417307_1AB4B544-6921-41F0-9929-DDEE77_20190409_114850.xml') </text>
    </message>
    <message time="2019-04-09T12:09:57+2" type="Information">
      <text>Process 42 / 222 ('D:\DATA\DE\Input SmartScan\original\418769_7f7f69f6-2fd3-46db-8908-c3508_20190409_115116.xml') </text>
    </message>
    <message time="2019-04-09T12:09:57+2" type="Information">
      <text>Process 43 / 222 ('D:\DATA\DE\Input SmartScan\original\459968_0A03E72B-339D-4EEE-86C0-F473E4_20190409_115228.xml') </text>
    </message>
    <message time="2019-04-09T12:09:57+2" type="Information">
      <text>Process 44 / 222 ('D:\DATA\DE\Input SmartScan\original\462323_1715F834-B4F6-4B4D-8A34-8611ED_20190409_091518.xml') </text>
    </message>
    <message time="2019-04-09T12:09:58+2" type="Information">
      <text>Process 45 / 222 ('D:\DATA\DE\Input SmartScan\original\462323_1715F834-B4F6-4B4D-8A34-8611ED_20190409_115551.xml') </text>
    </message>
    <message time="2019-04-09T12:09:58+2" type="Information">
      <text>Process 46 / 222 ('D:\DATA\DE\Input SmartScan\original\466126_81ef0d0c-b027-4ca4-94c7-4b081_20190409_103635.xml') </text>
    </message>
    <message time="2019-04-09T12:09:58+2" type="Information">
      <text>Process 47 / 222 ('D:\DATA\DE\Input SmartScan\original\485627_EE8CB432-3A32-43D7-9C2C-9785AD_20190409_094623.xml') </text>
    </message>
    <message time="2019-04-09T12:09:58+2" type="Information">
      <text>Process 48 / 222 ('D:\DATA\DE\Input SmartScan\original\485629_8AA07178-2DB5-4765-8F02-EE16BF_20190409_103943.xml') </text>
    </message>
    <message time="2019-04-09T12:09:58+2" type="Information">
      <text>Process 49 / 222 ('D:\DATA\DE\Input SmartScan\original\485629_8AA07178-2DB5-4765-8F02-EE16BF_20190409_104329.xml') </text>
    </message>
    <message time="2019-04-09T12:09:58+2" type="Information">
      <text>Process 50 / 222 ('D:\DATA\DE\Input SmartScan\original\485629_8AA07178-2DB5-4765-8F02-EE16BF_20190409_104725.xml') </text>
    </message>
    <message time="2019-04-09T12:09:58+2" type="Information">
      <text>Process 51 / 222 ('D:\DATA\DE\Input SmartScan\original\485730_73c5f937-3f17-4910-a676-6fed0_20190409_093729.xml') </text>
    </message>
    <message time="2019-04-09T12:09:58+2" type="Information">
      <text>Process 52 / 222 ('D:\DATA\DE\Input SmartScan\original\485761_df645ad9-892a-48af-8b7d-95762_20190409_105323.xml') </text>
    </message>
    <message time="2019-04-09T12:09:58+2" type="Information">
      <text>Process 53 / 222 ('D:\DATA\DE\Input SmartScan\original\486562_da3585b4-7e30-4f89-b676-ed76b_20190409_104621.xml') </text>
    </message>
    <message time="2019-04-09T12:09:58+2" type="Information">
      <text>Process 54 / 222 ('D:\DATA\DE\Input SmartScan\original\486654_6DB328F9-7DE5-4F6A-A1A5-EDB69A_20190409_110031.xml') </text>
    </message>
    <message time="2019-04-09T12:09:59+2" type="Information">
      <text>Process 55 / 222 ('D:\DATA\DE\Input SmartScan\original\486654_6DB328F9-7DE5-4F6A-A1A5-EDB69A_20190409_110216.xml') </text>
    </message>
    <message time="2019-04-09T12:09:59+2" type="Information">
      <text>Process 56 / 222 ('D:\DATA\DE\Input SmartScan\original\486654_6DB328F9-7DE5-4F6A-A1A5-EDB69A_20190409_110859.xml') </text>
    </message>
    <message time="2019-04-09T12:09:59+2" type="Information">
      <text>Process 57 / 222 ('D:\DATA\DE\Input SmartScan\original\487174_2D0E48B8-2A5E-45A5-8F8D-204363_20190409_081823.xml') </text>
    </message>
    <message time="2019-04-09T12:09:59+2" type="Information">
      <text>Process 58 / 222 ('D:\DATA\DE\Input SmartScan\original\487287_E7C9E2C6-9E5A-4BE8-BF71-DF7C77_20190409_093103.xml') </text>
    </message>
    <message time="2019-04-09T12:09:59+2" type="Information">
      <text>Process 59 / 222 ('D:\DATA\DE\Input SmartScan\original\488333_e3e0868f-6e26-4d75-9d41-c36f3_20190409_113048.xml') </text>
    </message>
    <message time="2019-04-09T12:09:59+2" type="Information">
      <text>Process 60 / 222 ('D:\DATA\DE\Input SmartScan\original\489352_e87eb83e-6aff-49c2-b616-7f805_20190409_093944.xml') </text>
    </message>
    <message time="2019-04-09T12:10:00+2" type="Information">
      <text>Process 61 / 222 ('D:\DATA\DE\Input SmartScan\original\489569_be41dc8b-a62e-4661-8f73-9ecc0_20190409_112412.xml') </text>
    </message>
    <message time="2019-04-09T12:10:00+2" type="Information">
      <text>Process 62 / 222 ('D:\DATA\DE\Input SmartScan\original\489571_ad260c92-7293-4293-90e3-31b54_20190409_104115.xml') </text>
    </message>
    <message time="2019-04-09T12:10:00+2" type="Information">
      <text>Process 63 / 222 ('D:\DATA\DE\Input SmartScan\original\489571_ad260c92-7293-4293-90e3-31b54_20190409_105100.xml') </text>
    </message>
    <message time="2019-04-09T12:10:00+2" type="Information">
      <text>Process 64 / 222 ('D:\DATA\DE\Input SmartScan\original\489571_ad260c92-7293-4293-90e3-31b54_20190409_105212.xml') </text>
    </message>
    <message time="2019-04-09T12:10:00+2" type="Information">
      <text>Process 65 / 222 ('D:\DATA\DE\Input SmartScan\original\489649_0904bf8c-a0c9-4279-81fb-08d03_20190409_102903.xml') </text>
    </message>
    <message time="2019-04-09T12:10:00+2" type="Information">
      <text>Process 66 / 222 ('D:\DATA\DE\Input SmartScan\original\490575_11bbee8b-dd9f-48e3-b0c7-ea42c_20190409_104005.xml') </text>
    </message>
    <message time="2019-04-09T12:10:00+2" type="Information">
      <text>Process 67 / 222 ('D:\DATA\DE\Input SmartScan\original\490575_11bbee8b-dd9f-48e3-b0c7-ea42c_20190409_104119.xml') </text>
    </message>
    <message time="2019-04-09T12:10:00+2" type="Information">
      <text>Process 68 / 222 ('D:\DATA\DE\Input SmartScan\original\490808_ed96660e-02c5-4bcc-a798-e9b64_20190409_111943.xml') </text>
    </message>
    <message time="2019-04-09T12:10:00+2" type="Information">
      <text>Process 69 / 222 ('D:\DATA\DE\Input SmartScan\original\490825_ea347935-3322-401b-a8ac-dc02f_20190409_100846.xml') </text>
    </message>
    <message time="2019-04-09T12:10:00+2" type="Information">
      <text>Process 70 / 222 ('D:\DATA\DE\Input SmartScan\original\490825_ea347935-3322-401b-a8ac-dc02f_20190409_101600.xml') </text>
    </message>
    <message time="2019-04-09T12:10:00+2" type="Information">
      <text>Process 71 / 222 ('D:\DATA\DE\Input SmartScan\original\490862_F4F7353C-C5A8-4B13-B702-930CF9_20190409_105905.xml') </text>
    </message>
    <message time="2019-04-09T12:10:00+2" type="Information">
      <text>Process 72 / 222 ('D:\DATA\DE\Input SmartScan\original\490862_F4F7353C-C5A8-4B13-B702-930CF9_20190409_110546.xml') </text>
    </message>
    <message time="2019-04-09T12:10:01+2" type="Information">
      <text>Process 73 / 222 ('D:\DATA\DE\Input SmartScan\original\490862_F4F7353C-C5A8-4B13-B702-930CF9_20190409_110653.xml') </text>
    </message>
    <message time="2019-04-09T12:10:01+2" type="Information">
      <text>Process 74 / 222 ('D:\DATA\DE\Input SmartScan\original\490951_f4abfa38-e69c-42c1-a0e0-ee2ce_20190409_080314.xml') </text>
    </message>
    <message time="2019-04-09T12:10:01+2" type="Information">
      <text>Process 75 / 222 ('D:\DATA\DE\Input SmartScan\original\491029_c5468a73-fc52-429a-a457-69be7_20190409_114530.xml') </text>
    </message>
    <message time="2019-04-09T12:10:01+2" type="Information">
      <text>Process 76 / 222 ('D:\DATA\DE\Input SmartScan\original\491029_c5468a73-fc52-429a-a457-69be7_20190409_114948.xml') </text>
    </message>
    <message time="2019-04-09T12:10:01+2" type="Information">
      <text>Process 77 / 222 ('D:\DATA\DE\Input SmartScan\original\491122_9870452E-AF8F-4667-BBEE-1AECA4_20190409_112221.xml') </text>
    </message>
    <message time="2019-04-09T12:10:01+2" type="Information">
      <text>Process 78 / 222 ('D:\DATA\DE\Input SmartScan\original\492274_a896d5be-7a86-4094-894e-8a2dc_20190409_111139.xml') </text>
    </message>
    <message time="2019-04-09T12:10:01+2" type="Information">
      <text>Process 79 / 222 ('D:\DATA\DE\Input SmartScan\original\492335_b741184c-7049-4b71-a0ab-61dab_20190409_091629.xml') </text>
    </message>
    <message time="2019-04-09T12:10:01+2" type="Information">
      <text>Process 80 / 222 ('D:\DATA\DE\Input SmartScan\original\492715_708ca187-0939-4246-bf83-dff57_20190409_082211.xml') </text>
    </message>
    <message time="2019-04-09T12:10:01+2" type="Information">
      <text>Process 81 / 222 ('D:\DATA\DE\Input SmartScan\original\493439_e053408f-ddb6-4171-9bb4-9edab_20190409_101714.xml') </text>
    </message>
    <message time="2019-04-09T12:10:01+2" type="Information">
      <text>Process 82 / 222 ('D:\DATA\DE\Input SmartScan\original\493439_e053408f-ddb6-4171-9bb4-9edab_20190409_102242.xml') </text>
    </message>
    <message time="2019-04-09T12:10:01+2" type="Information">
      <text>Process 83 / 222 ('D:\DATA\DE\Input SmartScan\original\493467_f44a65cd-148a-4851-88e0-96452_20190409_104658.xml') </text>
    </message>
    <message time="2019-04-09T12:10:02+2" type="Information">
      <text>Process 84 / 222 ('D:\DATA\DE\Input SmartScan\original\493547_632e9b2b-719c-4155-ae47-8a00b_20190409_103149.xml') </text>
    </message>
    <message time="2019-04-09T12:10:02+2" type="Information">
      <text>Process 85 / 222 ('D:\DATA\DE\Input SmartScan\original\493547_632e9b2b-719c-4155-ae47-8a00b_20190409_103434.xml') </text>
    </message>
    <message time="2019-04-09T12:10:02+2" type="Information">
      <text>Process 86 / 222 ('D:\DATA\DE\Input SmartScan\original\493610_d10e0188-6912-4e96-91be-69685_20190409_095233.xml') </text>
    </message>
    <message time="2019-04-09T12:10:02+2" type="Information">
      <text>Process 87 / 222 ('D:\DATA\DE\Input SmartScan\original\493610_d10e0188-6912-4e96-91be-69685_20190409_095437.xml') </text>
    </message>
    <message time="2019-04-09T12:10:02+2" type="Information">
      <text>Process 88 / 222 ('D:\DATA\DE\Input SmartScan\original\493652_57d24794-6b11-4386-beb8-1bf33_20190409_091045.xml') </text>
    </message>
    <message time="2019-04-09T12:10:02+2" type="Information">
      <text>Process 89 / 222 ('D:\DATA\DE\Input SmartScan\original\493652_57d24794-6b11-4386-beb8-1bf33_20190409_114819.xml') </text>
    </message>
    <message time="2019-04-09T12:10:02+2" type="Information">
      <text>Process 90 / 222 ('D:\DATA\DE\Input SmartScan\original\493742_8d2ed732-0bed-4073-83be-6e235_20190409_115001.xml') </text>
    </message>
    <message time="2019-04-09T12:10:02+2" type="Information">
      <text>Process 91 / 222 ('D:\DATA\DE\Input SmartScan\original\493742_8d2ed732-0bed-4073-83be-6e235_20190409_115236.xml') </text>
    </message>
    <message time="2019-04-09T12:10:02+2" type="Information">
      <text>Process 92 / 222 ('D:\DATA\DE\Input SmartScan\original\493795_cff20955-3bc0-41b0-8005-6b255_20190409_085819.xml') </text>
    </message>
    <message time="2019-04-09T12:10:02+2" type="Information">
      <text>Process 93 / 222 ('D:\DATA\DE\Input SmartScan\original\493945_58ff9d9a-2661-4a1f-89a2-0ad46_20190409_104044.xml') </text>
    </message>
    <message time="2019-04-09T12:10:02+2" type="Information">
      <text>Process 94 / 222 ('D:\DATA\DE\Input SmartScan\original\493945_58ff9d9a-2661-4a1f-89a2-0ad46_20190409_105009.xml') </text>
    </message>
    <message time="2019-04-09T12:10:02+2" type="Information">
      <text>Process 95 / 222 ('D:\DATA\DE\Input SmartScan\original\494140_b0d01102-2335-44d0-9797-49338_20190409_113655.xml') </text>
    </message>
    <message time="2019-04-09T12:10:03+2" type="Information">
      <text>Process 96 / 222 ('D:\DATA\DE\Input SmartScan\original\494140_b0d01102-2335-44d0-9797-49338_20190409_113811.xml') </text>
    </message>
    <message time="2019-04-09T12:10:03+2" type="Information">
      <text>Process 97 / 222 ('D:\DATA\DE\Input SmartScan\original\494764_076D35DB-F781-4E63-8318-ADB5E1_20190409_115254.xml') </text>
    </message>
    <message time="2019-04-09T12:10:03+2" type="Information">
      <text>Process 98 / 222 ('D:\DATA\DE\Input SmartScan\original\494834_40D0831D-5B1A-4F1E-87C9-71EF3D_20190409_105207.xml') </text>
    </message>
    <message time="2019-04-09T12:10:03+2" type="Information">
      <text>Process 99 / 222 ('D:\DATA\DE\Input SmartScan\original\495230_c44157f5-2c29-4be8-bd26-7e298_20190409_083443.xml') </text>
    </message>
    <message time="2019-04-09T12:10:03+2" type="Information">
      <text>Process 100 / 222 ('D:\DATA\DE\Input SmartScan\original\495306_b204e426-2c5a-4e5a-b0d4-f91fa_20190409_093528.xml') </text>
    </message>
    <message time="2019-04-09T12:10:03+2" type="Information">
      <text>Process 101 / 222 ('D:\DATA\DE\Input SmartScan\original\495785_1A77E8A4-3165-4C2C-B52E-BB241D_20190409_112556.xml') </text>
    </message>
    <message time="2019-04-09T12:10:03+2" type="Information">
      <text>Process 102 / 222 ('D:\DATA\DE\Input SmartScan\original\495950_89EBDA1E-A096-41F2-8FB6-93E809_20190409_081905.xml') </text>
    </message>
    <message time="2019-04-09T12:10:03+2" type="Information">
      <text>Process 103 / 222 ('D:\DATA\DE\Input SmartScan\original\495952_3f68d195-da12-4521-b21f-a31ed_20190409_104017.xml') </text>
    </message>
    <message time="2019-04-09T12:10:04+2" type="Information">
      <text>Process 104 / 222 ('D:\DATA\DE\Input SmartScan\original\495952_3f68d195-da12-4521-b21f-a31ed_20190409_104154.xml') </text>
    </message>
    <message time="2019-04-09T12:10:04+2" type="Information">
      <text>Process 105 / 222 ('D:\DATA\DE\Input SmartScan\original\495952_3f68d195-da12-4521-b21f-a31ed_20190409_104605.xml') </text>
    </message>
    <message time="2019-04-09T12:10:04+2" type="Information">
      <text>Process 106 / 222 ('D:\DATA\DE\Input SmartScan\original\496368_c028e6fc-fe5d-454d-9dae-c858a_20190409_111113.xml') </text>
    </message>
    <message time="2019-04-09T12:10:04+2" type="Information">
      <text>Process 107 / 222 ('D:\DATA\DE\Input SmartScan\original\496499_3fc2d84b-f31b-4b28-8766-ba474_20190409_102958.xml') </text>
    </message>
    <message time="2019-04-09T12:10:04+2" type="Information">
      <text>Process 108 / 222 ('D:\DATA\DE\Input SmartScan\original\496718_68240d1b-6d1b-45c2-a7c2-5103c_20190409_112114.xml') </text>
    </message>
    <message time="2019-04-09T12:10:04+2" type="Information">
      <text>Process 109 / 222 ('D:\DATA\DE\Input SmartScan\original\496785_07cecd12-99e9-42cd-8258-70918_20190409_113049.xml') </text>
    </message>
    <message time="2019-04-09T12:10:04+2" type="Information">
      <text>Process 110 / 222 ('D:\DATA\DE\Input SmartScan\original\497114_f1531eb6-0945-44fd-acb1-96d7b_20190409_112712.xml') </text>
    </message>
    <message time="2019-04-09T12:10:04+2" type="Information">
      <text>Process 111 / 222 ('D:\DATA\DE\Input SmartScan\original\497293_2de780a6-1b8f-4c0e-a1c7-bc490_20190409_113646.xml') </text>
    </message>
    <message time="2019-04-09T12:10:04+2" type="Information">
      <text>Process 112 / 222 ('D:\DATA\DE\Input SmartScan\original\497293_2de780a6-1b8f-4c0e-a1c7-bc490_20190409_114126.xml') </text>
    </message>
    <message time="2019-04-09T12:10:04+2" type="Information">
      <text>Process 113 / 222 ('D:\DATA\DE\Input SmartScan\original\497307_586359b3-7ce2-4b09-adf7-d046d_20190409_114911.xml') </text>
    </message>
    <message time="2019-04-09T12:10:04+2" type="Information">
      <text>Process 114 / 222 ('D:\DATA\DE\Input SmartScan\original\497307_586359b3-7ce2-4b09-adf7-d046d_20190409_115211.xml') </text>
    </message>
    <message time="2019-04-09T12:10:05+2" type="Information">
      <text>Process 115 / 222 ('D:\DATA\DE\Input SmartScan\original\497351_2a1b18ec-7274-4408-a697-ae701_20190409_115115.xml') </text>
    </message>
    <message time="2019-04-09T12:10:05+2" type="Information">
      <text>Process 116 / 222 ('D:\DATA\DE\Input SmartScan\original\497972_ebff1745-cf4c-4e50-97ed-2868f_20190409_105305.xml') </text>
    </message>
    <message time="2019-04-09T12:10:05+2" type="Information">
      <text>Process 117 / 222 ('D:\DATA\DE\Input SmartScan\original\498032_A38BB2F6-95B2-4501-B5E5-A5869A_20190409_101510.xml') </text>
    </message>
    <message time="2019-04-09T12:10:05+2" type="Information">
      <text>Process 118 / 222 ('D:\DATA\DE\Input SmartScan\original\498241_48983abf-f7e3-432b-bd27-786de_20190409_104757.xml') </text>
    </message>
    <message time="2019-04-09T12:10:05+2" type="Information">
      <text>Process 119 / 222 ('D:\DATA\DE\Input SmartScan\original\498241_48983abf-f7e3-432b-bd27-786de_20190409_115212.xml') </text>
    </message>
    <message time="2019-04-09T12:10:05+2" type="Information">
      <text>Process 120 / 222 ('D:\DATA\DE\Input SmartScan\original\498241_48983abf-f7e3-432b-bd27-786de_20190409_115603.xml') </text>
    </message>
    <message time="2019-04-09T12:10:05+2" type="Information">
      <text>Process 121 / 222 ('D:\DATA\DE\Input SmartScan\original\498730_cac4f147-fe9c-4c7c-9ab2-ca0d2_20190409_101654.xml') </text>
    </message>
    <message time="2019-04-09T12:10:05+2" type="Information">
      <text>Process 122 / 222 ('D:\DATA\DE\Input SmartScan\original\498730_cac4f147-fe9c-4c7c-9ab2-ca0d2_20190409_115147.xml') </text>
    </message>
    <message time="2019-04-09T12:10:05+2" type="Information">
      <text>Process 123 / 222 ('D:\DATA\DE\Input SmartScan\original\498739_8d3bc46c-597a-401c-888a-b0ec0_20190409_092103.xml') </text>
    </message>
    <message time="2019-04-09T12:10:05+2" type="Information">
      <text>Process 124 / 222 ('D:\DATA\DE\Input SmartScan\original\498739_8d3bc46c-597a-401c-888a-b0ec0_20190409_092153.xml') </text>
    </message>
    <message time="2019-04-09T12:10:06+2" type="Information">
      <text>Process 125 / 222 ('D:\DATA\DE\Input SmartScan\original\499005_83AFF40A-EE0B-4E36-A0BA-6B3682_20190409_111319.xml') </text>
    </message>
    <message time="2019-04-09T12:10:06+2" type="Information">
      <text>Process 126 / 222 ('D:\DATA\DE\Input SmartScan\original\499005_83AFF40A-EE0B-4E36-A0BA-6B3682_20190409_111515.xml') </text>
    </message>
    <message time="2019-04-09T12:10:06+2" type="Information">
      <text>Process 127 / 222 ('D:\DATA\DE\Input SmartScan\original\499013_B38AE003-080D-490B-9AE0-092525_20190409_102444.xml') </text>
    </message>
    <message time="2019-04-09T12:10:06+2" type="Information">
      <text>Process 128 / 222 ('D:\DATA\DE\Input SmartScan\original\499275_e82c693a-e760-4f56-b10c-f0c6f_20190409_114940.xml') </text>
    </message>
    <message time="2019-04-09T12:10:06+2" type="Information">
      <text>Process 129 / 222 ('D:\DATA\DE\Input SmartScan\original\499347_8D353270-CAF4-475A-9840-A81354_20190409_094645.xml') </text>
    </message>
    <message time="2019-04-09T12:10:06+2" type="Information">
      <text>Process 130 / 222 ('D:\DATA\DE\Input SmartScan\original\499761_4C011FA8-4101-4022-B791-36D2FD_20190409_111631.xml') </text>
    </message>
    <message time="2019-04-09T12:10:06+2" type="Information">
      <text>Process 131 / 222 ('D:\DATA\DE\Input SmartScan\original\499761_4C011FA8-4101-4022-B791-36D2FD_20190409_113637.xml') </text>
    </message>
    <message time="2019-04-09T12:10:07+2" type="Information">
      <text>Process 132 / 222 ('D:\DATA\DE\Input SmartScan\original\499795_FFF715C2-DC4A-4786-875C-6328A2_20190409_102211.xml') </text>
    </message>
    <message time="2019-04-09T12:10:07+2" type="Information">
      <text>Process 133 / 222 ('D:\DATA\DE\Input SmartScan\original\499817_f2e4121a-dee4-4611-84a8-ab8d8_20190409_111946.xml') </text>
    </message>
    <message time="2019-04-09T12:10:07+2" type="Information">
      <text>Process 134 / 222 ('D:\DATA\DE\Input SmartScan\original\502337_cf5d25ca-9f2d-47e0-8d13-7ae21_20190409_102409.xml') </text>
    </message>
    <message time="2019-04-09T12:10:07+2" type="Information">
      <text>Process 135 / 222 ('D:\DATA\DE\Input SmartScan\original\502823_26505C46-C4E3-47B3-8DE6-75BC0F_20190409_081320.xml') </text>
    </message>
    <message time="2019-04-09T12:10:07+2" type="Information">
      <text>Process 136 / 222 ('D:\DATA\DE\Input SmartScan\original\502863_4e0e98d7-a398-4f1f-94ab-e37a3_20190409_090458.xml') </text>
    </message>
    <message time="2019-04-09T12:10:07+2" type="Information">
      <text>Process 137 / 222 ('D:\DATA\DE\Input SmartScan\original\502920_2cb46f5a-5a91-4f33-b6fd-bdbf5_20190409_115529.xml') </text>
    </message>
    <message time="2019-04-09T12:10:07+2" type="Information">
      <text>Process 138 / 222 ('D:\DATA\DE\Input SmartScan\original\503096_38464e08-94a5-4260-854d-3b9b0_20190409_110201.xml') </text>
    </message>
    <message time="2019-04-09T12:10:07+2" type="Information">
      <text>Process 139 / 222 ('D:\DATA\DE\Input SmartScan\original\503157_74b05db2-2022-4932-b65d-d2666_20190409_113107.xml') </text>
    </message>
    <message time="2019-04-09T12:10:07+2" type="Information">
      <text>Process 140 / 222 ('D:\DATA\DE\Input SmartScan\original\503438_2C5B2046-F72D-45F5-A916-86915E_20190409_095301.xml') </text>
    </message>
    <message time="2019-04-09T12:10:07+2" type="Information">
      <text>Process 141 / 222 ('D:\DATA\DE\Input SmartScan\original\503438_2C5B2046-F72D-45F5-A916-86915E_20190409_095342.xml') </text>
    </message>
    <message time="2019-04-09T12:10:07+2" type="Information">
      <text>Process 142 / 222 ('D:\DATA\DE\Input SmartScan\original\503438_2C5B2046-F72D-45F5-A916-86915E_20190409_095419.xml') </text>
    </message>
    <message time="2019-04-09T12:10:07+2" type="Information">
      <text>Process 143 / 222 ('D:\DATA\DE\Input SmartScan\original\503438_2C5B2046-F72D-45F5-A916-86915E_20190409_095525.xml') </text>
    </message>
    <message time="2019-04-09T12:10:07+2" type="Information">
      <text>Process 144 / 222 ('D:\DATA\DE\Input SmartScan\original\580385_9DB5B5D8-1117-412A-A567-AD3514_20190409_105134.xml') </text>
    </message>
    <message time="2019-04-09T12:10:08+2" type="Information">
      <text>Process 145 / 222 ('D:\DATA\DE\Input SmartScan\original\584288_4F8736B1-E9EE-4CE8-9BE1-0841E7_20190409_110841.xml') </text>
    </message>
    <message time="2019-04-09T12:10:08+2" type="Information">
      <text>Process 146 / 222 ('D:\DATA\DE\Input SmartScan\original\584342_3cd96398-d3ae-4b9f-9b2c-b4f26_20190409_094114.xml') </text>
    </message>
    <message time="2019-04-09T12:10:08+2" type="Information">
      <text>Process 147 / 222 ('D:\DATA\DE\Input SmartScan\original\585034_b03a4f0c-6397-4955-9bca-3ee92_20190409_113029.xml') </text>
    </message>
    <message time="2019-04-09T12:10:08+2" type="Information">
      <text>Process 148 / 222 ('D:\DATA\DE\Input SmartScan\original\585224_1d57ab81-2fb7-44d6-b80d-41e85_20190409_090609.xml') </text>
    </message>
    <message time="2019-04-09T12:10:08+2" type="Information">
      <text>Process 149 / 222 ('D:\DATA\DE\Input SmartScan\original\586587_6954d502-df06-4311-9728-5ee0a_20190409_104617.xml') </text>
    </message>
    <message time="2019-04-09T12:10:09+2" type="Information">
      <text>Process 150 / 222 ('D:\DATA\DE\Input SmartScan\original\664374_3e545931-93a7-45d5-aa32-27292_20190409_103849.xml') </text>
    </message>
    <message time="2019-04-09T12:10:09+2" type="Information">
      <text>Process 151 / 222 ('D:\DATA\DE\Input SmartScan\original\664374_3e545931-93a7-45d5-aa32-27292_20190409_105039.xml') </text>
    </message>
    <message time="2019-04-09T12:10:09+2" type="Information">
      <text>Process 152 / 222 ('D:\DATA\DE\Input SmartScan\original\669596_e691df72-08fb-49dc-8ffb-d5178_20190409_110905.xml') </text>
    </message>
    <message time="2019-04-09T12:10:09+2" type="Information">
      <text>Process 153 / 222 ('D:\DATA\DE\Input SmartScan\original\805588_ccd3111a-f95e-4c3c-b1f9-9888f_20190409_103258.xml') </text>
    </message>
    <message time="2019-04-09T12:10:09+2" type="Information">
      <text>Process 154 / 222 ('D:\DATA\DE\Input SmartScan\original\805902_9ead76db-8328-4c5f-877d-2c91f_20190409_111833.xml') </text>
    </message>
    <message time="2019-04-09T12:10:09+2" type="Information">
      <text>Process 155 / 222 ('D:\DATA\DE\Input SmartScan\original\806201_636651FF-4C80-4ED4-B9EE-72B3AC_20190409_114320.xml') </text>
    </message>
    <message time="2019-04-09T12:10:09+2" type="Information">
      <text>Process 156 / 222 ('D:\DATA\DE\Input SmartScan\original\808009_450f4bba-16e9-4e33-9067-fdd9f_20190409_114048.xml') </text>
    </message>
    <message time="2019-04-09T12:10:10+2" type="Information">
      <text>Process 157 / 222 ('D:\DATA\DE\Input SmartScan\original\808009_450f4bba-16e9-4e33-9067-fdd9f_20190409_114437.xml') </text>
    </message>
    <message time="2019-04-09T12:10:10+2" type="Information">
      <text>Process 158 / 222 ('D:\DATA\DE\Input SmartScan\original\809165_6087E77E-6DAE-4FBA-91F3-8FD9B5_20190409_115052.xml') </text>
    </message>
    <message time="2019-04-09T12:10:10+2" type="Information">
      <text>Process 159 / 222 ('D:\DATA\DE\Input SmartScan\original\816723_5f5d5c28-d4ae-474b-a18d-52ce6_20190409_110958.xml') </text>
    </message>
    <message time="2019-04-09T12:10:10+2" type="Information">
      <text>Process 160 / 222 ('D:\DATA\DE\Input SmartScan\original\860943_dea94824-3f79-44da-ba67-ea9c8_20190409_110326.xml') </text>
    </message>
    <message time="2019-04-09T12:10:10+2" type="Information">
      <text>Process 161 / 222 ('D:\DATA\DE\Input SmartScan\original\861335_92D3B2F1-8BDC-452A-BDF9-EC3004_20190409_111920.xml') </text>
    </message>
    <message time="2019-04-09T12:10:10+2" type="Information">
      <text>Process 162 / 222 ('D:\DATA\DE\Input SmartScan\original\861335_92D3B2F1-8BDC-452A-BDF9-EC3004_20190409_112042.xml') </text>
    </message>
    <message time="2019-04-09T12:10:10+2" type="Information">
      <text>Process 163 / 222 ('D:\DATA\DE\Input SmartScan\original\869309_702535e9-309d-4367-8ed5-badff_20190409_080716.xml') </text>
    </message>
    <message time="2019-04-09T12:10:10+2" type="Information">
      <text>Process 164 / 222 ('D:\DATA\DE\Input SmartScan\original\869309_702535e9-309d-4367-8ed5-badff_20190409_103758.xml') </text>
    </message>
    <message time="2019-04-09T12:10:11+2" type="Information">
      <text>Process 165 / 222 ('D:\DATA\DE\Input SmartScan\original\880211_2079FA07-9A19-444E-B00C-0458AB_20190409_080631.xml') </text>
    </message>
    <message time="2019-04-09T12:10:11+2" type="Information">
      <text>Process 166 / 222 ('D:\DATA\DE\Input SmartScan\original\880211_2079FA07-9A19-444E-B00C-0458AB_20190409_080745.xml') </text>
    </message>
    <message time="2019-04-09T12:10:11+2" type="Information">
      <text>Process 167 / 222 ('D:\DATA\DE\Input SmartScan\original\895008_bae73c96-404f-4497-b684-ce946_20190409_095004.xml') </text>
    </message>
    <message time="2019-04-09T12:10:11+2" type="Information">
      <text>Process 168 / 222 ('D:\DATA\DE\Input SmartScan\original\964109_967f9683-4662-4d41-8c4d-f2007_20190409_114542.xml') </text>
    </message>
    <message time="2019-04-09T12:10:11+2" type="Information">
      <text>Process 169 / 222 ('D:\DATA\DE\Input SmartScan\original\964340_224384f3-b524-4fe7-ab9c-8f66e_20190409_110409.xml') </text>
    </message>
    <message time="2019-04-09T12:10:11+2" type="Information">
      <text>Process 170 / 222 ('D:\DATA\DE\Input SmartScan\original\964340_224384f3-b524-4fe7-ab9c-8f66e_20190409_110454.xml') </text>
    </message>
    <message time="2019-04-09T12:10:12+2" type="Information">
      <text>Process 171 / 222 ('D:\DATA\DE\Input SmartScan\original\964449_8208644d-61cd-4fe7-8061-77f5f_20190409_111007.xml') </text>
    </message>
    <message time="2019-04-09T12:10:12+2" type="Information">
      <text>Process 172 / 222 ('D:\DATA\DE\Input SmartScan\original\964449_8208644d-61cd-4fe7-8061-77f5f_20190409_111045.xml') </text>
    </message>
    <message time="2019-04-09T12:10:12+2" type="Information">
      <text>Process 173 / 222 ('D:\DATA\DE\Input SmartScan\original\964606_cba305ce-ffbc-49ce-9377-69412_20190409_110127.xml') </text>
    </message>
    <message time="2019-04-09T12:10:12+2" type="Information">
      <text>Process 174 / 222 ('D:\DATA\DE\Input SmartScan\original\964629_1032a71d-42b6-42e3-b472-c5931_20190409_114249.xml') </text>
    </message>
    <message time="2019-04-09T12:10:12+2" type="Information">
      <text>Process 175 / 222 ('D:\DATA\DE\Input SmartScan\original\965399_6b07ddf3-df24-49e0-bd6c-59fe0_20190409_113111.xml') </text>
    </message>
    <message time="2019-04-09T12:10:12+2" type="Information">
      <text>Process 176 / 222 ('D:\DATA\DE\Input SmartScan\original\968437_2c54a161-7615-45fe-a32f-0fb9a_20190409_094511.xml') </text>
    </message>
    <message time="2019-04-09T12:10:12+2" type="Information">
      <text>Process 177 / 222 ('D:\DATA\DE\Input SmartScan\original\968637_b51f36fa-ec1f-4587-b7e7-26948_20190409_112913.xml') </text>
    </message>
    <message time="2019-04-09T12:10:12+2" type="Information">
      <text>Process 178 / 222 ('D:\DATA\DE\Input SmartScan\original\968662_0B03FF71-652F-44B0-8A1D-52E054_20190409_090548.xml') </text>
    </message>
    <message time="2019-04-09T12:10:13+2" type="Information">
      <text>Process 179 / 222 ('D:\DATA\DE\Input SmartScan\original\969167_7D11F10E-95B6-4EB2-9C0A-470745_20190409_115558.xml') </text>
    </message>
    <message time="2019-04-09T12:10:13+2" type="Information">
      <text>Process 180 / 222 ('D:\DATA\DE\Input SmartScan\original\969185_478D525E-6BA6-43AA-89C8-9F2051_20190409_103850.xml') </text>
    </message>
    <message time="2019-04-09T12:10:13+2" type="Information">
      <text>Process 181 / 222 ('D:\DATA\DE\Input SmartScan\original\969185_478D525E-6BA6-43AA-89C8-9F2051_20190409_104222.xml') </text>
    </message>
    <message time="2019-04-09T12:10:13+2" type="Information">
      <text>Process 182 / 222 ('D:\DATA\DE\Input SmartScan\original\969185_478D525E-6BA6-43AA-89C8-9F2051_20190409_104409.xml') </text>
    </message>
    <message time="2019-04-09T12:10:13+2" type="Information">
      <text>Process 183 / 222 ('D:\DATA\DE\Input SmartScan\original\969986_AA0909F4-DE5C-4C82-9B5C-E0461E_20190409_113204.xml') </text>
    </message>
    <message time="2019-04-09T12:10:13+2" type="Information">
      <text>Process 184 / 222 ('D:\DATA\DE\Input SmartScan\original\970502_564D04E7-21C0-48DF-9466-1478C3_20190409_112810.xml') </text>
    </message>
    <message time="2019-04-09T12:10:13+2" type="Information">
      <text>Process 185 / 222 ('D:\DATA\DE\Input SmartScan\original\970824_FB1D03F7-D91B-4CBA-B82E-833D8D_20190409_102500.xml') </text>
    </message>
    <message time="2019-04-09T12:10:13+2" type="Information">
      <text>Process 186 / 222 ('D:\DATA\DE\Input SmartScan\original\970824_FB1D03F7-D91B-4CBA-B82E-833D8D_20190409_103638.xml') </text>
    </message>
    <message time="2019-04-09T12:10:14+2" type="Information">
      <text>Process 187 / 222 ('D:\DATA\DE\Input SmartScan\original\971025_723084b0-7045-4f75-aa0e-bccf9_20190409_092331.xml') </text>
    </message>
    <message time="2019-04-09T12:10:14+2" type="Information">
      <text>Process 188 / 222 ('D:\DATA\DE\Input SmartScan\original\971217_f342f24c-8d75-4fe7-82bb-6cc61_20190409_102235.xml') </text>
    </message>
    <message time="2019-04-09T12:10:14+2" type="Information">
      <text>Process 189 / 222 ('D:\DATA\DE\Input SmartScan\original\971663_5A18C918-97C4-4251-BD58-FC703E_20190409_090612.xml') </text>
    </message>
    <message time="2019-04-09T12:10:14+2" type="Information">
      <text>Process 190 / 222 ('D:\DATA\DE\Input SmartScan\original\972105_CB84AF73-1B73-4248-8A8B-039F4E_20190409_112452.xml') </text>
    </message>
    <message time="2019-04-09T12:10:14+2" type="Information">
      <text>Process 191 / 222 ('D:\DATA\DE\Input SmartScan\original\973269_66f10f4f-dd66-478f-b835-ceb52_20190409_105953.xml') </text>
    </message>
    <message time="2019-04-09T12:10:14+2" type="Information">
      <text>Process 192 / 222 ('D:\DATA\DE\Input SmartScan\original\973647_7c31655a-1fe3-4459-b7a5-0d88b_20190409_111424.xml') </text>
    </message>
    <message time="2019-04-09T12:10:14+2" type="Information">
      <text>Process 193 / 222 ('D:\DATA\DE\Input SmartScan\original\973939_a04a985d-b3db-4436-9c9e-aefab_20190409_103856.xml') </text>
    </message>
    <message time="2019-04-09T12:10:14+2" type="Information">
      <text>Process 194 / 222 ('D:\DATA\DE\Input SmartScan\original\973939_a04a985d-b3db-4436-9c9e-aefab_20190409_104347.xml') </text>
    </message>
    <message time="2019-04-09T12:10:14+2" type="Information">
      <text>Process 195 / 222 ('D:\DATA\DE\Input SmartScan\original\974038_4d7ba580-d109-401f-974b-e4a8f_20190409_105440.xml') </text>
    </message>
    <message time="2019-04-09T12:10:15+2" type="Information">
      <text>Process 196 / 222 ('D:\DATA\DE\Input SmartScan\original\974128_bc89c5f0-d6fa-417d-9ef7-6dc7a_20190409_095741.xml') </text>
    </message>
    <message time="2019-04-09T12:10:15+2" type="Information">
      <text>Process 197 / 222 ('D:\DATA\DE\Input SmartScan\original\974275_9484c2c3-601a-4aac-bf62-df686_20190409_101600.xml') </text>
    </message>
    <message time="2019-04-09T12:10:15+2" type="Information">
      <text>Process 198 / 222 ('D:\DATA\DE\Input SmartScan\original\974599_14c9fb99-6579-4743-8c05-81b96_20190409_115537.xml') </text>
    </message>
    <message time="2019-04-09T12:10:15+2" type="Information">
      <text>Process 199 / 222 ('D:\DATA\DE\Input SmartScan\original\974599_14c9fb99-6579-4743-8c05-81b96_20190409_115717.xml') </text>
    </message>
    <message time="2019-04-09T12:10:15+2" type="Information">
      <text>Process 200 / 222 ('D:\DATA\DE\Input SmartScan\original\974862_dfa2a204-2f66-4329-81d6-98f93_20190409_080641.xml') </text>
    </message>
    <message time="2019-04-09T12:10:15+2" type="Information">
      <text>Process 201 / 222 ('D:\DATA\DE\Input SmartScan\original\974873_1dad8f26-0b1b-42b5-ae00-7543f_20190409_101748.xml') </text>
    </message>
    <message time="2019-04-09T12:10:15+2" type="Information">
      <text>Process 202 / 222 ('D:\DATA\DE\Input SmartScan\original\974873_1dad8f26-0b1b-42b5-ae00-7543f_20190409_101818.xml') </text>
    </message>
    <message time="2019-04-09T12:10:15+2" type="Information">
      <text>Process 203 / 222 ('D:\DATA\DE\Input SmartScan\original\974873_1dad8f26-0b1b-42b5-ae00-7543f_20190409_101914.xml') </text>
    </message>
    <message time="2019-04-09T12:10:15+2" type="Information">
      <text>Process 204 / 222 ('D:\DATA\DE\Input SmartScan\original\974873_1dad8f26-0b1b-42b5-ae00-7543f_20190409_102108.xml') </text>
    </message>
    <message time="2019-04-09T12:10:15+2" type="Information">
      <text>Process 205 / 222 ('D:\DATA\DE\Input SmartScan\original\974989_81E6D3FF-BDF3-4A47-98F4-484FF0_20190409_080013.xml') </text>
    </message>
    <message time="2019-04-09T12:10:15+2" type="Information">
      <text>Process 206 / 222 ('D:\DATA\DE\Input SmartScan\original\976170_57287A95-6425-4877-B75F-AD581D_20190409_094128.xml') </text>
    </message>
    <message time="2019-04-09T12:10:15+2" type="Information">
      <text>Process 207 / 222 ('D:\DATA\DE\Input SmartScan\original\976170_57287A95-6425-4877-B75F-AD581D_20190409_094244.xml') </text>
    </message>
    <message time="2019-04-09T12:10:15+2" type="Information">
      <text>Process 208 / 222 ('D:\DATA\DE\Input SmartScan\original\976170_57287A95-6425-4877-B75F-AD581D_20190409_094520.xml') </text>
    </message>
    <message time="2019-04-09T12:10:16+2" type="Information">
      <text>Process 209 / 222 ('D:\DATA\DE\Input SmartScan\original\976170_57287A95-6425-4877-B75F-AD581D_20190409_094714.xml') </text>
    </message>
    <message time="2019-04-09T12:10:16+2" type="Information">
      <text>Process 210 / 222 ('D:\DATA\DE\Input SmartScan\original\976673_b5cc9bbe-3561-4d3b-a42c-73915_20190409_115031.xml') </text>
    </message>
    <message time="2019-04-09T12:10:16+2" type="Information">
      <text>Process 211 / 222 ('D:\DATA\DE\Input SmartScan\original\976762_cbd1bf7f-0ffb-4ed7-994e-40ba6_20190409_103447.xml') </text>
    </message>
    <message time="2019-04-09T12:10:16+2" type="Information">
      <text>Process 212 / 222 ('D:\DATA\DE\Input SmartScan\original\976843_95e97146-e939-4317-a19b-51334_20190409_084034.xml') </text>
    </message>
    <message time="2019-04-09T12:10:16+2" type="Information">
      <text>Process 213 / 222 ('D:\DATA\DE\Input SmartScan\original\977738_87165330-c91b-4b81-b001-7ac1b_20190409_114614.xml') </text>
    </message>
    <message time="2019-04-09T12:10:16+2" type="Information">
      <text>Process 214 / 222 ('D:\DATA\DE\Input SmartScan\original\978093_275846d3-5a2a-4694-8dff-164b2_20190409_105224.xml') </text>
    </message>
    <message time="2019-04-09T12:10:16+2" type="Information">
      <text>Process 215 / 222 ('D:\DATA\DE\Input SmartScan\original\978093_275846d3-5a2a-4694-8dff-164b2_20190409_105402.xml') </text>
    </message>
    <message time="2019-04-09T12:10:16+2" type="Information">
      <text>Process 216 / 222 ('D:\DATA\DE\Input SmartScan\original\978296_778f371e-6b1b-4cbc-b2be-1f3c2_20190409_104759.xml') </text>
    </message>
    <message time="2019-04-09T12:10:17+2" type="Information">
      <text>Process 217 / 222 ('D:\DATA\DE\Input SmartScan\original\979034_48cd0bcb-5d42-4ae0-90de-c556c_20190409_102939.xml') </text>
    </message>
    <message time="2019-04-09T12:10:17+2" type="Information">
      <text>Process 218 / 222 ('D:\DATA\DE\Input SmartScan\original\979034_48cd0bcb-5d42-4ae0-90de-c556c_20190409_103055.xml') </text>
    </message>
    <message time="2019-04-09T12:10:17+2" type="Information">
      <text>Process 219 / 222 ('D:\DATA\DE\Input SmartScan\original\979034_48cd0bcb-5d42-4ae0-90de-c556c_20190409_105409.xml') </text>
    </message>
    <message time="2019-04-09T12:10:17+2" type="Information">
      <text>Process 220 / 222 ('D:\DATA\DE\Input SmartScan\original\979589_00a7095a-57e4-4703-82eb-627dc_20190409_084553.xml') </text>
    </message>
    <message time="2019-04-09T12:10:17+2" type="Information">
      <text>Process 221 / 222 ('D:\DATA\DE\Input SmartScan\original\987492_6d3a7162-cbc3-44b9-9ba3-ffc62_20190409_102359.xml') </text>
    </message>
    <message time="2019-04-09T12:10:17+2" type="Information">
      <text>Process 222 / 222 ('D:\DATA\DE\Input SmartScan\original\987492_6d3a7162-cbc3-44b9-9ba3-ffc62_20190409_102507.xml') </text>
    </message>
    <message time="2019-04-09T12:10:17+2" type="Information">
      <text>Writing ARaMIS-File 'D:\DATA\DE\ARaMIS File\SmartScan_20190409_120951_export.aramis' </text>
    </message>
    <message time="2019-04-09T12:10:18+2" type="Information">
      <text>Writing ReturnCode-File 'D:\DATA\DE\ARaMIS File\SmartScan_20190409_120951_export.rc' </text>
    </message>
    <message time="2019-04-09T12:10:18+2" type="Information">
      <text>Input files will be copied to folder 'D:\DATA\DE\Original Data'. </text>
    </message>
  </messages>
  <statistics>
    <input_count>1879</input_count>
    <output_count>2096</output_count>
  </statistics>
  <summary>
    <warnings>215474</warnings>
    <errors>0</errors>
    <end>2019-04-09T12:10:19+2</end>
  </summary>
</protocol>