<?xml version="1.0" encoding="utf-8" standalone="yes"?>
<protocol name="Porthos protocol" time="2019-04-22T06:11:50+2" version="1.0" xmlns="http://www.gfk.com/2016/AtrProtocol/1.0">
  <general>
    <start>2019-04-22T06:11:50+2</start>
    <task>JOB 1</task>
    <dataflow>ScanPlus_RO_RC</dataflow>
    <application>Porthos</application>
    <version>2.3.003</version>
    <user>dce.PorthosAdmin.svc</user>
    <input_file>\\gfk.com\data\000215\scanplus_prod\h13_data\ro\xml\*.rcinfo</input_file>
    <output_file>D:\DATA\RO\ARaMIS File\ScanPlus_RO_RC_20190422_061150.aramis</output_file>
    <protocol_file>D:\DATA\RO\Protocol File\ScanPlus_RO_RC_20190422_061150.log</protocol_file>
    <error_file>D:\DATA\RO\Error File\ScanPlus_RO_RC_20190422_061150.error</error_file>
  </general>
  <messages>
    <message time="2019-04-22T06:11:50+2" type="Information">
      <text>8 file(s) ready for processing. </text>
    </message>
    <message time="2019-04-22T06:11:50+2" type="Information">
      <text>Process 1 / 8 ('\\gfk.com\data\000215\scanplus_prod\h13_data\ro\xml\20190421_230201.rcinfo') </text>
    </message>
    <message time="2019-04-22T06:11:50+2" type="Information">
      <text>Process 2 / 8 ('\\gfk.com\data\000215\scanplus_prod\h13_data\ro\xml\20190421_090458.rcinfo') </text>
    </message>
    <message time="2019-04-22T06:11:50+2" type="Information">
      <text>Process 3 / 8 ('\\gfk.com\data\000215\scanplus_prod\h13_data\ro\xml\20190421_230149.rcinfo') </text>
    </message>
    <message time="2019-04-22T06:11:50+2" type="Information">
      <text>Process 4 / 8 ('\\gfk.com\data\000215\scanplus_prod\h13_data\ro\xml\20190421_090504.rcinfo') </text>
    </message>
    <message time="2019-04-22T06:11:50+2" type="Information">
      <text>Process 5 / 8 ('\\gfk.com\data\000215\scanplus_prod\h13_data\ro\xml\20190421_190335.rcinfo') </text>
    </message>
    <message time="2019-04-22T06:11:50+2" type="Information">
      <text>Process 6 / 8 ('\\gfk.com\data\000215\scanplus_prod\h13_data\ro\xml\20190421_150215.rcinfo') </text>
    </message>
    <message time="2019-04-22T06:11:50+2" type="Information">
      <text>Process 7 / 8 ('\\gfk.com\data\000215\scanplus_prod\h13_data\ro\xml\20190421_150105.rcinfo') </text>
    </message>
    <message time="2019-04-22T06:11:50+2" type="Information">
      <text>Process 8 / 8 ('\\gfk.com\data\000215\scanplus_prod\h13_data\ro\xml\20190421_190255.rcinfo') </text>
    </message>
    <message time="2019-04-22T06:11:50+2" type="Information">
      <text>Grouping Result: 3860 Purchase Acts were joined to 0 Purchase Acts. </text>
    </message>
    <message time="2019-04-22T06:11:50+2" type="Information">
      <text>Skipping Result: 0 of 0 Purchase Acts were skipped due to their redundant occurrence (now 0 Purchase Acts). </text>
    </message>
    <message time="2019-04-22T06:11:51+2" type="Information">
      <text>Writing ARaMIS-File 'D:\DATA\RO\ARaMIS File\ScanPlus_RO_RC_20190422_061150.aramis' </text>
    </message>
    <message time="2019-04-22T06:11:51+2" type="Warning">
      <text>There are no Purchase Acts to write. ARaMIS-file will not be created. </text>
    </message>
    <message time="2019-04-22T06:11:51+2" type="Information">
      <text>Writing ReturnCode-File 'D:\DATA\RO\ARaMIS File\ScanPlus_RO_RC_20190422_061150.rc' </text>
    </message>
    <message time="2019-04-22T06:11:51+2" type="Information">
      <text>Input files will be moved to folder 'D:\DATA\RO\Original Data'. </text>
    </message>
  </messages>
  <statistics>
    <input_count>3860</input_count>
    <output_count>0</output_count>
  </statistics>
  <summary>
    <warnings>1</warnings>
    <errors>0</errors>
    <end>2019-04-22T06:11:51+2</end>
  </summary>
</protocol>